{"timestamp":"2025-03-17T15:19:10.327Z","logLevel":"info","context":"general","message":"Browsertrix-Crawler 1.5.8 (with warcio.js 2.4.3)","details":{}}
{"timestamp":"2025-03-17T15:19:10.328Z","logLevel":"info","context":"general","message":"Seeds","details":[{"url":"https://www.adn.com/section/alaska-news/science/","scopeType":"prefix","include":["/^https?:\\/\\/www\\.adn\\.com\\/section\\/alaska\\-news\\/science\\//"],"exclude":[],"allowHash":false,"depth":-1,"sitemap":null,"auth":null,"_authEncoded":null,"maxExtraHops":0,"maxDepth":1000000}]}
{"timestamp":"2025-03-17T15:19:10.328Z","logLevel":"info","context":"general","message":"Link Selectors","details":[{"selector":"a[href]","extract":"href","isAttribute":false}]}
{"timestamp":"2025-03-17T15:19:10.328Z","logLevel":"info","context":"general","message":"Behavior Options","details":{"message":"{\"autoplay\":true,\"autofetch\":true,\"autoscroll\":true,\"siteSpecific\":true,\"log\":\"__bx_log\",\"startEarly\":true,\"clickSelector\":\"a\"}"}}
{"timestamp":"2025-03-17T15:19:10.604Z","logLevel":"info","context":"worker","message":"Creating 1 workers","details":{}}
{"timestamp":"2025-03-17T15:19:10.604Z","logLevel":"info","context":"worker","message":"Worker starting","details":{"workerid":0}}
{"timestamp":"2025-03-17T15:19:10.668Z","logLevel":"info","context":"worker","message":"Starting page","details":{"workerid":0,"page":"https://www.adn.com/section/alaska-news/science/"}}
{"timestamp":"2025-03-17T15:19:10.668Z","logLevel":"info","context":"crawlStatus","message":"Crawl statistics","details":{"crawled":0,"total":1,"pending":1,"failed":0,"limit":{"max":0,"hit":false},"pendingPages":["{\"seedId\":0,\"started\":\"2025-03-17T15:19:10.606Z\",\"extraHops\":0,\"url\":\"https:\\/\\/www.adn.com\\/section\\/alaska-news\\/science\\/\",\"added\":\"2025-03-17T15:19:10.389Z\",\"depth\":0}"]}}
{"timestamp":"2025-03-17T15:19:10.789Z","logLevel":"info","context":"general","message":"Awaiting page load","details":{"page":"https://www.adn.com/section/alaska-news/science/","workerid":0}}
{"timestamp":"2025-03-17T15:19:10.870Z","logLevel":"warn","context":"recorder","message":"Skipping URL from unknown frame","details":{"url":"https://www.adn.com/section/alaska-news/science/","frameId":"2F04217D38A566AF4233868B1CCB734E"}}
{"timestamp":"2025-03-17T15:19:11.497Z","logLevel":"warn","context":"recorder","message":"Skipping URL from unknown frame","details":{"url":"https://i.liadm.com/s/c/a-08vw?duid=93c1eb36d98c--01jpjazyrwa3x1348y2zbvdrdd&euns=0&s=&version=v3.9.0&cd=.adn.com&pv=cfb7e549-59fd-4162-bded-f13e13d49edf","frameId":"1CEB35DF599F3E19B8C1A8330FB1D8A1"}}
{"timestamp":"2025-03-17T15:19:12.308Z","logLevel":"warn","context":"recorder","message":"Skipping URL from unknown frame","details":{"url":"https://lpcdn.lpsnmedia.net/le_secure_storage/3.32.3-release_1655932912/storage.secure.min.html?loc=https%3A%2F%2Fwww.adn.com&site=75052514&env=prod&isCrossDomain=true&accdn=accdn.lpsnmedia.net","frameId":"2CBA19BE5A9E0E259AD60246E03A3645"}}
{"timestamp":"2025-03-17T15:19:12.432Z","logLevel":"warn","context":"recorder","message":"Skipping URL from unknown frame","details":{"url":"https://gum.criteo.com/syncframe?origin=publishertagids&topUrl=www.adn.com&gdpr=0&gdpr_consent=","frameId":"5F95EC53B1B16A470BD1EAB83B5D2D12"}}
{"timestamp":"2025-03-17T15:19:13.232Z","logLevel":"warn","context":"recorder","message":"Skipping URL from unknown frame","details":{"url":"https://insight.adsrvr.org/track/up?adv=eac6kka&ref=https%3A%2F%2Fwww.adn.com%2Fsection%2Falaska-news%2Fscience%2F&upid=adbg0ia&upv=1.1.0&gdpr=0&gdpr_consent=undefined","frameId":"249CBDC971790D9CE38416C1F076FCC4"}}
{"timestamp":"2025-03-17T15:19:13.509Z","logLevel":"warn","context":"recorder","message":"Skipping URL from unknown frame","details":{"url":"https://va.idp.liveperson.net/postmessage/postmessage.min.html?bust=1742224753404&loc=https%3A%2F%2Fwww.adn.com","frameId":"E1EB6AD8C20192890180A32AFC0A422A"}}
{"timestamp":"2025-03-17T15:19:13.511Z","logLevel":"warn","context":"recorder","message":"Skipping URL from unknown frame","details":{"url":"https://dpm.demdex.net/ibs:dpid=903&dpuuid=6efa4a8c-1409-4252-9198-4bf49a0b7bbf&gdpr=0&gdpr_consent=&redir=https%3A%2F%2Fmatch.adsrvr.org%2Ftrack%2Fcmf%2Fgeneric%3Fttd_pid%3Daam","frameId":"4798DAA7D0142CB63E406DB0F1B6533F"}}
{"timestamp":"2025-03-17T15:19:13.570Z","logLevel":"warn","context":"recorder","message":"Skipping URL from unknown frame","details":{"url":"https://cm.g.doubleclick.net/pixel?google_nid=TheTradeDesk&google_cm&google_sc&google_hm=NmVmYTRhOGMtMTQwOS00MjUyLTkxOTgtNGJmNDlhMGI3YmJm&gdpr=0&gdpr_consent=&ttd_tdid=6efa4a8c-1409-4252-9198-4bf49a0b7bbf","frameId":"5ABE61CEB17074624F4D5E0319BE03E4"}}
{"timestamp":"2025-03-17T15:19:13.578Z","logLevel":"warn","context":"recorder","message":"Skipping URL from unknown frame","details":{"url":"https://match.adsrvr.org/track/cmf/generic?ttd_pid=aam","frameId":"4798DAA7D0142CB63E406DB0F1B6533F"}}
{"timestamp":"2025-03-17T15:19:13.621Z","logLevel":"warn","context":"recorder","message":"Skipping URL from unknown frame","details":{"url":"https://pixel.rubiconproject.com/tap.php?v=8981&nid=2307&put=6efa4a8c-1409-4252-9198-4bf49a0b7bbf&gdpr=0&gdpr_consent=&expires=30&next=https%3A%2F%2Fmatch.adsrvr.org%2Ftrack%2Fcmf%2Frubicon","frameId":"1D4DD3B135550AB85E89A647149E1ED8"}}
{"timestamp":"2025-03-17T15:19:13.725Z","logLevel":"warn","context":"recorder","message":"Skipping URL from unknown frame","details":{"url":"https://match.adsrvr.org/track/cmf/rubicon?gdpr=0","frameId":"1D4DD3B135550AB85E89A647149E1ED8"}}
{"timestamp":"2025-03-17T15:19:15.468Z","logLevel":"warn","context":"general","message":"Invalid Page - URL must start with http:// or https://","details":{"url":"javascript:void(0)","page":"https://www.adn.com/section/alaska-news/science/","workerid":0}}
{"timestamp":"2025-03-17T15:19:15.515Z","logLevel":"info","context":"behavior","message":"Running behaviors","details":{"frames":4,"frameUrls":["https://www.adn.com/section/alaska-news/science/","https://lpcdn.lpsnmedia.net/le_secure_storage/3.32.3-release_1655932912/storage.secure.min.html?loc=https%3A%2F%2Fwww.adn.com&site=75052514&env=prod&isCrossDomain=true&accdn=accdn.lpsnmedia.net","https://va.idp.liveperson.net/postmessage/postmessage.min.html?bust=1742224753404&loc=https%3A%2F%2Fwww.adn.com","chrome-error://chromewebdata/"],"page":"https://www.adn.com/section/alaska-news/science/","workerid":0}}
{"timestamp":"2025-03-17T15:19:15.515Z","logLevel":"info","context":"behavior","message":"Run Script Started","details":{"frameUrl":"https://www.adn.com/section/alaska-news/science/","page":"https://www.adn.com/section/alaska-news/science/","workerid":0}}
{"timestamp":"2025-03-17T15:19:15.515Z","logLevel":"info","context":"behavior","message":"Run Script Started","details":{"frameUrl":"https://lpcdn.lpsnmedia.net/le_secure_storage/3.32.3-release_1655932912/storage.secure.min.html?loc=https%3A%2F%2Fwww.adn.com&site=75052514&env=prod&isCrossDomain=true&accdn=accdn.lpsnmedia.net","page":"https://www.adn.com/section/alaska-news/science/","workerid":0}}
{"timestamp":"2025-03-17T15:19:15.515Z","logLevel":"info","context":"behavior","message":"Run Script Started","details":{"frameUrl":"https://va.idp.liveperson.net/postmessage/postmessage.min.html?bust=1742224753404&loc=https%3A%2F%2Fwww.adn.com","page":"https://www.adn.com/section/alaska-news/science/","workerid":0}}
{"timestamp":"2025-03-17T15:19:15.515Z","logLevel":"info","context":"behavior","message":"Run Script Started","details":{"frameUrl":"chrome-error://chromewebdata/","page":"https://www.adn.com/section/alaska-news/science/","workerid":0}}
{"timestamp":"2025-03-17T15:19:15.529Z","logLevel":"info","context":"behaviorScript","message":"Behavior log","details":{"state":{"segments":1},"msg":"Skipping autoscroll, page seems to not be responsive to scrolling events","page":"https://www.adn.com/section/alaska-news/science/","workerid":0}}
{"timestamp":"2025-03-17T15:19:15.529Z","logLevel":"info","context":"behaviorScript","message":"Behavior log","details":{"state":{"segments":1},"msg":"done!","page":"https://www.adn.com/section/alaska-news/science/","workerid":0}}
{"timestamp":"2025-03-17T15:19:15.534Z","logLevel":"info","context":"behaviorScript","message":"Behavior log","details":{"state":{"segments":1},"msg":"Skipping autoscroll, page seems to not be responsive to scrolling events","page":"https://www.adn.com/section/alaska-news/science/","workerid":0}}
{"timestamp":"2025-03-17T15:19:15.534Z","logLevel":"info","context":"behaviorScript","message":"Behavior log","details":{"state":{"segments":1},"msg":"done!","page":"https://www.adn.com/section/alaska-news/science/","workerid":0}}
{"timestamp":"2025-03-17T15:19:15.535Z","logLevel":"info","context":"behaviorScript","message":"Behavior log","details":{"state":{"segments":1},"msg":"Skipping autoscroll, page seems to not be responsive to scrolling events","page":"https://www.adn.com/section/alaska-news/science/","workerid":0}}
{"timestamp":"2025-03-17T15:19:15.535Z","logLevel":"info","context":"behaviorScript","message":"Behavior log","details":{"state":{"segments":1},"msg":"done!","page":"https://www.adn.com/section/alaska-news/science/","workerid":0}}
{"timestamp":"2025-03-17T15:19:15.605Z","logLevel":"info","context":"behaviorScript","message":"Behavior log","details":{"state":{"segments":1},"msg":"Scrolling down by 30 pixels every 0.075 seconds","page":"https://www.adn.com/section/alaska-news/science/","workerid":0}}
{"timestamp":"2025-03-17T15:19:16.029Z","logLevel":"info","context":"behavior","message":"Run Script Finished","details":{"frameUrl":"https://lpcdn.lpsnmedia.net/le_secure_storage/3.32.3-release_1655932912/storage.secure.min.html?loc=https%3A%2F%2Fwww.adn.com&site=75052514&env=prod&isCrossDomain=true&accdn=accdn.lpsnmedia.net","page":"https://www.adn.com/section/alaska-news/science/","workerid":0}}
{"timestamp":"2025-03-17T15:19:16.034Z","logLevel":"info","context":"behavior","message":"Run Script Finished","details":{"frameUrl":"https://va.idp.liveperson.net/postmessage/postmessage.min.html?bust=1742224753404&loc=https%3A%2F%2Fwww.adn.com","page":"https://www.adn.com/section/alaska-news/science/","workerid":0}}
{"timestamp":"2025-03-17T15:19:16.035Z","logLevel":"info","context":"behavior","message":"Run Script Finished","details":{"frameUrl":"chrome-error://chromewebdata/","page":"https://www.adn.com/section/alaska-news/science/","workerid":0}}
{"timestamp":"2025-03-17T15:19:16.653Z","logLevel":"warn","context":"recorder","message":"Skipping URL from unknown frame","details":{"url":"https://exchange.ops.co/sync.html?plIDs=10250016","frameId":"281B6C6EF36643A6C4977EFFA18B1363"}}
{"timestamp":"2025-03-17T15:19:20.542Z","logLevel":"info","context":"behaviorScript","message":"Behavior log","details":{"state":{"segments":1},"msg":"Clicking 'Show More', awaiting more content","page":"https://www.adn.com/section/alaska-news/science/","workerid":0}}
{"timestamp":"2025-03-17T15:19:20.839Z","logLevel":"info","context":"behaviorScript","message":"Behavior log","details":{"state":{"segments":1},"msg":"Scrolling down by 30 pixels every 0.075 seconds","page":"https://www.adn.com/section/alaska-news/science/","workerid":0}}
{"timestamp":"2025-03-17T15:19:24.237Z","logLevel":"info","context":"behaviorScript","message":"Behavior log","details":{"state":{"segments":2},"msg":"Clicking 'Show More', awaiting more content","page":"https://www.adn.com/section/alaska-news/science/","workerid":0}}
{"timestamp":"2025-03-17T15:19:27.925Z","logLevel":"info","context":"behaviorScript","message":"Behavior log","details":{"state":{"segments":3},"msg":"Clicking 'Show More', awaiting more content","page":"https://www.adn.com/section/alaska-news/science/","workerid":0}}
{"timestamp":"2025-03-17T15:19:31.641Z","logLevel":"info","context":"behaviorScript","message":"Behavior log","details":{"state":{"segments":5},"msg":"Clicking 'Show More', awaiting more content","page":"https://www.adn.com/section/alaska-news/science/","workerid":0}}
{"timestamp":"2025-03-17T15:19:35.339Z","logLevel":"info","context":"behaviorScript","message":"Behavior log","details":{"state":{"segments":7},"msg":"Clicking 'Show More', awaiting more content","page":"https://www.adn.com/section/alaska-news/science/","workerid":0}}
{"timestamp":"2025-03-17T15:19:39.072Z","logLevel":"info","context":"behaviorScript","message":"Behavior log","details":{"state":{"segments":8},"msg":"Clicking 'Show More', awaiting more content","page":"https://www.adn.com/section/alaska-news/science/","workerid":0}}
{"timestamp":"2025-03-17T15:19:42.774Z","logLevel":"info","context":"behaviorScript","message":"Behavior log","details":{"state":{"segments":10},"msg":"Clicking 'Show More', awaiting more content","page":"https://www.adn.com/section/alaska-news/science/","workerid":0}}
{"timestamp":"2025-03-17T15:19:46.501Z","logLevel":"info","context":"behaviorScript","message":"Behavior log","details":{"state":{"segments":11},"msg":"Clicking 'Show More', awaiting more content","page":"https://www.adn.com/section/alaska-news/science/","workerid":0}}
{"timestamp":"2025-03-17T15:19:50.201Z","logLevel":"info","context":"behaviorScript","message":"Behavior log","details":{"state":{"segments":13},"msg":"Clicking 'Show More', awaiting more content","page":"https://www.adn.com/section/alaska-news/science/","workerid":0}}
