{"timestamp":"2025-03-16T00:30:12.210Z","logLevel":"info","context":"general","message":"Browsertrix-Crawler 1.5.8 (with warcio.js 2.4.3)","details":{}}
{"timestamp":"2025-03-16T00:30:12.210Z","logLevel":"info","context":"general","message":"Seeds","details":[{"url":"http://www.adn.com/","scopeType":"prefix","include":["/^https?:\\/\\/www\\.adn\\.com\\//"],"exclude":[],"allowHash":false,"depth":-1,"sitemap":null,"auth":null,"_authEncoded":null,"maxExtraHops":0,"maxDepth":1000000}]}
{"timestamp":"2025-03-16T00:30:12.210Z","logLevel":"info","context":"general","message":"Link Selectors","details":[{"selector":"a[href]","extract":"href","isAttribute":false}]}
{"timestamp":"2025-03-16T00:30:12.211Z","logLevel":"info","context":"general","message":"Behavior Options","details":{"message":"{\"autoplay\":true,\"autofetch\":true,\"autoscroll\":true,\"siteSpecific\":true,\"log\":\"__bx_log\",\"startEarly\":true,\"clickSelector\":\"a\"}"}}
{"timestamp":"2025-03-16T00:30:12.804Z","logLevel":"info","context":"worker","message":"Creating 1 workers","details":{}}
{"timestamp":"2025-03-16T00:30:12.805Z","logLevel":"info","context":"worker","message":"Worker starting","details":{"workerid":0}}
{"timestamp":"2025-03-16T00:30:12.870Z","logLevel":"info","context":"worker","message":"Starting page","details":{"workerid":0,"page":"http://www.adn.com/"}}
{"timestamp":"2025-03-16T00:30:12.871Z","logLevel":"info","context":"crawlStatus","message":"Crawl statistics","details":{"crawled":0,"total":1,"pending":1,"failed":0,"limit":{"max":0,"hit":false},"pendingPages":["{\"seedId\":0,\"started\":\"2025-03-16T00:30:12.806Z\",\"extraHops\":0,\"url\":\"http:\\/\\/www.adn.com\\/\",\"added\":\"2025-03-16T00:30:12.490Z\",\"depth\":0}"]}}
{"timestamp":"2025-03-16T00:30:12.968Z","logLevel":"info","context":"general","message":"Awaiting page load","details":{"page":"http://www.adn.com/","workerid":0}}
{"timestamp":"2025-03-16T00:30:13.022Z","logLevel":"warn","context":"recorder","message":"Skipping URL from unknown frame","details":{"url":"http://www.adn.com/","frameId":"4958CDE2C43617069657DCE72FFA766C"}}
{"timestamp":"2025-03-16T00:30:13.175Z","logLevel":"warn","context":"recorder","message":"Skipping URL from unknown frame","details":{"url":"https://www.adn.com/","frameId":"4958CDE2C43617069657DCE72FFA766C"}}
{"timestamp":"2025-03-16T00:30:14.232Z","logLevel":"warn","context":"recorder","message":"Skipping URL from unknown frame","details":{"url":"https://i.liadm.com/s/c/a-08vw?duid=93c1eb36d98c--01jpe5qg9wxy1zgsj05r9b68xf&euns=0&s=&version=v3.9.0&cd=.adn.com&pv=999f3971-cd3a-45ab-ad6f-08fa705c1f24","frameId":"AF43CA6CB900BEFAFF8CC0F7BA4869B7"}}
{"timestamp":"2025-03-16T00:30:15.356Z","logLevel":"warn","context":"recorder","message":"Skipping URL from unknown frame","details":{"url":"https://d223ab7f9705b96bf3549869bf99a217.safeframe.googlesyndication.com/safeframe/1-0-41/html/container.html","frameId":"8B7540912F7D2E6D28F58D4E07B899D5"}}
{"timestamp":"2025-03-16T00:30:15.631Z","logLevel":"warn","context":"recorder","message":"Skipping URL from unknown frame","details":{"url":"https://gum.criteo.com/syncframe?origin=publishertagids&topUrl=www.adn.com&gdpr=0&gdpr_consent=","frameId":"E36111C12349868BF22C154AF994D2A9"}}
{"timestamp":"2025-03-16T00:30:16.452Z","logLevel":"warn","context":"recorder","message":"Skipping URL from unknown frame","details":{"url":"https://va.idp.liveperson.net/postmessage/postmessage.min.html?bust=1742085016262&loc=https%3A%2F%2Fwww.adn.com","frameId":"742EF41708FCE6036D6C79A14C1101E4"}}
{"timestamp":"2025-03-16T00:30:17.134Z","logLevel":"info","context":"general","message":"Seed page redirected, adding redirected seed","details":{"origUrl":"http://www.adn.com/","newUrl":"https://www.adn.com/","seedId":1}}
{"timestamp":"2025-03-16T00:30:18.171Z","logLevel":"warn","context":"general","message":"Invalid Page - URL must start with http:// or https://","details":{"url":"javascript:void(0)","page":"http://www.adn.com/","workerid":0}}
{"timestamp":"2025-03-16T00:30:18.226Z","logLevel":"info","context":"behavior","message":"Running behaviors","details":{"frames":4,"frameUrls":["https://www.adn.com/","https://lpcdn.lpsnmedia.net/le_secure_storage/3.32.3-release_1655932912/storage.secure.min.html?loc=https%3A%2F%2Fwww.adn.com&site=75052514&env=prod&isCrossDomain=true&accdn=accdn.lpsnmedia.net","chrome-error://chromewebdata/","https://va.idp.liveperson.net/postmessage/postmessage.min.html?bust=1742085016262&loc=https%3A%2F%2Fwww.adn.com"],"page":"http://www.adn.com/","workerid":0}}
{"timestamp":"2025-03-16T00:30:18.226Z","logLevel":"info","context":"behavior","message":"Run Script Started","details":{"frameUrl":"https://www.adn.com/","page":"http://www.adn.com/","workerid":0}}
{"timestamp":"2025-03-16T00:30:18.226Z","logLevel":"info","context":"behavior","message":"Run Script Started","details":{"frameUrl":"https://lpcdn.lpsnmedia.net/le_secure_storage/3.32.3-release_1655932912/storage.secure.min.html?loc=https%3A%2F%2Fwww.adn.com&site=75052514&env=prod&isCrossDomain=true&accdn=accdn.lpsnmedia.net","page":"http://www.adn.com/","workerid":0}}
{"timestamp":"2025-03-16T00:30:18.226Z","logLevel":"info","context":"behavior","message":"Run Script Started","details":{"frameUrl":"chrome-error://chromewebdata/","page":"http://www.adn.com/","workerid":0}}
{"timestamp":"2025-03-16T00:30:18.226Z","logLevel":"info","context":"behavior","message":"Run Script Started","details":{"frameUrl":"https://va.idp.liveperson.net/postmessage/postmessage.min.html?bust=1742085016262&loc=https%3A%2F%2Fwww.adn.com","page":"http://www.adn.com/","workerid":0}}
{"timestamp":"2025-03-16T00:30:18.242Z","logLevel":"info","context":"behaviorScript","message":"Behavior log","details":{"state":{"segments":1},"msg":"Skipping autoscroll, page seems to not be responsive to scrolling events","page":"https://www.adn.com/","workerid":0}}
{"timestamp":"2025-03-16T00:30:18.242Z","logLevel":"info","context":"behaviorScript","message":"Behavior log","details":{"state":{"segments":1},"msg":"done!","page":"https://www.adn.com/","workerid":0}}
{"timestamp":"2025-03-16T00:30:18.244Z","logLevel":"info","context":"behaviorScript","message":"Behavior log","details":{"state":{"segments":1},"msg":"Skipping autoscroll, page seems to not be responsive to scrolling events","page":"https://www.adn.com/","workerid":0}}
{"timestamp":"2025-03-16T00:30:18.244Z","logLevel":"info","context":"behaviorScript","message":"Behavior log","details":{"state":{"segments":1},"msg":"done!","page":"https://www.adn.com/","workerid":0}}
{"timestamp":"2025-03-16T00:30:18.244Z","logLevel":"info","context":"behaviorScript","message":"Behavior log","details":{"state":{"segments":1},"msg":"Skipping autoscroll, page seems to not be responsive to scrolling events","page":"https://www.adn.com/","workerid":0}}
{"timestamp":"2025-03-16T00:30:18.244Z","logLevel":"info","context":"behaviorScript","message":"Behavior log","details":{"state":{"segments":1},"msg":"done!","page":"https://www.adn.com/","workerid":0}}
{"timestamp":"2025-03-16T00:30:18.317Z","logLevel":"info","context":"behaviorScript","message":"Behavior log","details":{"state":{"segments":1},"msg":"Scrolling down by 30 pixels every 0.075 seconds","page":"https://www.adn.com/","workerid":0}}
{"timestamp":"2025-03-16T00:30:18.743Z","logLevel":"info","context":"behavior","message":"Run Script Finished","details":{"frameUrl":"https://lpcdn.lpsnmedia.net/le_secure_storage/3.32.3-release_1655932912/storage.secure.min.html?loc=https%3A%2F%2Fwww.adn.com&site=75052514&env=prod&isCrossDomain=true&accdn=accdn.lpsnmedia.net","page":"http://www.adn.com/","workerid":0}}
{"timestamp":"2025-03-16T00:30:18.745Z","logLevel":"info","context":"behavior","message":"Run Script Finished","details":{"frameUrl":"chrome-error://chromewebdata/","page":"http://www.adn.com/","workerid":0}}
{"timestamp":"2025-03-16T00:30:18.746Z","logLevel":"info","context":"behavior","message":"Run Script Finished","details":{"frameUrl":"https://va.idp.liveperson.net/postmessage/postmessage.min.html?bust=1742085016262&loc=https%3A%2F%2Fwww.adn.com","page":"http://www.adn.com/","workerid":0}}
{"timestamp":"2025-03-16T00:30:19.341Z","logLevel":"warn","context":"recorder","message":"Skipping URL from unknown frame","details":{"url":"https://exchange.ops.co/sync.html?plIDs=10250012","frameId":"BDC4005BADBE6A476D0F64D19436B42D"}}
{"timestamp":"2025-03-16T00:30:38.236Z","logLevel":"info","context":"behaviorScript","message":"Behavior log","details":{"state":{"segments":5},"msg":"done!","page":"https://www.adn.com/","workerid":0}}
{"timestamp":"2025-03-16T00:30:38.237Z","logLevel":"info","context":"behavior","message":"Run Script Finished","details":{"frameUrl":"https://www.adn.com/","page":"http://www.adn.com/","workerid":0}}
{"timestamp":"2025-03-16T00:30:38.238Z","logLevel":"info","context":"behavior","message":"Behaviors finished","details":{"finished":4,"page":"http://www.adn.com/","workerid":0}}
{"timestamp":"2025-03-16T00:30:39.254Z","logLevel":"info","context":"pageStatus","message":"Page Finished","details":{"loadState":4,"page":"http://www.adn.com/","workerid":0}}
{"timestamp":"2025-03-16T00:30:39.270Z","logLevel":"info","context":"worker","message":"Starting page","details":{"workerid":0,"page":"https://www.adn.com/terms-of-use/"}}
{"timestamp":"2025-03-16T00:30:39.271Z","logLevel":"info","context":"crawlStatus","message":"Crawl statistics","details":{"crawled":1,"total":123,"pending":1,"failed":0,"limit":{"max":0,"hit":false},"pendingPages":["{\"seedId\":1,\"started\":\"2025-03-16T00:30:39.269Z\",\"extraHops\":0,\"url\":\"https:\\/\\/www.adn.com\\/terms-of-use\\/\",\"added\":\"2025-03-16T00:30:18.171Z\",\"depth\":1}"]}}
{"timestamp":"2025-03-16T00:30:40.089Z","logLevel":"info","context":"general","message":"Awaiting page load","details":{"page":"https://www.adn.com/terms-of-use/","workerid":0}}
{"timestamp":"2025-03-16T00:30:40.594Z","logLevel":"warn","context":"recorder","message":"Skipping URL from unknown frame","details":{"url":"https://lpcdn.lpsnmedia.net/le_secure_storage/3.32.3-release_1655932912/storage.secure.min.html?loc=https%3A%2F%2Fwww.adn.com&site=75052514&env=prod&isCrossDomain=true&accdn=accdn.lpsnmedia.net","frameId":"CF8C6338B1C32C26DF1EFDEADAB70260"}}
{"timestamp":"2025-03-16T00:30:40.912Z","logLevel":"info","context":"general","message":"SIGINT received...","details":{}}
{"timestamp":"2025-03-16T00:30:40.912Z","logLevel":"info","context":"general","message":"SIGNAL: interrupt request received...","details":{}}
{"timestamp":"2025-03-16T00:30:40.913Z","logLevel":"info","context":"general","message":"Crawler interrupted, gracefully finishing current pages","details":{}}
{"timestamp":"2025-03-16T00:30:41.148Z","logLevel":"info","context":"general","message":"SIGINT received...","details":{}}
{"timestamp":"2025-03-16T00:30:41.149Z","logLevel":"info","context":"general","message":"SIGNAL: stopping crawl now...","details":{}}
{"timestamp":"2025-03-16T00:30:41.254Z","logLevel":"info","context":"general","message":"Exiting, Crawl status: interrupted","details":{}}
