{"timestamp":"2025-03-15T23:30:05.751Z","logLevel":"info","context":"general","message":"Browsertrix-Crawler 1.5.8 (with warcio.js 2.4.3)","details":{}}
{"timestamp":"2025-03-15T23:30:05.752Z","logLevel":"info","context":"general","message":"Seeds","details":[{"url":"http://www.adn.com/","scopeType":"prefix","include":["/^https?:\\/\\/www\\.adn\\.com\\//"],"exclude":[],"allowHash":false,"depth":-1,"sitemap":null,"auth":null,"_authEncoded":null,"maxExtraHops":0,"maxDepth":1000000}]}
{"timestamp":"2025-03-15T23:30:05.752Z","logLevel":"info","context":"general","message":"Link Selectors","details":[{"selector":"a[href]","extract":"href","isAttribute":false}]}
{"timestamp":"2025-03-15T23:30:05.752Z","logLevel":"info","context":"general","message":"Behavior Options","details":{"message":"{\"autoplay\":true,\"autofetch\":true,\"autoscroll\":true,\"siteSpecific\":true,\"log\":\"__bx_log\",\"startEarly\":true,\"clickSelector\":\"a\"}"}}
{"timestamp":"2025-03-15T23:30:06.293Z","logLevel":"info","context":"worker","message":"Creating 1 workers","details":{}}
{"timestamp":"2025-03-15T23:30:06.294Z","logLevel":"info","context":"worker","message":"Worker starting","details":{"workerid":0}}
{"timestamp":"2025-03-15T23:30:06.364Z","logLevel":"info","context":"worker","message":"Starting page","details":{"workerid":0,"page":"http://www.adn.com/"}}
{"timestamp":"2025-03-15T23:30:06.365Z","logLevel":"info","context":"crawlStatus","message":"Crawl statistics","details":{"crawled":0,"total":1,"pending":1,"failed":0,"limit":{"max":0,"hit":false},"pendingPages":["{\"seedId\":0,\"started\":\"2025-03-15T23:30:06.295Z\",\"extraHops\":0,\"url\":\"http:\\/\\/www.adn.com\\/\",\"added\":\"2025-03-15T23:30:05.947Z\",\"depth\":0}"]}}
{"timestamp":"2025-03-15T23:30:06.441Z","logLevel":"info","context":"general","message":"Awaiting page load","details":{"page":"http://www.adn.com/","workerid":0}}
{"timestamp":"2025-03-15T23:30:06.506Z","logLevel":"warn","context":"recorder","message":"Skipping URL from unknown frame","details":{"url":"http://www.adn.com/","frameId":"5162818678256FA141B3BE7A35E1703C"}}
{"timestamp":"2025-03-15T23:30:06.651Z","logLevel":"warn","context":"recorder","message":"Skipping URL from unknown frame","details":{"url":"https://www.adn.com/","frameId":"5162818678256FA141B3BE7A35E1703C"}}
{"timestamp":"2025-03-15T23:30:07.535Z","logLevel":"warn","context":"recorder","message":"Skipping URL from unknown frame","details":{"url":"https://i.liadm.com/s/c/a-08vw?duid=93c1eb36d98c--01jpe29e527m84xd7e2z0sq8bf&euns=0&s=&version=v3.9.0&cd=.adn.com&pv=5e3dba6c-091f-4bf4-a547-bd653b23c9ab","frameId":"CE9ECB0E05DAD6BAAB524BBF26ABB52C"}}
{"timestamp":"2025-03-15T23:30:08.124Z","logLevel":"warn","context":"recorder","message":"Skipping URL from unknown frame","details":{"url":"https://lpcdn.lpsnmedia.net/le_secure_storage/3.32.3-release_1655932912/storage.secure.min.html?loc=https%3A%2F%2Fwww.adn.com&site=75052514&env=prod&isCrossDomain=true&accdn=accdn.lpsnmedia.net","frameId":"B65B5A670276C3F04F48E6430CAAF8E1"}}
{"timestamp":"2025-03-15T23:30:08.484Z","logLevel":"warn","context":"recorder","message":"Skipping URL from unknown frame","details":{"url":"https://be3a48c41be35a5b1c4a127c93d5cb83.safeframe.googlesyndication.com/safeframe/1-0-41/html/container.html","frameId":"0FACFC794A213BC63A9E2FA5511AF726"}}
{"timestamp":"2025-03-15T23:30:08.609Z","logLevel":"warn","context":"recorder","message":"Skipping URL from unknown frame","details":{"url":"https://gum.criteo.com/syncframe?origin=publishertagids&topUrl=www.adn.com&gdpr=0&gdpr_consent=","frameId":"41D555D15D8446E70F7FE8AE3E137CAC"}}
{"timestamp":"2025-03-15T23:30:09.617Z","logLevel":"warn","context":"recorder","message":"Skipping URL from unknown frame","details":{"url":"https://va.idp.liveperson.net/postmessage/postmessage.min.html?bust=1742081409479&loc=https%3A%2F%2Fwww.adn.com","frameId":"244BCFD720E6874BCA51A5F986B3A8E2"}}
{"timestamp":"2025-03-15T23:30:10.666Z","logLevel":"info","context":"general","message":"Seed page redirected, adding redirected seed","details":{"origUrl":"http://www.adn.com/","newUrl":"https://www.adn.com/","seedId":1}}
{"timestamp":"2025-03-15T23:30:11.696Z","logLevel":"warn","context":"general","message":"Invalid Page - URL must start with http:// or https://","details":{"url":"javascript:void(0)","page":"http://www.adn.com/","workerid":0}}
{"timestamp":"2025-03-15T23:30:11.754Z","logLevel":"info","context":"behavior","message":"Running behaviors","details":{"frames":4,"frameUrls":["https://www.adn.com/","https://lpcdn.lpsnmedia.net/le_secure_storage/3.32.3-release_1655932912/storage.secure.min.html?loc=https%3A%2F%2Fwww.adn.com&site=75052514&env=prod&isCrossDomain=true&accdn=accdn.lpsnmedia.net","chrome-error://chromewebdata/","https://va.idp.liveperson.net/postmessage/postmessage.min.html?bust=1742081409479&loc=https%3A%2F%2Fwww.adn.com"],"page":"http://www.adn.com/","workerid":0}}
{"timestamp":"2025-03-15T23:30:11.755Z","logLevel":"info","context":"behavior","message":"Run Script Started","details":{"frameUrl":"https://www.adn.com/","page":"http://www.adn.com/","workerid":0}}
{"timestamp":"2025-03-15T23:30:11.755Z","logLevel":"info","context":"behavior","message":"Run Script Started","details":{"frameUrl":"https://lpcdn.lpsnmedia.net/le_secure_storage/3.32.3-release_1655932912/storage.secure.min.html?loc=https%3A%2F%2Fwww.adn.com&site=75052514&env=prod&isCrossDomain=true&accdn=accdn.lpsnmedia.net","page":"http://www.adn.com/","workerid":0}}
{"timestamp":"2025-03-15T23:30:11.755Z","logLevel":"info","context":"behavior","message":"Run Script Started","details":{"frameUrl":"chrome-error://chromewebdata/","page":"http://www.adn.com/","workerid":0}}
{"timestamp":"2025-03-15T23:30:11.755Z","logLevel":"info","context":"behavior","message":"Run Script Started","details":{"frameUrl":"https://va.idp.liveperson.net/postmessage/postmessage.min.html?bust=1742081409479&loc=https%3A%2F%2Fwww.adn.com","page":"http://www.adn.com/","workerid":0}}
{"timestamp":"2025-03-15T23:30:11.769Z","logLevel":"info","context":"behaviorScript","message":"Behavior log","details":{"state":{"segments":1},"msg":"Skipping autoscroll, page seems to not be responsive to scrolling events","page":"https://www.adn.com/","workerid":0}}
{"timestamp":"2025-03-15T23:30:11.769Z","logLevel":"info","context":"behaviorScript","message":"Behavior log","details":{"state":{"segments":1},"msg":"done!","page":"https://www.adn.com/","workerid":0}}
{"timestamp":"2025-03-15T23:30:11.771Z","logLevel":"info","context":"behaviorScript","message":"Behavior log","details":{"state":{"segments":1},"msg":"Skipping autoscroll, page seems to not be responsive to scrolling events","page":"https://www.adn.com/","workerid":0}}
{"timestamp":"2025-03-15T23:30:11.771Z","logLevel":"info","context":"behaviorScript","message":"Behavior log","details":{"state":{"segments":1},"msg":"done!","page":"https://www.adn.com/","workerid":0}}
{"timestamp":"2025-03-15T23:30:11.772Z","logLevel":"info","context":"behaviorScript","message":"Behavior log","details":{"state":{"segments":1},"msg":"Skipping autoscroll, page seems to not be responsive to scrolling events","page":"https://www.adn.com/","workerid":0}}
{"timestamp":"2025-03-15T23:30:11.772Z","logLevel":"info","context":"behaviorScript","message":"Behavior log","details":{"state":{"segments":1},"msg":"done!","page":"https://www.adn.com/","workerid":0}}
{"timestamp":"2025-03-15T23:30:11.849Z","logLevel":"info","context":"behaviorScript","message":"Behavior log","details":{"state":{"segments":1},"msg":"Scrolling down by 30 pixels every 0.075 seconds","page":"https://www.adn.com/","workerid":0}}
{"timestamp":"2025-03-15T23:30:12.269Z","logLevel":"info","context":"behavior","message":"Run Script Finished","details":{"frameUrl":"https://lpcdn.lpsnmedia.net/le_secure_storage/3.32.3-release_1655932912/storage.secure.min.html?loc=https%3A%2F%2Fwww.adn.com&site=75052514&env=prod&isCrossDomain=true&accdn=accdn.lpsnmedia.net","page":"http://www.adn.com/","workerid":0}}
{"timestamp":"2025-03-15T23:30:12.272Z","logLevel":"info","context":"behavior","message":"Run Script Finished","details":{"frameUrl":"chrome-error://chromewebdata/","page":"http://www.adn.com/","workerid":0}}
{"timestamp":"2025-03-15T23:30:12.277Z","logLevel":"info","context":"behavior","message":"Run Script Finished","details":{"frameUrl":"https://va.idp.liveperson.net/postmessage/postmessage.min.html?bust=1742081409479&loc=https%3A%2F%2Fwww.adn.com","page":"http://www.adn.com/","workerid":0}}
{"timestamp":"2025-03-15T23:30:12.392Z","logLevel":"warn","context":"recorder","message":"Skipping URL from unknown frame","details":{"url":"https://exchange.ops.co/sync.html?plIDs=10250012","frameId":"6F29F3F9E96AC7E3C6F46AF2F9102810"}}
{"timestamp":"2025-03-15T23:30:31.900Z","logLevel":"info","context":"behaviorScript","message":"Behavior log","details":{"state":{"segments":5},"msg":"done!","page":"https://www.adn.com/","workerid":0}}
{"timestamp":"2025-03-15T23:30:31.901Z","logLevel":"info","context":"behavior","message":"Run Script Finished","details":{"frameUrl":"https://www.adn.com/","page":"http://www.adn.com/","workerid":0}}
{"timestamp":"2025-03-15T23:30:31.901Z","logLevel":"info","context":"behavior","message":"Behaviors finished","details":{"finished":4,"page":"http://www.adn.com/","workerid":0}}
{"timestamp":"2025-03-15T23:30:32.909Z","logLevel":"info","context":"pageStatus","message":"Page Finished","details":{"loadState":4,"page":"http://www.adn.com/","workerid":0}}
{"timestamp":"2025-03-15T23:30:32.928Z","logLevel":"info","context":"worker","message":"Starting page","details":{"workerid":0,"page":"https://www.adn.com/terms-of-use/"}}
{"timestamp":"2025-03-15T23:30:32.928Z","logLevel":"info","context":"crawlStatus","message":"Crawl statistics","details":{"crawled":1,"total":125,"pending":1,"failed":0,"limit":{"max":0,"hit":false},"pendingPages":["{\"seedId\":1,\"started\":\"2025-03-15T23:30:32.926Z\",\"extraHops\":0,\"url\":\"https:\\/\\/www.adn.com\\/terms-of-use\\/\",\"added\":\"2025-03-15T23:30:11.696Z\",\"depth\":1}"]}}
{"timestamp":"2025-03-15T23:30:33.195Z","logLevel":"info","context":"general","message":"Awaiting page load","details":{"page":"https://www.adn.com/terms-of-use/","workerid":0}}
{"timestamp":"2025-03-15T23:30:33.590Z","logLevel":"warn","context":"recorder","message":"Skipping URL from unknown frame","details":{"url":"https://lpcdn.lpsnmedia.net/le_secure_storage/3.32.3-release_1655932912/storage.secure.min.html?loc=https%3A%2F%2Fwww.adn.com&site=75052514&env=prod&isCrossDomain=true&accdn=accdn.lpsnmedia.net","frameId":"E7DFCF8619D7A1046107F654AC29317D"}}
{"timestamp":"2025-03-15T23:30:35.528Z","logLevel":"warn","context":"general","message":"Invalid Page - URL must start with http:// or https://","details":{"url":"javascript:void(0)","page":"https://www.adn.com/terms-of-use/","workerid":0}}
{"timestamp":"2025-03-15T23:30:35.545Z","logLevel":"warn","context":"general","message":"Invalid Page - URL must start with http:// or https://","details":{"url":"mailto:efenno@fennolaw.com","page":"https://www.adn.com/terms-of-use/","workerid":0}}
{"timestamp":"2025-03-15T23:30:35.564Z","logLevel":"info","context":"behavior","message":"Running behaviors","details":{"frames":3,"frameUrls":["https://www.adn.com/terms-of-use/","chrome-error://chromewebdata/","https://lpcdn.lpsnmedia.net/le_secure_storage/3.32.3-release_1655932912/storage.secure.min.html?loc=https%3A%2F%2Fwww.adn.com&site=75052514&env=prod&isCrossDomain=true&accdn=accdn.lpsnmedia.net"],"page":"https://www.adn.com/terms-of-use/","workerid":0}}
{"timestamp":"2025-03-15T23:30:35.564Z","logLevel":"info","context":"behavior","message":"Run Script Started","details":{"frameUrl":"https://www.adn.com/terms-of-use/","page":"https://www.adn.com/terms-of-use/","workerid":0}}
{"timestamp":"2025-03-15T23:30:35.564Z","logLevel":"info","context":"behavior","message":"Run Script Started","details":{"frameUrl":"chrome-error://chromewebdata/","page":"https://www.adn.com/terms-of-use/","workerid":0}}
{"timestamp":"2025-03-15T23:30:35.564Z","logLevel":"info","context":"behavior","message":"Run Script Started","details":{"frameUrl":"https://lpcdn.lpsnmedia.net/le_secure_storage/3.32.3-release_1655932912/storage.secure.min.html?loc=https%3A%2F%2Fwww.adn.com&site=75052514&env=prod&isCrossDomain=true&accdn=accdn.lpsnmedia.net","page":"https://www.adn.com/terms-of-use/","workerid":0}}
{"timestamp":"2025-03-15T23:30:35.574Z","logLevel":"info","context":"behaviorScript","message":"Behavior log","details":{"state":{"segments":1},"msg":"Skipping autoscroll, page seems to not be responsive to scrolling events","page":"https://www.adn.com/terms-of-use/","workerid":0}}
{"timestamp":"2025-03-15T23:30:35.574Z","logLevel":"info","context":"behaviorScript","message":"Behavior log","details":{"state":{"segments":1},"msg":"done!","page":"https://www.adn.com/terms-of-use/","workerid":0}}
{"timestamp":"2025-03-15T23:30:35.575Z","logLevel":"info","context":"behaviorScript","message":"Behavior log","details":{"state":{"segments":1},"msg":"Skipping autoscroll, page seems to not be responsive to scrolling events","page":"https://www.adn.com/terms-of-use/","workerid":0}}
{"timestamp":"2025-03-15T23:30:35.575Z","logLevel":"info","context":"behaviorScript","message":"Behavior log","details":{"state":{"segments":1},"msg":"done!","page":"https://www.adn.com/terms-of-use/","workerid":0}}
{"timestamp":"2025-03-15T23:30:35.651Z","logLevel":"info","context":"behaviorScript","message":"Behavior log","details":{"state":{"segments":1},"msg":"Scrolling down by 30 pixels every 0.075 seconds","page":"https://www.adn.com/terms-of-use/","workerid":0}}
{"timestamp":"2025-03-15T23:30:36.074Z","logLevel":"info","context":"behavior","message":"Run Script Finished","details":{"frameUrl":"chrome-error://chromewebdata/","page":"https://www.adn.com/terms-of-use/","workerid":0}}
{"timestamp":"2025-03-15T23:30:36.076Z","logLevel":"info","context":"behavior","message":"Run Script Finished","details":{"frameUrl":"https://lpcdn.lpsnmedia.net/le_secure_storage/3.32.3-release_1655932912/storage.secure.min.html?loc=https%3A%2F%2Fwww.adn.com&site=75052514&env=prod&isCrossDomain=true&accdn=accdn.lpsnmedia.net","page":"https://www.adn.com/terms-of-use/","workerid":0}}
{"timestamp":"2025-03-15T23:30:46.765Z","logLevel":"info","context":"general","message":"SIGINT received...","details":{}}
{"timestamp":"2025-03-15T23:30:46.766Z","logLevel":"info","context":"general","message":"SIGNAL: interrupt request received...","details":{}}
{"timestamp":"2025-03-15T23:30:46.766Z","logLevel":"info","context":"general","message":"Crawler interrupted, gracefully finishing current pages","details":{}}
{"timestamp":"2025-03-15T23:30:47.061Z","logLevel":"info","context":"general","message":"SIGINT received...","details":{}}
{"timestamp":"2025-03-15T23:30:47.063Z","logLevel":"info","context":"general","message":"SIGNAL: stopping crawl now...","details":{}}
{"timestamp":"2025-03-15T23:30:47.106Z","logLevel":"warn","context":"behavior","message":"Behavior run partially failed","details":{"reason":{"type":"exception","message":"Protocol error (Runtime.evaluate): Target closed","stack":"TargetCloseError: Protocol error (Runtime.evaluate): Target closed\n    at CallbackRegistry.clear (file:///app/node_modules/puppeteer-core/lib/esm/puppeteer/common/CallbackRegistry.js:77:36)\n    at CdpCDPSession._onClosed (file:///app/node_modules/puppeteer-core/lib/esm/puppeteer/cdp/CDPSession.js:106:25)\n    at Connection.onMessage (file:///app/node_modules/puppeteer-core/lib/esm/puppeteer/cdp/Connection.js:130:25)\n    at WebSocket.<anonymous> (file:///app/node_modules/puppeteer-core/lib/esm/puppeteer/node/NodeWebSocketTransport.js:38:32)\n    at callListener (/app/node_modules/puppeteer-core/node_modules/ws/lib/event-target.js:290:14)\n    at WebSocket.onMessage (/app/node_modules/puppeteer-core/node_modules/ws/lib/event-target.js:209:9)\n    at WebSocket.emit (node:events:518:28)\n    at Receiver.receiverOnMessage (/app/node_modules/puppeteer-core/node_modules/ws/lib/websocket.js:1220:20)\n    at Receiver.emit (node:events:518:28)\n    at Immediate.<anonymous> (/app/node_modules/puppeteer-core/node_modules/ws/lib/receiver.js:601:16)"},"page":"https://www.adn.com/terms-of-use/","workerid":0}}
{"timestamp":"2025-03-15T23:30:47.106Z","logLevel":"info","context":"behavior","message":"Behaviors finished","details":{"finished":3,"page":"https://www.adn.com/terms-of-use/","workerid":0}}
{"timestamp":"2025-03-15T23:30:47.187Z","logLevel":"info","context":"general","message":"Exiting, Crawl status: interrupted","details":{}}
