{"timestamp":"2025-03-17T14:57:41.016Z","logLevel":"info","context":"general","message":"Browsertrix-Crawler 1.5.8 (with warcio.js 2.4.3)","details":{}}
{"timestamp":"2025-03-17T14:57:41.017Z","logLevel":"info","context":"general","message":"Seeds","details":[{"url":"https://www.adn.com/","scopeType":"prefix","include":["/^https?:\\/\\/www\\.adn\\.com\\//"],"exclude":[],"allowHash":false,"depth":-1,"sitemap":null,"auth":null,"_authEncoded":null,"maxExtraHops":0,"maxDepth":1000000}]}
{"timestamp":"2025-03-17T14:57:41.017Z","logLevel":"info","context":"general","message":"Link Selectors","details":[{"selector":"a[href]","extract":"href","isAttribute":false}]}
{"timestamp":"2025-03-17T14:57:41.017Z","logLevel":"info","context":"general","message":"Behavior Options","details":{"message":"{\"autoplay\":true,\"autofetch\":true,\"autoscroll\":true,\"siteSpecific\":true,\"log\":\"__bx_log\",\"startEarly\":true,\"clickSelector\":\"a\"}"}}
{"timestamp":"2025-03-17T14:57:41.333Z","logLevel":"info","context":"worker","message":"Creating 1 workers","details":{}}
{"timestamp":"2025-03-17T14:57:41.333Z","logLevel":"info","context":"worker","message":"Worker starting","details":{"workerid":0}}
{"timestamp":"2025-03-17T14:57:41.404Z","logLevel":"info","context":"worker","message":"Starting page","details":{"workerid":0,"page":"https://www.adn.com/"}}
{"timestamp":"2025-03-17T14:57:41.405Z","logLevel":"info","context":"crawlStatus","message":"Crawl statistics","details":{"crawled":0,"total":1,"pending":1,"failed":0,"limit":{"max":0,"hit":false},"pendingPages":["{\"seedId\":0,\"started\":\"2025-03-17T14:57:41.334Z\",\"extraHops\":0,\"url\":\"https:\\/\\/www.adn.com\\/\",\"added\":\"2025-03-17T14:57:41.082Z\",\"depth\":0}"]}}
{"timestamp":"2025-03-17T14:57:41.575Z","logLevel":"info","context":"general","message":"Awaiting page load","details":{"page":"https://www.adn.com/","workerid":0}}
{"timestamp":"2025-03-17T14:57:41.701Z","logLevel":"warn","context":"recorder","message":"Skipping URL from unknown frame","details":{"url":"https://www.adn.com/","frameId":"7F3902114BE9091D504F286D41C645FE"}}
{"timestamp":"2025-03-17T14:57:42.698Z","logLevel":"warn","context":"recorder","message":"Skipping URL from unknown frame","details":{"url":"https://i.liadm.com/s/c/a-08vw?duid=93c1eb36d98c--01jpj9rm58jcpedke2qj2r9bj1&euns=0&s=&version=v3.9.0&cd=.adn.com&pv=2b84a4a7-dd80-4e2e-8601-543800d6d752","frameId":"1C7B611CD180BF7EF98C96FE33F72FAE"}}
{"timestamp":"2025-03-17T14:57:43.079Z","logLevel":"warn","context":"recorder","message":"Skipping URL from unknown frame","details":{"url":"https://lpcdn.lpsnmedia.net/le_secure_storage/3.32.3-release_1655932912/storage.secure.min.html?loc=https%3A%2F%2Fwww.adn.com&site=75052514&env=prod&isCrossDomain=true&accdn=accdn.lpsnmedia.net","frameId":"108347C8576AFF5D41C1E5BB77D06730"}}
{"timestamp":"2025-03-17T14:57:43.796Z","logLevel":"warn","context":"recorder","message":"Skipping URL from unknown frame","details":{"url":"https://a2d12bb42525feb67200131ed6cb7ad8.safeframe.googlesyndication.com/safeframe/1-0-41/html/container.html","frameId":"4B1FEC5B71FEF77649121E23D92F5876"}}
{"timestamp":"2025-03-17T14:57:44.040Z","logLevel":"warn","context":"recorder","message":"Skipping URL from unknown frame","details":{"url":"https://gum.criteo.com/syncframe?origin=publishertagids&topUrl=www.adn.com&gdpr=0&gdpr_consent=","frameId":"7CCAB7C0245BBF65C1E25652BD94F747"}}
{"timestamp":"2025-03-17T14:57:44.431Z","logLevel":"warn","context":"recorder","message":"Skipping URL from unknown frame","details":{"url":"https://insight.adsrvr.org/track/up?adv=eac6kka&ref=https%3A%2F%2Fwww.adn.com%2F&upid=adbg0ia&upv=1.1.0&gdpr=0&gdpr_consent=undefined","frameId":"D879EF7992CCE953BF96DE38CF45462C"}}
{"timestamp":"2025-03-17T14:57:44.531Z","logLevel":"warn","context":"recorder","message":"Skipping URL from unknown frame","details":{"url":"https://dpm.demdex.net/ibs:dpid=903&dpuuid=84265c37-661c-4cc0-bc23-9fe79de9f236&gdpr=0&gdpr_consent=&redir=https%3A%2F%2Fmatch.adsrvr.org%2Ftrack%2Fcmf%2Fgeneric%3Fttd_pid%3Daam","frameId":"6B3431378098713139A5EB2A8D348DAF"}}
{"timestamp":"2025-03-17T14:57:44.551Z","logLevel":"warn","context":"recorder","message":"Skipping URL from unknown frame","details":{"url":"https://match.adsrvr.org/track/cmf/generic?ttd_pid=aam","frameId":"6B3431378098713139A5EB2A8D348DAF"}}
{"timestamp":"2025-03-17T14:57:44.570Z","logLevel":"warn","context":"recorder","message":"Skipping URL from unknown frame","details":{"url":"https://va.idp.liveperson.net/postmessage/postmessage.min.html?bust=1742223464493&loc=https%3A%2F%2Fwww.adn.com","frameId":"990CD3A641144C54B2F1052D037F3D6A"}}
{"timestamp":"2025-03-17T14:57:44.586Z","logLevel":"warn","context":"recorder","message":"Skipping URL from unknown frame","details":{"url":"https://cm.g.doubleclick.net/pixel?google_nid=TheTradeDesk&google_cm&google_sc&google_hm=ODQyNjVjMzctNjYxYy00Y2MwLWJjMjMtOWZlNzlkZTlmMjM2&gdpr=0&gdpr_consent=&ttd_tdid=84265c37-661c-4cc0-bc23-9fe79de9f236","frameId":"37DBA046EF985D2592FBB355894B8B7B"}}
{"timestamp":"2025-03-17T14:57:44.591Z","logLevel":"warn","context":"recorder","message":"Skipping URL from unknown frame","details":{"url":"https://pixel.rubiconproject.com/tap.php?v=8981&nid=2307&put=84265c37-661c-4cc0-bc23-9fe79de9f236&gdpr=0&gdpr_consent=&expires=30&next=https%3A%2F%2Fmatch.adsrvr.org%2Ftrack%2Fcmf%2Frubicon","frameId":"61F9B2C40B6EEA95B4825C552E50E2DC"}}
{"timestamp":"2025-03-17T14:57:44.602Z","logLevel":"warn","context":"recorder","message":"Skipping URL from unknown frame","details":{"url":"https://match.adsrvr.org/track/cmf/google?g_uuid=&gdpr=0&gdpr_consent=&ttd_tdid=84265c37-661c-4cc0-bc23-9fe79de9f236&google_gid=CAESEAjaiaYvBDj5_OvWl4iP_cA&google_cver=1","frameId":"37DBA046EF985D2592FBB355894B8B7B"}}
{"timestamp":"2025-03-17T14:57:44.607Z","logLevel":"warn","context":"recorder","message":"Skipping URL from unknown frame","details":{"url":"https://match.adsrvr.org/track/cmf/rubicon?gdpr=0","frameId":"61F9B2C40B6EEA95B4825C552E50E2DC"}}
{"timestamp":"2025-03-17T14:57:44.706Z","logLevel":"warn","context":"recorder","message":"Request failed","details":{"url":"https://www.google.com/ads/measurement/l?ebcid=ALh7CaSXYm2BzDvee3j2Juimy_JvUztySI6DSkj4y_1FHX5xWzk-tGdytCfl5eRTuHVQuvN73UApHn9F7IjKDUW4WhJa2kS3Zw","errorText":"net::ERR_BLOCKED_BY_ORB","type":"Image","status":0,"page":"https://www.adn.com/","workerid":0}}
{"timestamp":"2025-03-17T14:57:44.734Z","logLevel":"warn","context":"recorder","message":"Request failed","details":{"url":"https://www.google.com/ads/measurement/l?ebcid=ALh7CaR4WdsQKQIfcThe8s1D2EQ_-zqt1CQb1C2G9d76nKS9XIWAkcp8aap1jUyxuR6Zah1Oj4oAjaym_lT7Uo35Y50qQ04v4w","errorText":"net::ERR_BLOCKED_BY_ORB","type":"Image","status":0,"page":"https://www.adn.com/","workerid":0}}
{"timestamp":"2025-03-17T14:57:44.839Z","logLevel":"warn","context":"recorder","message":"Skipping URL from unknown frame","details":{"url":"https://ep2.adtrafficquality.google/sodar/sodar2/232/runner.html","frameId":"E33948ED9C186F5A8508C7A80268514A"}}
{"timestamp":"2025-03-17T14:57:44.853Z","logLevel":"warn","context":"recorder","message":"Skipping URL from unknown frame","details":{"url":"https://www.google.com/recaptcha/api2/aframe","frameId":"18AF9F44954EA809B480B7CF3CB14CD5"}}
{"timestamp":"2025-03-17T14:57:45.039Z","logLevel":"warn","context":"recorder","message":"Request failed","details":{"url":"https://pagead2.googlesyndication.com/pagead/sodar?id=sodar2&v=232&li=gpt_m202503130101&jk=2239475614054110&rc=","errorText":"net::ERR_BLOCKED_BY_ORB","type":"Image","status":0,"page":"https://www.adn.com/","workerid":0}}
{"timestamp":"2025-03-17T14:57:45.688Z","logLevel":"warn","context":"recorder","message":"Request failed","details":{"url":"https://ep1.adtrafficquality.google/pagead/sodar?id=sodar2&v=232&t=2&li=gpt_m202503130101&jk=2239475614054110&bg=!MDOlM3zNAAYl8RWmBfE7ADQBe5WfOKLkGTk5XdFacyml3YMpzZGHcMqjGISS-PxrVPmiG8FY469pO85v9Lr2NHIkSSm3AgAAAF5SAAAABGgBB34ANoLf3IqagBbCro_jiEUfl5IKmA2zjj8k-HyVPn4tMiV-Tn_23baMX2iHGC5lTa8e6p5-lr_L25kChrAqRL5bGaBJuSOAfK4ZYf1cibQDOw-UW5TZc9DHyQHnOoiSco_7cip9uzN83RKsUx0wfOuhrgWxzaJ12o7svSeWVb-AKtfGKs8cgIZLt4Iyy-qGRZ-UiCxnlxZ5PJB71Y08iNQJIonGcHjq8Q9Geo4-oqFJl9syY7YS_4ljeVDfP529nJcuJb8E9YJLn1XbsBrRKxtkkIELLLk-v57fDss6AlMb1m0KaQ0tapTWrQXB9iajGs_pYkDAw-sFPtqJbmG5k5nufVZucsymXaOOZExMy0MJaAQAlRnFX3NWQXuiSvlCeeg1mSarxpr9t-YIOmnPyXMs0al6pCWu3gofDTVFDWnuRYNsLywjV8pAE3sseWkuWDvc4cyKptQ-j7xgwbAoHN31DSqe58HLoD5K1vN1WIeXGQCnnIHM7qgG6BnjODt7ieUX5KiE2gUb4JEYV8sNzV5EsTHTUL0Db_O-QTr7hUdSo47OxOipwIjDpr-Zq5mtoufT7cVAqcvB-pIAtYUYn34UN7ISZpQORq4ol3c1gyVuTrOqy9p6DwREFfRBHZt5oXkvn9Yz8xLka080-vOvCRbPHWAsr_aPtsMiS0gsWcShOOvUtXJk6svkyV0TDbbii7jg6xzJ_f0ZQ17c8Oo0zQnaZcha47SWAmIPo9kfuHlel_OBpY_QQV-1xzgV_Hvbdnq3o7dugsfhXOsvCY-UcCXhSOasnGWOZjcSkdAYDrCinHR1QiuOIRzcpERBEmLiH9u2i4YuCc4KmkFNYmnlwwQNSDzSCOFEaiKOPVxQofh11jjrBvhYHRof78_gkDsV874KDoBLZ-T8nODvwQhMBl8VAZPpDW1_ZB-vaaTAm6thQFM","errorText":"net::ERR_BLOCKED_BY_ORB","type":"Image","status":0,"page":"https://www.adn.com/","workerid":0}}
{"timestamp":"2025-03-17T14:57:46.848Z","logLevel":"warn","context":"general","message":"Invalid Page - URL must start with http:// or https://","details":{"url":"javascript:void(0)","page":"https://www.adn.com/","workerid":0}}
{"timestamp":"2025-03-17T14:57:46.883Z","logLevel":"info","context":"behavior","message":"Running behaviors","details":{"frames":4,"frameUrls":["https://www.adn.com/","https://lpcdn.lpsnmedia.net/le_secure_storage/3.32.3-release_1655932912/storage.secure.min.html?loc=https%3A%2F%2Fwww.adn.com&site=75052514&env=prod&isCrossDomain=true&accdn=accdn.lpsnmedia.net","https://va.idp.liveperson.net/postmessage/postmessage.min.html?bust=1742223464493&loc=https%3A%2F%2Fwww.adn.com","https://www.google.com/recaptcha/api2/aframe"],"page":"https://www.adn.com/","workerid":0}}
{"timestamp":"2025-03-17T14:57:46.884Z","logLevel":"info","context":"behavior","message":"Run Script Started","details":{"frameUrl":"https://www.adn.com/","page":"https://www.adn.com/","workerid":0}}
{"timestamp":"2025-03-17T14:57:46.884Z","logLevel":"info","context":"behavior","message":"Run Script Started","details":{"frameUrl":"https://lpcdn.lpsnmedia.net/le_secure_storage/3.32.3-release_1655932912/storage.secure.min.html?loc=https%3A%2F%2Fwww.adn.com&site=75052514&env=prod&isCrossDomain=true&accdn=accdn.lpsnmedia.net","page":"https://www.adn.com/","workerid":0}}
{"timestamp":"2025-03-17T14:57:46.884Z","logLevel":"info","context":"behavior","message":"Run Script Started","details":{"frameUrl":"https://va.idp.liveperson.net/postmessage/postmessage.min.html?bust=1742223464493&loc=https%3A%2F%2Fwww.adn.com","page":"https://www.adn.com/","workerid":0}}
{"timestamp":"2025-03-17T14:57:46.884Z","logLevel":"info","context":"behavior","message":"Run Script Started","details":{"frameUrl":"https://www.google.com/recaptcha/api2/aframe","page":"https://www.adn.com/","workerid":0}}
{"timestamp":"2025-03-17T14:57:46.897Z","logLevel":"info","context":"behaviorScript","message":"Behavior log","details":{"state":{"segments":1},"msg":"Skipping autoscroll, page seems to not be responsive to scrolling events","page":"https://www.adn.com/","workerid":0}}
{"timestamp":"2025-03-17T14:57:46.897Z","logLevel":"info","context":"behaviorScript","message":"Behavior log","details":{"state":{"segments":1},"msg":"done!","page":"https://www.adn.com/","workerid":0}}
{"timestamp":"2025-03-17T14:57:46.899Z","logLevel":"info","context":"behaviorScript","message":"Behavior log","details":{"state":{"segments":1},"msg":"Skipping autoscroll, page seems to not be responsive to scrolling events","page":"https://www.adn.com/","workerid":0}}
{"timestamp":"2025-03-17T14:57:46.899Z","logLevel":"info","context":"behaviorScript","message":"Behavior log","details":{"state":{"segments":1},"msg":"done!","page":"https://www.adn.com/","workerid":0}}
{"timestamp":"2025-03-17T14:57:46.901Z","logLevel":"info","context":"behaviorScript","message":"Behavior log","details":{"state":{"segments":1},"msg":"Skipping autoscroll, page seems to not be responsive to scrolling events","page":"https://www.adn.com/","workerid":0}}
{"timestamp":"2025-03-17T14:57:46.901Z","logLevel":"info","context":"behaviorScript","message":"Behavior log","details":{"state":{"segments":1},"msg":"done!","page":"https://www.adn.com/","workerid":0}}
{"timestamp":"2025-03-17T14:57:46.973Z","logLevel":"info","context":"behaviorScript","message":"Behavior log","details":{"state":{"segments":1},"msg":"Scrolling down by 30 pixels every 0.075 seconds","page":"https://www.adn.com/","workerid":0}}
{"timestamp":"2025-03-17T14:57:47.294Z","logLevel":"warn","context":"recorder","message":"Skipping URL from unknown frame","details":{"url":"https://exchange.ops.co/sync.html?plIDs=10250012","frameId":"9BA0BDF329A3AAAC7BA1F6A21B3B06DC"}}
{"timestamp":"2025-03-17T14:57:47.397Z","logLevel":"info","context":"behavior","message":"Run Script Finished","details":{"frameUrl":"https://lpcdn.lpsnmedia.net/le_secure_storage/3.32.3-release_1655932912/storage.secure.min.html?loc=https%3A%2F%2Fwww.adn.com&site=75052514&env=prod&isCrossDomain=true&accdn=accdn.lpsnmedia.net","page":"https://www.adn.com/","workerid":0}}
{"timestamp":"2025-03-17T14:57:47.398Z","logLevel":"info","context":"behavior","message":"Run Script Finished","details":{"frameUrl":"https://va.idp.liveperson.net/postmessage/postmessage.min.html?bust=1742223464493&loc=https%3A%2F%2Fwww.adn.com","page":"https://www.adn.com/","workerid":0}}
{"timestamp":"2025-03-17T14:57:47.400Z","logLevel":"info","context":"behavior","message":"Run Script Finished","details":{"frameUrl":"https://www.google.com/recaptcha/api2/aframe","page":"https://www.adn.com/","workerid":0}}
{"timestamp":"2025-03-17T14:58:05.530Z","logLevel":"info","context":"behaviorScript","message":"Behavior log","details":{"state":{"segments":6},"msg":"done!","page":"https://www.adn.com/","workerid":0}}
{"timestamp":"2025-03-17T14:58:05.531Z","logLevel":"info","context":"behavior","message":"Run Script Finished","details":{"frameUrl":"https://www.adn.com/","page":"https://www.adn.com/","workerid":0}}
{"timestamp":"2025-03-17T14:58:05.531Z","logLevel":"info","context":"behavior","message":"Behaviors finished","details":{"finished":4,"page":"https://www.adn.com/","workerid":0}}
{"timestamp":"2025-03-17T14:58:06.543Z","logLevel":"info","context":"pageStatus","message":"Page Finished","details":{"loadState":4,"page":"https://www.adn.com/","workerid":0}}
{"timestamp":"2025-03-17T14:58:06.559Z","logLevel":"info","context":"worker","message":"Starting page","details":{"workerid":0,"page":"https://www.adn.com/terms-of-use/"}}
{"timestamp":"2025-03-17T14:58:06.560Z","logLevel":"info","context":"crawlStatus","message":"Crawl statistics","details":{"crawled":1,"total":119,"pending":1,"failed":0,"limit":{"max":0,"hit":false},"pendingPages":["{\"seedId\":0,\"started\":\"2025-03-17T14:58:06.558Z\",\"extraHops\":0,\"url\":\"https:\\/\\/www.adn.com\\/terms-of-use\\/\",\"added\":\"2025-03-17T14:57:46.848Z\",\"depth\":1}"]}}
{"timestamp":"2025-03-17T14:58:08.006Z","logLevel":"info","context":"general","message":"Awaiting page load","details":{"page":"https://www.adn.com/terms-of-use/","workerid":0}}
{"timestamp":"2025-03-17T14:58:08.558Z","logLevel":"warn","context":"recorder","message":"Skipping URL from unknown frame","details":{"url":"https://lpcdn.lpsnmedia.net/le_secure_storage/3.32.3-release_1655932912/storage.secure.min.html?loc=https%3A%2F%2Fwww.adn.com&site=75052514&env=prod&isCrossDomain=true&accdn=accdn.lpsnmedia.net","frameId":"9368055097710E3769AABDABB7AFB57C"}}
{"timestamp":"2025-03-17T14:58:10.437Z","logLevel":"warn","context":"general","message":"Invalid Page - URL must start with http:// or https://","details":{"url":"javascript:void(0)","page":"https://www.adn.com/terms-of-use/","workerid":0}}
{"timestamp":"2025-03-17T14:58:10.456Z","logLevel":"warn","context":"general","message":"Invalid Page - URL must start with http:// or https://","details":{"url":"mailto:efenno@fennolaw.com","page":"https://www.adn.com/terms-of-use/","workerid":0}}
{"timestamp":"2025-03-17T14:58:10.474Z","logLevel":"info","context":"behavior","message":"Running behaviors","details":{"frames":3,"frameUrls":["https://www.adn.com/terms-of-use/","chrome-error://chromewebdata/","https://lpcdn.lpsnmedia.net/le_secure_storage/3.32.3-release_1655932912/storage.secure.min.html?loc=https%3A%2F%2Fwww.adn.com&site=75052514&env=prod&isCrossDomain=true&accdn=accdn.lpsnmedia.net"],"page":"https://www.adn.com/terms-of-use/","workerid":0}}
{"timestamp":"2025-03-17T14:58:10.474Z","logLevel":"info","context":"behavior","message":"Run Script Started","details":{"frameUrl":"https://www.adn.com/terms-of-use/","page":"https://www.adn.com/terms-of-use/","workerid":0}}
{"timestamp":"2025-03-17T14:58:10.475Z","logLevel":"info","context":"behavior","message":"Run Script Started","details":{"frameUrl":"chrome-error://chromewebdata/","page":"https://www.adn.com/terms-of-use/","workerid":0}}
{"timestamp":"2025-03-17T14:58:10.475Z","logLevel":"info","context":"behavior","message":"Run Script Started","details":{"frameUrl":"https://lpcdn.lpsnmedia.net/le_secure_storage/3.32.3-release_1655932912/storage.secure.min.html?loc=https%3A%2F%2Fwww.adn.com&site=75052514&env=prod&isCrossDomain=true&accdn=accdn.lpsnmedia.net","page":"https://www.adn.com/terms-of-use/","workerid":0}}
{"timestamp":"2025-03-17T14:58:10.486Z","logLevel":"info","context":"behaviorScript","message":"Behavior log","details":{"state":{"segments":1},"msg":"Skipping autoscroll, page seems to not be responsive to scrolling events","page":"https://www.adn.com/terms-of-use/","workerid":0}}
{"timestamp":"2025-03-17T14:58:10.486Z","logLevel":"info","context":"behaviorScript","message":"Behavior log","details":{"state":{"segments":1},"msg":"done!","page":"https://www.adn.com/terms-of-use/","workerid":0}}
{"timestamp":"2025-03-17T14:58:10.488Z","logLevel":"info","context":"behaviorScript","message":"Behavior log","details":{"state":{"segments":1},"msg":"Skipping autoscroll, page seems to not be responsive to scrolling events","page":"https://www.adn.com/terms-of-use/","workerid":0}}
{"timestamp":"2025-03-17T14:58:10.489Z","logLevel":"info","context":"behaviorScript","message":"Behavior log","details":{"state":{"segments":1},"msg":"done!","page":"https://www.adn.com/terms-of-use/","workerid":0}}
{"timestamp":"2025-03-17T14:58:10.564Z","logLevel":"info","context":"behaviorScript","message":"Behavior log","details":{"state":{"segments":1},"msg":"Scrolling down by 30 pixels every 0.075 seconds","page":"https://www.adn.com/terms-of-use/","workerid":0}}
{"timestamp":"2025-03-17T14:58:10.987Z","logLevel":"info","context":"behavior","message":"Run Script Finished","details":{"frameUrl":"chrome-error://chromewebdata/","page":"https://www.adn.com/terms-of-use/","workerid":0}}
{"timestamp":"2025-03-17T14:58:10.988Z","logLevel":"info","context":"behavior","message":"Run Script Finished","details":{"frameUrl":"https://lpcdn.lpsnmedia.net/le_secure_storage/3.32.3-release_1655932912/storage.secure.min.html?loc=https%3A%2F%2Fwww.adn.com&site=75052514&env=prod&isCrossDomain=true&accdn=accdn.lpsnmedia.net","page":"https://www.adn.com/terms-of-use/","workerid":0}}
{"timestamp":"2025-03-17T14:58:36.813Z","logLevel":"info","context":"behaviorScript","message":"Behavior log","details":{"state":{"segments":1},"msg":"done!","page":"https://www.adn.com/terms-of-use/","workerid":0}}
{"timestamp":"2025-03-17T14:58:36.814Z","logLevel":"info","context":"behavior","message":"Run Script Finished","details":{"frameUrl":"https://www.adn.com/terms-of-use/","page":"https://www.adn.com/terms-of-use/","workerid":0}}
{"timestamp":"2025-03-17T14:58:36.814Z","logLevel":"info","context":"behavior","message":"Behaviors finished","details":{"finished":3,"page":"https://www.adn.com/terms-of-use/","workerid":0}}
{"timestamp":"2025-03-17T14:58:37.824Z","logLevel":"info","context":"pageStatus","message":"Page Finished","details":{"loadState":4,"page":"https://www.adn.com/terms-of-use/","workerid":0}}
{"timestamp":"2025-03-17T14:58:37.836Z","logLevel":"info","context":"worker","message":"Starting page","details":{"workerid":0,"page":"https://www.adn.com/alaska-news"}}
{"timestamp":"2025-03-17T14:58:37.837Z","logLevel":"info","context":"crawlStatus","message":"Crawl statistics","details":{"crawled":2,"total":121,"pending":1,"failed":0,"limit":{"max":0,"hit":false},"pendingPages":["{\"seedId\":0,\"started\":\"2025-03-17T14:58:37.836Z\",\"extraHops\":0,\"url\":\"https:\\/\\/www.adn.com\\/alaska-news\",\"added\":\"2025-03-17T14:57:46.849Z\",\"depth\":1}"]}}
{"timestamp":"2025-03-17T14:58:38.211Z","logLevel":"info","context":"general","message":"Awaiting page load","details":{"page":"https://www.adn.com/alaska-news","workerid":0}}
{"timestamp":"2025-03-17T14:58:38.590Z","logLevel":"warn","context":"recorder","message":"Skipping URL from unknown frame","details":{"url":"https://lpcdn.lpsnmedia.net/le_secure_storage/3.32.3-release_1655932912/storage.secure.min.html?loc=https%3A%2F%2Fwww.adn.com&site=75052514&env=prod&isCrossDomain=true&accdn=accdn.lpsnmedia.net","frameId":"14E1C10F72CC27FDF7CBB7B6965E5E0B"}}
{"timestamp":"2025-03-17T14:58:40.522Z","logLevel":"warn","context":"general","message":"Invalid Page - URL must start with http:// or https://","details":{"url":"javascript:void(0)","page":"https://www.adn.com/alaska-news","workerid":0}}
{"timestamp":"2025-03-17T14:58:40.569Z","logLevel":"info","context":"behavior","message":"Running behaviors","details":{"frames":3,"frameUrls":["https://www.adn.com/section/alaska-news/","chrome-error://chromewebdata/","https://lpcdn.lpsnmedia.net/le_secure_storage/3.32.3-release_1655932912/storage.secure.min.html?loc=https%3A%2F%2Fwww.adn.com&site=75052514&env=prod&isCrossDomain=true&accdn=accdn.lpsnmedia.net"],"page":"https://www.adn.com/alaska-news","workerid":0}}
{"timestamp":"2025-03-17T14:58:40.569Z","logLevel":"info","context":"behavior","message":"Run Script Started","details":{"frameUrl":"https://www.adn.com/section/alaska-news/","page":"https://www.adn.com/alaska-news","workerid":0}}
{"timestamp":"2025-03-17T14:58:40.569Z","logLevel":"info","context":"behavior","message":"Run Script Started","details":{"frameUrl":"chrome-error://chromewebdata/","page":"https://www.adn.com/alaska-news","workerid":0}}
{"timestamp":"2025-03-17T14:58:40.569Z","logLevel":"info","context":"behavior","message":"Run Script Started","details":{"frameUrl":"https://lpcdn.lpsnmedia.net/le_secure_storage/3.32.3-release_1655932912/storage.secure.min.html?loc=https%3A%2F%2Fwww.adn.com&site=75052514&env=prod&isCrossDomain=true&accdn=accdn.lpsnmedia.net","page":"https://www.adn.com/alaska-news","workerid":0}}
{"timestamp":"2025-03-17T14:58:40.583Z","logLevel":"info","context":"behaviorScript","message":"Behavior log","details":{"state":{"segments":1},"msg":"Skipping autoscroll, page seems to not be responsive to scrolling events","page":"https://www.adn.com/section/alaska-news/","workerid":0}}
{"timestamp":"2025-03-17T14:58:40.583Z","logLevel":"info","context":"behaviorScript","message":"Behavior log","details":{"state":{"segments":1},"msg":"done!","page":"https://www.adn.com/section/alaska-news/","workerid":0}}
{"timestamp":"2025-03-17T14:58:40.584Z","logLevel":"info","context":"behaviorScript","message":"Behavior log","details":{"state":{"segments":1},"msg":"Skipping autoscroll, page seems to not be responsive to scrolling events","page":"https://www.adn.com/section/alaska-news/","workerid":0}}
{"timestamp":"2025-03-17T14:58:40.584Z","logLevel":"info","context":"behaviorScript","message":"Behavior log","details":{"state":{"segments":1},"msg":"done!","page":"https://www.adn.com/section/alaska-news/","workerid":0}}
{"timestamp":"2025-03-17T14:58:40.657Z","logLevel":"info","context":"behaviorScript","message":"Behavior log","details":{"state":{"segments":1},"msg":"Scrolling down by 30 pixels every 0.075 seconds","page":"https://www.adn.com/section/alaska-news/","workerid":0}}
{"timestamp":"2025-03-17T14:58:41.084Z","logLevel":"info","context":"behavior","message":"Run Script Finished","details":{"frameUrl":"chrome-error://chromewebdata/","page":"https://www.adn.com/alaska-news","workerid":0}}
{"timestamp":"2025-03-17T14:58:41.084Z","logLevel":"info","context":"behavior","message":"Run Script Finished","details":{"frameUrl":"https://lpcdn.lpsnmedia.net/le_secure_storage/3.32.3-release_1655932912/storage.secure.min.html?loc=https%3A%2F%2Fwww.adn.com&site=75052514&env=prod&isCrossDomain=true&accdn=accdn.lpsnmedia.net","page":"https://www.adn.com/alaska-news","workerid":0}}
{"timestamp":"2025-03-17T14:58:44.038Z","logLevel":"info","context":"behaviorScript","message":"Behavior log","details":{"state":{"segments":1},"msg":"Clicking 'Show More', awaiting more content","page":"https://www.adn.com/section/alaska-news/","workerid":0}}
{"timestamp":"2025-03-17T14:58:44.321Z","logLevel":"info","context":"behaviorScript","message":"Behavior log","details":{"state":{"segments":1},"msg":"Scrolling down by 30 pixels every 0.075 seconds","page":"https://www.adn.com/section/alaska-news/","workerid":0}}
{"timestamp":"2025-03-17T14:58:47.706Z","logLevel":"info","context":"behaviorScript","message":"Behavior log","details":{"state":{"segments":2},"msg":"Clicking 'Show More', awaiting more content","page":"https://www.adn.com/section/alaska-news/","workerid":0}}
{"timestamp":"2025-03-17T14:58:51.353Z","logLevel":"info","context":"behaviorScript","message":"Behavior log","details":{"state":{"segments":3},"msg":"Clicking 'Show More', awaiting more content","page":"https://www.adn.com/section/alaska-news/","workerid":0}}
{"timestamp":"2025-03-17T14:58:55.016Z","logLevel":"info","context":"behaviorScript","message":"Behavior log","details":{"state":{"segments":4},"msg":"Clicking 'Show More', awaiting more content","page":"https://www.adn.com/section/alaska-news/","workerid":0}}
{"timestamp":"2025-03-17T14:58:58.692Z","logLevel":"info","context":"behaviorScript","message":"Behavior log","details":{"state":{"segments":5},"msg":"Clicking 'Show More', awaiting more content","page":"https://www.adn.com/section/alaska-news/","workerid":0}}
{"timestamp":"2025-03-17T14:59:02.372Z","logLevel":"info","context":"behaviorScript","message":"Behavior log","details":{"state":{"segments":6},"msg":"Clicking 'Show More', awaiting more content","page":"https://www.adn.com/section/alaska-news/","workerid":0}}
{"timestamp":"2025-03-17T14:59:05.970Z","logLevel":"info","context":"behaviorScript","message":"Behavior log","details":{"state":{"segments":7},"msg":"Clicking 'Show More', awaiting more content","page":"https://www.adn.com/section/alaska-news/","workerid":0}}
{"timestamp":"2025-03-17T14:59:09.650Z","logLevel":"info","context":"behaviorScript","message":"Behavior log","details":{"state":{"segments":8},"msg":"Clicking 'Show More', awaiting more content","page":"https://www.adn.com/section/alaska-news/","workerid":0}}
{"timestamp":"2025-03-17T14:59:13.406Z","logLevel":"info","context":"behaviorScript","message":"Behavior log","details":{"state":{"segments":9},"msg":"Clicking 'Show More', awaiting more content","page":"https://www.adn.com/section/alaska-news/","workerid":0}}
{"timestamp":"2025-03-17T14:59:17.093Z","logLevel":"info","context":"behaviorScript","message":"Behavior log","details":{"state":{"segments":10},"msg":"Clicking 'Show More', awaiting more content","page":"https://www.adn.com/section/alaska-news/","workerid":0}}
{"timestamp":"2025-03-17T14:59:20.801Z","logLevel":"info","context":"behaviorScript","message":"Behavior log","details":{"state":{"segments":11},"msg":"Clicking 'Show More', awaiting more content","page":"https://www.adn.com/section/alaska-news/","workerid":0}}
{"timestamp":"2025-03-17T14:59:24.517Z","logLevel":"info","context":"behaviorScript","message":"Behavior log","details":{"state":{"segments":12},"msg":"Clicking 'Show More', awaiting more content","page":"https://www.adn.com/section/alaska-news/","workerid":0}}
{"timestamp":"2025-03-17T14:59:28.304Z","logLevel":"info","context":"behaviorScript","message":"Behavior log","details":{"state":{"segments":14},"msg":"Clicking 'Show More', awaiting more content","page":"https://www.adn.com/section/alaska-news/","workerid":0}}
{"timestamp":"2025-03-17T14:59:32.037Z","logLevel":"info","context":"behaviorScript","message":"Behavior log","details":{"state":{"segments":15},"msg":"Clicking 'Show More', awaiting more content","page":"https://www.adn.com/section/alaska-news/","workerid":0}}
{"timestamp":"2025-03-17T14:59:35.773Z","logLevel":"info","context":"behaviorScript","message":"Behavior log","details":{"state":{"segments":16},"msg":"Clicking 'Show More', awaiting more content","page":"https://www.adn.com/section/alaska-news/","workerid":0}}
{"timestamp":"2025-03-17T14:59:39.406Z","logLevel":"info","context":"behaviorScript","message":"Behavior log","details":{"state":{"segments":17},"msg":"Clicking 'Show More', awaiting more content","page":"https://www.adn.com/section/alaska-news/","workerid":0}}
{"timestamp":"2025-03-17T14:59:43.143Z","logLevel":"info","context":"behaviorScript","message":"Behavior log","details":{"state":{"segments":18},"msg":"Clicking 'Show More', awaiting more content","page":"https://www.adn.com/section/alaska-news/","workerid":0}}
{"timestamp":"2025-03-17T14:59:46.848Z","logLevel":"info","context":"behaviorScript","message":"Behavior log","details":{"state":{"segments":19},"msg":"Clicking 'Show More', awaiting more content","page":"https://www.adn.com/section/alaska-news/","workerid":0}}
{"timestamp":"2025-03-17T14:59:47.169Z","logLevel":"warn","context":"recorder","message":"Request failed","details":{"url":"https://www.adn.com/resizer/v2/JAFB2NP3VVBQDDXXH3IXD5Q7ZE.jpg?smart=true&auth=11544d06d74aa7825211bfee1129d5e0074919b83116f119ee93c1dffff00372&width=1200&height=800","errorText":"net::ERR_HTTP2_PROTOCOL_ERROR","type":"Image","status":0,"page":"https://www.adn.com/alaska-news","workerid":0}}
{"timestamp":"2025-03-17T14:59:50.495Z","logLevel":"info","context":"behaviorScript","message":"Behavior log","details":{"state":{"segments":20},"msg":"Clicking 'Show More', awaiting more content","page":"https://www.adn.com/section/alaska-news/","workerid":0}}
{"timestamp":"2025-03-17T14:59:54.227Z","logLevel":"info","context":"behaviorScript","message":"Behavior log","details":{"state":{"segments":21},"msg":"Clicking 'Show More', awaiting more content","page":"https://www.adn.com/section/alaska-news/","workerid":0}}
{"timestamp":"2025-03-17T14:59:57.942Z","logLevel":"info","context":"behaviorScript","message":"Behavior log","details":{"state":{"segments":22},"msg":"Clicking 'Show More', awaiting more content","page":"https://www.adn.com/section/alaska-news/","workerid":0}}
{"timestamp":"2025-03-17T15:00:01.687Z","logLevel":"info","context":"behaviorScript","message":"Behavior log","details":{"state":{"segments":23},"msg":"Clicking 'Show More', awaiting more content","page":"https://www.adn.com/section/alaska-news/","workerid":0}}
{"timestamp":"2025-03-17T15:00:05.506Z","logLevel":"info","context":"behaviorScript","message":"Behavior log","details":{"state":{"segments":24},"msg":"Clicking 'Show More', awaiting more content","page":"https://www.adn.com/section/alaska-news/","workerid":0}}
{"timestamp":"2025-03-17T15:00:09.250Z","logLevel":"info","context":"behaviorScript","message":"Behavior log","details":{"state":{"segments":25},"msg":"Clicking 'Show More', awaiting more content","page":"https://www.adn.com/section/alaska-news/","workerid":0}}
{"timestamp":"2025-03-17T15:00:10.634Z","logLevel":"warn","context":"behavior","message":"Behaviors timed out","details":{"seconds":90,"page":"https://www.adn.com/alaska-news","workerid":0}}
{"timestamp":"2025-03-17T15:00:11.643Z","logLevel":"info","context":"pageStatus","message":"Page Finished","details":{"loadState":3,"page":"https://www.adn.com/alaska-news","workerid":0}}
{"timestamp":"2025-03-17T15:00:11.651Z","logLevel":"info","context":"worker","message":"Starting page","details":{"workerid":0,"page":"https://www.adn.com/all-content"}}
{"timestamp":"2025-03-17T15:00:11.651Z","logLevel":"info","context":"crawlStatus","message":"Crawl statistics","details":{"crawled":3,"total":122,"pending":1,"failed":0,"limit":{"max":0,"hit":false},"pendingPages":["{\"seedId\":0,\"started\":\"2025-03-17T15:00:11.651Z\",\"extraHops\":0,\"url\":\"https:\\/\\/www.adn.com\\/all-content\",\"added\":\"2025-03-17T14:57:46.849Z\",\"depth\":1}"]}}
{"timestamp":"2025-03-17T15:00:11.892Z","logLevel":"info","context":"general","message":"Awaiting page load","details":{"page":"https://www.adn.com/all-content","workerid":0}}
{"timestamp":"2025-03-17T15:00:12.295Z","logLevel":"warn","context":"behavior","message":"Behavior run partially failed","details":{"reason":{"type":"exception","message":"Protocol error (Runtime.evaluate): Execution context was destroyed.","stack":"ProtocolError: Protocol error (Runtime.evaluate): Execution context was destroyed.\n    at <instance_members_initializer> (file:///app/node_modules/puppeteer-core/lib/esm/puppeteer/common/CallbackRegistry.js:97:14)\n    at new Callback (file:///app/node_modules/puppeteer-core/lib/esm/puppeteer/common/CallbackRegistry.js:101:16)\n    at CallbackRegistry.create (file:///app/node_modules/puppeteer-core/lib/esm/puppeteer/common/CallbackRegistry.js:20:26)\n    at Connection._rawSend (file:///app/node_modules/puppeteer-core/lib/esm/puppeteer/cdp/Connection.js:89:26)\n    at CdpCDPSession.send (file:///app/node_modules/puppeteer-core/lib/esm/puppeteer/cdp/CDPSession.js:66:33)\n    at Browser.evaluateWithCLI (file:///app/dist/util/browser.js:212:56)\n    at file:///app/dist/crawler.js:820:89\n    at Array.map (<anonymous>)\n    at Crawler.runBehaviors (file:///app/dist/crawler.js:820:61)\n    at Crawler.doPostLoadActions (file:///app/dist/crawler.js:734:49)"},"page":"https://www.adn.com/alaska-news","workerid":0}}
{"timestamp":"2025-03-17T15:00:12.296Z","logLevel":"info","context":"behavior","message":"Behaviors finished","details":{"finished":3,"page":"https://www.adn.com/alaska-news","workerid":0}}
{"timestamp":"2025-03-17T15:00:12.574Z","logLevel":"warn","context":"recorder","message":"Skipping URL from unknown frame","details":{"url":"https://lpcdn.lpsnmedia.net/le_secure_storage/3.32.3-release_1655932912/storage.secure.min.html?loc=https%3A%2F%2Fwww.adn.com&site=75052514&env=prod&isCrossDomain=true&accdn=accdn.lpsnmedia.net","frameId":"B1E973960558E9015544998C5C7B1FFD"}}
{"timestamp":"2025-03-17T15:00:14.412Z","logLevel":"warn","context":"general","message":"Invalid Page - URL must start with http:// or https://","details":{"url":"javascript:void(0)","page":"https://www.adn.com/all-content","workerid":0}}
{"timestamp":"2025-03-17T15:00:14.446Z","logLevel":"info","context":"behavior","message":"Running behaviors","details":{"frames":3,"frameUrls":["https://www.adn.com/all-content/","chrome-error://chromewebdata/","https://lpcdn.lpsnmedia.net/le_secure_storage/3.32.3-release_1655932912/storage.secure.min.html?loc=https%3A%2F%2Fwww.adn.com&site=75052514&env=prod&isCrossDomain=true&accdn=accdn.lpsnmedia.net"],"page":"https://www.adn.com/all-content","workerid":0}}
{"timestamp":"2025-03-17T15:00:14.447Z","logLevel":"info","context":"behavior","message":"Run Script Started","details":{"frameUrl":"https://www.adn.com/all-content/","page":"https://www.adn.com/all-content","workerid":0}}
{"timestamp":"2025-03-17T15:00:14.447Z","logLevel":"info","context":"behavior","message":"Run Script Started","details":{"frameUrl":"chrome-error://chromewebdata/","page":"https://www.adn.com/all-content","workerid":0}}
{"timestamp":"2025-03-17T15:00:14.447Z","logLevel":"info","context":"behavior","message":"Run Script Started","details":{"frameUrl":"https://lpcdn.lpsnmedia.net/le_secure_storage/3.32.3-release_1655932912/storage.secure.min.html?loc=https%3A%2F%2Fwww.adn.com&site=75052514&env=prod&isCrossDomain=true&accdn=accdn.lpsnmedia.net","page":"https://www.adn.com/all-content","workerid":0}}
{"timestamp":"2025-03-17T15:00:14.457Z","logLevel":"info","context":"behaviorScript","message":"Behavior log","details":{"state":{"segments":1},"msg":"Skipping autoscroll, page seems to not be responsive to scrolling events","page":"https://www.adn.com/all-content/","workerid":0}}
{"timestamp":"2025-03-17T15:00:14.457Z","logLevel":"info","context":"behaviorScript","message":"Behavior log","details":{"state":{"segments":1},"msg":"done!","page":"https://www.adn.com/all-content/","workerid":0}}
{"timestamp":"2025-03-17T15:00:14.458Z","logLevel":"info","context":"behaviorScript","message":"Behavior log","details":{"state":{"segments":1},"msg":"Skipping autoscroll, page seems to not be responsive to scrolling events","page":"https://www.adn.com/all-content/","workerid":0}}
{"timestamp":"2025-03-17T15:00:14.458Z","logLevel":"info","context":"behaviorScript","message":"Behavior log","details":{"state":{"segments":1},"msg":"done!","page":"https://www.adn.com/all-content/","workerid":0}}
{"timestamp":"2025-03-17T15:00:14.532Z","logLevel":"info","context":"behaviorScript","message":"Behavior log","details":{"state":{"segments":1},"msg":"Scrolling down by 30 pixels every 0.075 seconds","page":"https://www.adn.com/all-content/","workerid":0}}
{"timestamp":"2025-03-17T15:00:14.958Z","logLevel":"info","context":"behavior","message":"Run Script Finished","details":{"frameUrl":"chrome-error://chromewebdata/","page":"https://www.adn.com/all-content","workerid":0}}
{"timestamp":"2025-03-17T15:00:14.958Z","logLevel":"info","context":"behavior","message":"Run Script Finished","details":{"frameUrl":"https://lpcdn.lpsnmedia.net/le_secure_storage/3.32.3-release_1655932912/storage.secure.min.html?loc=https%3A%2F%2Fwww.adn.com&site=75052514&env=prod&isCrossDomain=true&accdn=accdn.lpsnmedia.net","page":"https://www.adn.com/all-content","workerid":0}}
{"timestamp":"2025-03-17T15:00:17.844Z","logLevel":"info","context":"behaviorScript","message":"Behavior log","details":{"state":{"segments":1},"msg":"Clicking 'Show More', awaiting more content","page":"https://www.adn.com/all-content/","workerid":0}}
{"timestamp":"2025-03-17T15:00:18.129Z","logLevel":"info","context":"behaviorScript","message":"Behavior log","details":{"state":{"segments":1},"msg":"Scrolling down by 30 pixels every 0.075 seconds","page":"https://www.adn.com/all-content/","workerid":0}}
{"timestamp":"2025-03-17T15:00:21.444Z","logLevel":"info","context":"behaviorScript","message":"Behavior log","details":{"state":{"segments":2},"msg":"Clicking 'Show More', awaiting more content","page":"https://www.adn.com/all-content/","workerid":0}}
{"timestamp":"2025-03-17T15:00:25.104Z","logLevel":"info","context":"behaviorScript","message":"Behavior log","details":{"state":{"segments":3},"msg":"Clicking 'Show More', awaiting more content","page":"https://www.adn.com/all-content/","workerid":0}}
{"timestamp":"2025-03-17T15:00:28.764Z","logLevel":"info","context":"behaviorScript","message":"Behavior log","details":{"state":{"segments":4},"msg":"Clicking 'Show More', awaiting more content","page":"https://www.adn.com/all-content/","workerid":0}}
{"timestamp":"2025-03-17T15:00:32.442Z","logLevel":"info","context":"behaviorScript","message":"Behavior log","details":{"state":{"segments":5},"msg":"Clicking 'Show More', awaiting more content","page":"https://www.adn.com/all-content/","workerid":0}}
{"timestamp":"2025-03-17T15:00:36.123Z","logLevel":"info","context":"behaviorScript","message":"Behavior log","details":{"state":{"segments":6},"msg":"Clicking 'Show More', awaiting more content","page":"https://www.adn.com/all-content/","workerid":0}}
{"timestamp":"2025-03-17T15:00:39.802Z","logLevel":"info","context":"behaviorScript","message":"Behavior log","details":{"state":{"segments":7},"msg":"Clicking 'Show More', awaiting more content","page":"https://www.adn.com/all-content/","workerid":0}}
{"timestamp":"2025-03-17T15:00:43.411Z","logLevel":"info","context":"behaviorScript","message":"Behavior log","details":{"state":{"segments":8},"msg":"Clicking 'Show More', awaiting more content","page":"https://www.adn.com/all-content/","workerid":0}}
{"timestamp":"2025-03-17T15:00:47.015Z","logLevel":"info","context":"behaviorScript","message":"Behavior log","details":{"state":{"segments":9},"msg":"Clicking 'Show More', awaiting more content","page":"https://www.adn.com/all-content/","workerid":0}}
{"timestamp":"2025-03-17T15:00:50.710Z","logLevel":"info","context":"behaviorScript","message":"Behavior log","details":{"state":{"segments":10},"msg":"Clicking 'Show More', awaiting more content","page":"https://www.adn.com/all-content/","workerid":0}}
{"timestamp":"2025-03-17T15:00:54.316Z","logLevel":"info","context":"behaviorScript","message":"Behavior log","details":{"state":{"segments":11},"msg":"Clicking 'Show More', awaiting more content","page":"https://www.adn.com/all-content/","workerid":0}}
{"timestamp":"2025-03-17T15:00:58.095Z","logLevel":"info","context":"behaviorScript","message":"Behavior log","details":{"state":{"segments":12},"msg":"Clicking 'Show More', awaiting more content","page":"https://www.adn.com/all-content/","workerid":0}}
{"timestamp":"2025-03-17T15:01:01.810Z","logLevel":"info","context":"behaviorScript","message":"Behavior log","details":{"state":{"segments":13},"msg":"Clicking 'Show More', awaiting more content","page":"https://www.adn.com/all-content/","workerid":0}}
{"timestamp":"2025-03-17T15:01:05.501Z","logLevel":"info","context":"behaviorScript","message":"Behavior log","details":{"state":{"segments":14},"msg":"Clicking 'Show More', awaiting more content","page":"https://www.adn.com/all-content/","workerid":0}}
{"timestamp":"2025-03-17T15:01:09.225Z","logLevel":"info","context":"behaviorScript","message":"Behavior log","details":{"state":{"segments":15},"msg":"Clicking 'Show More', awaiting more content","page":"https://www.adn.com/all-content/","workerid":0}}
{"timestamp":"2025-03-17T15:01:12.953Z","logLevel":"info","context":"behaviorScript","message":"Behavior log","details":{"state":{"segments":16},"msg":"Clicking 'Show More', awaiting more content","page":"https://www.adn.com/all-content/","workerid":0}}
{"timestamp":"2025-03-17T15:01:16.759Z","logLevel":"info","context":"behaviorScript","message":"Behavior log","details":{"state":{"segments":17},"msg":"Clicking 'Show More', awaiting more content","page":"https://www.adn.com/all-content/","workerid":0}}
{"timestamp":"2025-03-17T15:01:20.498Z","logLevel":"info","context":"behaviorScript","message":"Behavior log","details":{"state":{"segments":18},"msg":"Clicking 'Show More', awaiting more content","page":"https://www.adn.com/all-content/","workerid":0}}
{"timestamp":"2025-03-17T15:01:24.215Z","logLevel":"info","context":"behaviorScript","message":"Behavior log","details":{"state":{"segments":19},"msg":"Clicking 'Show More', awaiting more content","page":"https://www.adn.com/all-content/","workerid":0}}
{"timestamp":"2025-03-17T15:01:27.879Z","logLevel":"info","context":"behaviorScript","message":"Behavior log","details":{"state":{"segments":20},"msg":"Clicking 'Show More', awaiting more content","page":"https://www.adn.com/all-content/","workerid":0}}
{"timestamp":"2025-03-17T15:01:31.685Z","logLevel":"info","context":"behaviorScript","message":"Behavior log","details":{"state":{"segments":21},"msg":"Clicking 'Show More', awaiting more content","page":"https://www.adn.com/all-content/","workerid":0}}
{"timestamp":"2025-03-17T15:01:35.420Z","logLevel":"info","context":"behaviorScript","message":"Behavior log","details":{"state":{"segments":22},"msg":"Clicking 'Show More', awaiting more content","page":"https://www.adn.com/all-content/","workerid":0}}
{"timestamp":"2025-03-17T15:01:39.080Z","logLevel":"info","context":"behaviorScript","message":"Behavior log","details":{"state":{"segments":23},"msg":"Clicking 'Show More', awaiting more content","page":"https://www.adn.com/all-content/","workerid":0}}
{"timestamp":"2025-03-17T15:01:42.820Z","logLevel":"info","context":"behaviorScript","message":"Behavior log","details":{"state":{"segments":24},"msg":"Clicking 'Show More', awaiting more content","page":"https://www.adn.com/all-content/","workerid":0}}
{"timestamp":"2025-03-17T15:01:44.449Z","logLevel":"warn","context":"behavior","message":"Behaviors timed out","details":{"seconds":90,"page":"https://www.adn.com/all-content","workerid":0}}
{"timestamp":"2025-03-17T15:01:45.747Z","logLevel":"info","context":"pageStatus","message":"Page Finished","details":{"loadState":3,"page":"https://www.adn.com/all-content","workerid":0}}
{"timestamp":"2025-03-17T15:01:45.758Z","logLevel":"info","context":"worker","message":"Starting page","details":{"workerid":0,"page":"https://www.adn.com/games"}}
{"timestamp":"2025-03-17T15:01:45.759Z","logLevel":"info","context":"crawlStatus","message":"Crawl statistics","details":{"crawled":4,"total":123,"pending":1,"failed":0,"limit":{"max":0,"hit":false},"pendingPages":["{\"seedId\":0,\"started\":\"2025-03-17T15:01:45.758Z\",\"extraHops\":0,\"url\":\"https:\\/\\/www.adn.com\\/games\",\"added\":\"2025-03-17T14:57:46.849Z\",\"depth\":1}"]}}
{"timestamp":"2025-03-17T15:01:45.867Z","logLevel":"info","context":"general","message":"Awaiting page load","details":{"page":"https://www.adn.com/games","workerid":0}}
{"timestamp":"2025-03-17T15:01:46.336Z","logLevel":"warn","context":"behavior","message":"Behavior run partially failed","details":{"reason":{"type":"exception","message":"Protocol error (Runtime.evaluate): Inspected target navigated or closed","stack":"ProtocolError: Protocol error (Runtime.evaluate): Inspected target navigated or closed\n    at <instance_members_initializer> (file:///app/node_modules/puppeteer-core/lib/esm/puppeteer/common/CallbackRegistry.js:97:14)\n    at new Callback (file:///app/node_modules/puppeteer-core/lib/esm/puppeteer/common/CallbackRegistry.js:101:16)\n    at CallbackRegistry.create (file:///app/node_modules/puppeteer-core/lib/esm/puppeteer/common/CallbackRegistry.js:20:26)\n    at Connection._rawSend (file:///app/node_modules/puppeteer-core/lib/esm/puppeteer/cdp/Connection.js:89:26)\n    at CdpCDPSession.send (file:///app/node_modules/puppeteer-core/lib/esm/puppeteer/cdp/CDPSession.js:66:33)\n    at Browser.evaluateWithCLI (file:///app/dist/util/browser.js:212:56)\n    at file:///app/dist/crawler.js:820:89\n    at Array.map (<anonymous>)\n    at Crawler.runBehaviors (file:///app/dist/crawler.js:820:61)\n    at Crawler.doPostLoadActions (file:///app/dist/crawler.js:734:49)"},"page":"https://www.adn.com/all-content","workerid":0}}
{"timestamp":"2025-03-17T15:01:46.336Z","logLevel":"info","context":"behavior","message":"Behaviors finished","details":{"finished":3,"page":"https://www.adn.com/all-content","workerid":0}}
{"timestamp":"2025-03-17T15:01:47.085Z","logLevel":"warn","context":"recorder","message":"Skipping URL from unknown frame","details":{"url":"https://lpcdn.lpsnmedia.net/le_secure_storage/3.32.3-release_1655932912/storage.secure.min.html?loc=http%3A%2F%2Fwww.adn.com&site=75052514&env=prod&isCrossDomain=true&accdn=accdn.lpsnmedia.net","frameId":"2296C6E043A180F00D2A62D7718C66D4"}}
{"timestamp":"2025-03-17T15:01:47.278Z","logLevel":"warn","context":"recorder","message":"Skipping URL from unknown frame","details":{"url":"https://va.idp.liveperson.net/postmessage/postmessage.min.html?bust=1742223707209&loc=http%3A%2F%2Fwww.adn.com","frameId":"953568803E7D570FFB8A7F64818DC2B2"}}
{"timestamp":"2025-03-17T15:01:49.317Z","logLevel":"warn","context":"general","message":"Invalid Page - URL must start with http:// or https://","details":{"url":"javascript:void(0)","page":"https://www.adn.com/games","workerid":0}}
{"timestamp":"2025-03-17T15:01:49.330Z","logLevel":"warn","context":"general","message":"Invalid Page - URL must start with http:// or https://","details":{"url":"mailto:support@amuniversal.com?Subject=GoContent%20500%20Error","page":"https://www.adn.com/games","workerid":0}}
{"timestamp":"2025-03-17T15:01:49.343Z","logLevel":"info","context":"behavior","message":"Running behaviors","details":{"frames":5,"frameUrls":["http://www.adn.com/games/","chrome-error://chromewebdata/","https://entertainment.service.amuniversal.com/index?client_code=adn&sub_id=3966&encrypted_url=U2FsdGVkX18h6kaOnccSMlPm52km7xslZ4O%2BYw171STPpjknjbcwGHQPI4D4WRpP%0A&embed_type=puzzle&template_type=default","https://lpcdn.lpsnmedia.net/le_secure_storage/3.32.3-release_1655932912/storage.secure.min.html?loc=http%3A%2F%2Fwww.adn.com&site=75052514&env=prod&isCrossDomain=true&accdn=accdn.lpsnmedia.net","https://va.idp.liveperson.net/postmessage/postmessage.min.html?bust=1742223707209&loc=http%3A%2F%2Fwww.adn.com"],"page":"https://www.adn.com/games","workerid":0}}
{"timestamp":"2025-03-17T15:01:49.343Z","logLevel":"info","context":"behavior","message":"Run Script Started","details":{"frameUrl":"http://www.adn.com/games/","page":"https://www.adn.com/games","workerid":0}}
{"timestamp":"2025-03-17T15:01:49.343Z","logLevel":"info","context":"behavior","message":"Run Script Started","details":{"frameUrl":"chrome-error://chromewebdata/","page":"https://www.adn.com/games","workerid":0}}
{"timestamp":"2025-03-17T15:01:49.343Z","logLevel":"info","context":"behavior","message":"Run Script Started","details":{"frameUrl":"https://entertainment.service.amuniversal.com/index?client_code=adn&sub_id=3966&encrypted_url=U2FsdGVkX18h6kaOnccSMlPm52km7xslZ4O%2BYw171STPpjknjbcwGHQPI4D4WRpP%0A&embed_type=puzzle&template_type=default","page":"https://www.adn.com/games","workerid":0}}
{"timestamp":"2025-03-17T15:01:49.343Z","logLevel":"info","context":"behavior","message":"Run Script Started","details":{"frameUrl":"https://lpcdn.lpsnmedia.net/le_secure_storage/3.32.3-release_1655932912/storage.secure.min.html?loc=http%3A%2F%2Fwww.adn.com&site=75052514&env=prod&isCrossDomain=true&accdn=accdn.lpsnmedia.net","page":"https://www.adn.com/games","workerid":0}}
{"timestamp":"2025-03-17T15:01:49.343Z","logLevel":"info","context":"behavior","message":"Run Script Started","details":{"frameUrl":"https://va.idp.liveperson.net/postmessage/postmessage.min.html?bust=1742223707209&loc=http%3A%2F%2Fwww.adn.com","page":"https://www.adn.com/games","workerid":0}}
{"timestamp":"2025-03-17T15:01:49.348Z","logLevel":"info","context":"behaviorScript","message":"Behavior log","details":{"state":{"segments":1},"msg":"done!","page":"http://www.adn.com/games/","workerid":0}}
{"timestamp":"2025-03-17T15:01:49.350Z","logLevel":"info","context":"behaviorScript","message":"Behavior log","details":{"state":{"segments":1},"msg":"Skipping autoscroll, page seems to not be responsive to scrolling events","page":"http://www.adn.com/games/","workerid":0}}
{"timestamp":"2025-03-17T15:01:49.350Z","logLevel":"info","context":"behaviorScript","message":"Behavior log","details":{"state":{"segments":1},"msg":"done!","page":"http://www.adn.com/games/","workerid":0}}
{"timestamp":"2025-03-17T15:01:49.353Z","logLevel":"info","context":"behaviorScript","message":"Behavior log","details":{"state":{"segments":1},"msg":"Skipping autoscroll, page seems to not be responsive to scrolling events","page":"http://www.adn.com/games/","workerid":0}}
{"timestamp":"2025-03-17T15:01:49.353Z","logLevel":"info","context":"behaviorScript","message":"Behavior log","details":{"state":{"segments":1},"msg":"done!","page":"http://www.adn.com/games/","workerid":0}}
{"timestamp":"2025-03-17T15:01:49.355Z","logLevel":"info","context":"behaviorScript","message":"Behavior log","details":{"state":{"segments":1},"msg":"Skipping autoscroll, page seems to not be responsive to scrolling events","page":"http://www.adn.com/games/","workerid":0}}
{"timestamp":"2025-03-17T15:01:49.355Z","logLevel":"info","context":"behaviorScript","message":"Behavior log","details":{"state":{"segments":1},"msg":"done!","page":"http://www.adn.com/games/","workerid":0}}
{"timestamp":"2025-03-17T15:01:49.356Z","logLevel":"info","context":"behaviorScript","message":"Behavior log","details":{"state":{"segments":1},"msg":"Skipping autoscroll, page seems to not be responsive to scrolling events","page":"http://www.adn.com/games/","workerid":0}}
{"timestamp":"2025-03-17T15:01:49.356Z","logLevel":"info","context":"behaviorScript","message":"Behavior log","details":{"state":{"segments":1},"msg":"done!","page":"http://www.adn.com/games/","workerid":0}}
{"timestamp":"2025-03-17T15:01:49.852Z","logLevel":"info","context":"behavior","message":"Run Script Finished","details":{"frameUrl":"http://www.adn.com/games/","page":"https://www.adn.com/games","workerid":0}}
{"timestamp":"2025-03-17T15:01:49.852Z","logLevel":"info","context":"behavior","message":"Run Script Finished","details":{"frameUrl":"chrome-error://chromewebdata/","page":"https://www.adn.com/games","workerid":0}}
{"timestamp":"2025-03-17T15:01:49.854Z","logLevel":"info","context":"behavior","message":"Run Script Finished","details":{"frameUrl":"https://entertainment.service.amuniversal.com/index?client_code=adn&sub_id=3966&encrypted_url=U2FsdGVkX18h6kaOnccSMlPm52km7xslZ4O%2BYw171STPpjknjbcwGHQPI4D4WRpP%0A&embed_type=puzzle&template_type=default","page":"https://www.adn.com/games","workerid":0}}
{"timestamp":"2025-03-17T15:01:49.854Z","logLevel":"info","context":"behavior","message":"Run Script Finished","details":{"frameUrl":"https://lpcdn.lpsnmedia.net/le_secure_storage/3.32.3-release_1655932912/storage.secure.min.html?loc=http%3A%2F%2Fwww.adn.com&site=75052514&env=prod&isCrossDomain=true&accdn=accdn.lpsnmedia.net","page":"https://www.adn.com/games","workerid":0}}
{"timestamp":"2025-03-17T15:01:49.855Z","logLevel":"info","context":"behavior","message":"Run Script Finished","details":{"frameUrl":"https://va.idp.liveperson.net/postmessage/postmessage.min.html?bust=1742223707209&loc=http%3A%2F%2Fwww.adn.com","page":"https://www.adn.com/games","workerid":0}}
{"timestamp":"2025-03-17T15:01:49.855Z","logLevel":"info","context":"behavior","message":"Behaviors finished","details":{"finished":5,"page":"https://www.adn.com/games","workerid":0}}
{"timestamp":"2025-03-17T15:01:50.858Z","logLevel":"info","context":"pageStatus","message":"Page Finished","details":{"loadState":4,"page":"https://www.adn.com/games","workerid":0}}
{"timestamp":"2025-03-17T15:01:50.973Z","logLevel":"info","context":"worker","message":"Starting page","details":{"workerid":0,"page":"https://www.adn.com/newsletter/?utm_source=website&utm_medium=header_nav"}}
{"timestamp":"2025-03-17T15:01:50.973Z","logLevel":"info","context":"crawlStatus","message":"Crawl statistics","details":{"crawled":5,"total":195,"pending":1,"failed":0,"limit":{"max":0,"hit":false},"pendingPages":["{\"seedId\":0,\"started\":\"2025-03-17T15:01:50.870Z\",\"extraHops\":0,\"url\":\"https:\\/\\/www.adn.com\\/newsletter\\/?utm_source=website&utm_medium=header_nav\",\"added\":\"2025-03-17T14:57:46.849Z\",\"depth\":1}"]}}
{"timestamp":"2025-03-17T15:01:51.135Z","logLevel":"info","context":"general","message":"Awaiting page load","details":{"page":"https://www.adn.com/newsletter/?utm_source=website&utm_medium=header_nav","workerid":0}}
{"timestamp":"2025-03-17T15:01:51.219Z","logLevel":"warn","context":"recorder","message":"Skipping URL from unknown frame","details":{"url":"https://www.adn.com/newsletter/?utm_source=website&utm_medium=header_nav","frameId":"3B07A59B20E4FA7A82B364E2C8CA193B"}}
{"timestamp":"2025-03-17T15:01:51.518Z","logLevel":"warn","context":"recorder","message":"Skipping URL from unknown frame","details":{"url":"https://lpcdn.lpsnmedia.net/le_secure_storage/3.32.3-release_1655932912/storage.secure.min.html?loc=https%3A%2F%2Fwww.adn.com&site=75052514&env=prod&isCrossDomain=true&accdn=accdn.lpsnmedia.net","frameId":"26D828B755A188B99EA7463045D081A5"}}
{"timestamp":"2025-03-17T15:01:53.696Z","logLevel":"warn","context":"general","message":"Invalid Page - URL must start with http:// or https://","details":{"url":"javascript:void(0)","page":"https://www.adn.com/newsletter/?utm_source=website&utm_medium=header_nav","workerid":0}}
{"timestamp":"2025-03-17T15:01:53.724Z","logLevel":"info","context":"behavior","message":"Running behaviors","details":{"frames":3,"frameUrls":["https://www.adn.com/newsletter/?utm_source=website&utm_medium=header_nav","https://lpcdn.lpsnmedia.net/le_secure_storage/3.32.3-release_1655932912/storage.secure.min.html?loc=https%3A%2F%2Fwww.adn.com&site=75052514&env=prod&isCrossDomain=true&accdn=accdn.lpsnmedia.net","chrome-error://chromewebdata/"],"page":"https://www.adn.com/newsletter/?utm_source=website&utm_medium=header_nav","workerid":0}}
{"timestamp":"2025-03-17T15:01:53.724Z","logLevel":"info","context":"behavior","message":"Run Script Started","details":{"frameUrl":"https://www.adn.com/newsletter/?utm_source=website&utm_medium=header_nav","page":"https://www.adn.com/newsletter/?utm_source=website&utm_medium=header_nav","workerid":0}}
{"timestamp":"2025-03-17T15:01:53.725Z","logLevel":"info","context":"behavior","message":"Run Script Started","details":{"frameUrl":"https://lpcdn.lpsnmedia.net/le_secure_storage/3.32.3-release_1655932912/storage.secure.min.html?loc=https%3A%2F%2Fwww.adn.com&site=75052514&env=prod&isCrossDomain=true&accdn=accdn.lpsnmedia.net","page":"https://www.adn.com/newsletter/?utm_source=website&utm_medium=header_nav","workerid":0}}
{"timestamp":"2025-03-17T15:01:53.725Z","logLevel":"info","context":"behavior","message":"Run Script Started","details":{"frameUrl":"chrome-error://chromewebdata/","page":"https://www.adn.com/newsletter/?utm_source=website&utm_medium=header_nav","workerid":0}}
{"timestamp":"2025-03-17T15:01:53.736Z","logLevel":"info","context":"behaviorScript","message":"Behavior log","details":{"state":{"segments":1},"msg":"Skipping autoscroll, page seems to not be responsive to scrolling events","page":"https://www.adn.com/newsletter/?utm_source=website&utm_medium=header_nav","workerid":0}}
{"timestamp":"2025-03-17T15:01:53.736Z","logLevel":"info","context":"behaviorScript","message":"Behavior log","details":{"state":{"segments":1},"msg":"done!","page":"https://www.adn.com/newsletter/?utm_source=website&utm_medium=header_nav","workerid":0}}
{"timestamp":"2025-03-17T15:01:53.737Z","logLevel":"info","context":"behaviorScript","message":"Behavior log","details":{"state":{"segments":1},"msg":"Skipping autoscroll, page seems to not be responsive to scrolling events","page":"https://www.adn.com/newsletter/?utm_source=website&utm_medium=header_nav","workerid":0}}
{"timestamp":"2025-03-17T15:01:53.737Z","logLevel":"info","context":"behaviorScript","message":"Behavior log","details":{"state":{"segments":1},"msg":"done!","page":"https://www.adn.com/newsletter/?utm_source=website&utm_medium=header_nav","workerid":0}}
{"timestamp":"2025-03-17T15:01:53.811Z","logLevel":"info","context":"behaviorScript","message":"Behavior log","details":{"state":{"segments":1},"msg":"Scrolling down by 30 pixels every 0.075 seconds","page":"https://www.adn.com/newsletter/?utm_source=website&utm_medium=header_nav","workerid":0}}
{"timestamp":"2025-03-17T15:01:54.241Z","logLevel":"info","context":"behavior","message":"Run Script Finished","details":{"frameUrl":"https://lpcdn.lpsnmedia.net/le_secure_storage/3.32.3-release_1655932912/storage.secure.min.html?loc=https%3A%2F%2Fwww.adn.com&site=75052514&env=prod&isCrossDomain=true&accdn=accdn.lpsnmedia.net","page":"https://www.adn.com/newsletter/?utm_source=website&utm_medium=header_nav","workerid":0}}
{"timestamp":"2025-03-17T15:01:54.241Z","logLevel":"info","context":"behavior","message":"Run Script Finished","details":{"frameUrl":"chrome-error://chromewebdata/","page":"https://www.adn.com/newsletter/?utm_source=website&utm_medium=header_nav","workerid":0}}
{"timestamp":"2025-03-17T15:01:56.323Z","logLevel":"info","context":"behaviorScript","message":"Behavior log","details":{"state":{"segments":1},"msg":"done!","page":"https://www.adn.com/newsletter/?utm_source=website&utm_medium=header_nav","workerid":0}}
{"timestamp":"2025-03-17T15:01:56.324Z","logLevel":"info","context":"behavior","message":"Run Script Finished","details":{"frameUrl":"https://www.adn.com/newsletter/?utm_source=website&utm_medium=header_nav","page":"https://www.adn.com/newsletter/?utm_source=website&utm_medium=header_nav","workerid":0}}
{"timestamp":"2025-03-17T15:01:56.324Z","logLevel":"info","context":"behavior","message":"Behaviors finished","details":{"finished":3,"page":"https://www.adn.com/newsletter/?utm_source=website&utm_medium=header_nav","workerid":0}}
{"timestamp":"2025-03-17T15:01:57.333Z","logLevel":"info","context":"pageStatus","message":"Page Finished","details":{"loadState":4,"page":"https://www.adn.com/newsletter/?utm_source=website&utm_medium=header_nav","workerid":0}}
{"timestamp":"2025-03-17T15:01:57.348Z","logLevel":"info","context":"worker","message":"Starting page","details":{"workerid":0,"page":"https://www.adn.com/opinions"}}
{"timestamp":"2025-03-17T15:01:57.349Z","logLevel":"info","context":"crawlStatus","message":"Crawl statistics","details":{"crawled":6,"total":195,"pending":1,"failed":0,"limit":{"max":0,"hit":false},"pendingPages":["{\"seedId\":0,\"started\":\"2025-03-17T15:01:57.347Z\",\"extraHops\":0,\"url\":\"https:\\/\\/www.adn.com\\/opinions\",\"added\":\"2025-03-17T14:57:46.849Z\",\"depth\":1}"]}}
{"timestamp":"2025-03-17T15:01:57.625Z","logLevel":"info","context":"general","message":"Awaiting page load","details":{"page":"https://www.adn.com/opinions","workerid":0}}
{"timestamp":"2025-03-17T15:01:58.014Z","logLevel":"warn","context":"recorder","message":"Skipping URL from unknown frame","details":{"url":"https://lpcdn.lpsnmedia.net/le_secure_storage/3.32.3-release_1655932912/storage.secure.min.html?loc=https%3A%2F%2Fwww.adn.com&site=75052514&env=prod&isCrossDomain=true&accdn=accdn.lpsnmedia.net","frameId":"59D12708FF1C558EF9A6B0626F18413E"}}
{"timestamp":"2025-03-17T15:01:59.888Z","logLevel":"warn","context":"general","message":"Invalid Page - URL must start with http:// or https://","details":{"url":"javascript:void(0)","page":"https://www.adn.com/opinions","workerid":0}}
{"timestamp":"2025-03-17T15:01:59.903Z","logLevel":"info","context":"behavior","message":"Running behaviors","details":{"frames":3,"frameUrls":["https://www.adn.com/section/opinions/","https://lpcdn.lpsnmedia.net/le_secure_storage/3.32.3-release_1655932912/storage.secure.min.html?loc=https%3A%2F%2Fwww.adn.com&site=75052514&env=prod&isCrossDomain=true&accdn=accdn.lpsnmedia.net","chrome-error://chromewebdata/"],"page":"https://www.adn.com/opinions","workerid":0}}
{"timestamp":"2025-03-17T15:01:59.904Z","logLevel":"info","context":"behavior","message":"Run Script Started","details":{"frameUrl":"https://www.adn.com/section/opinions/","page":"https://www.adn.com/opinions","workerid":0}}
{"timestamp":"2025-03-17T15:01:59.904Z","logLevel":"info","context":"behavior","message":"Run Script Started","details":{"frameUrl":"https://lpcdn.lpsnmedia.net/le_secure_storage/3.32.3-release_1655932912/storage.secure.min.html?loc=https%3A%2F%2Fwww.adn.com&site=75052514&env=prod&isCrossDomain=true&accdn=accdn.lpsnmedia.net","page":"https://www.adn.com/opinions","workerid":0}}
{"timestamp":"2025-03-17T15:01:59.904Z","logLevel":"info","context":"behavior","message":"Run Script Started","details":{"frameUrl":"chrome-error://chromewebdata/","page":"https://www.adn.com/opinions","workerid":0}}
{"timestamp":"2025-03-17T15:01:59.917Z","logLevel":"info","context":"behaviorScript","message":"Behavior log","details":{"state":{"segments":1},"msg":"Skipping autoscroll, page seems to not be responsive to scrolling events","page":"https://www.adn.com/section/opinions/","workerid":0}}
{"timestamp":"2025-03-17T15:01:59.917Z","logLevel":"info","context":"behaviorScript","message":"Behavior log","details":{"state":{"segments":1},"msg":"done!","page":"https://www.adn.com/section/opinions/","workerid":0}}
{"timestamp":"2025-03-17T15:01:59.917Z","logLevel":"info","context":"behaviorScript","message":"Behavior log","details":{"state":{"segments":1},"msg":"Skipping autoscroll, page seems to not be responsive to scrolling events","page":"https://www.adn.com/section/opinions/","workerid":0}}
{"timestamp":"2025-03-17T15:01:59.917Z","logLevel":"info","context":"behaviorScript","message":"Behavior log","details":{"state":{"segments":1},"msg":"done!","page":"https://www.adn.com/section/opinions/","workerid":0}}
{"timestamp":"2025-03-17T15:01:59.990Z","logLevel":"info","context":"behaviorScript","message":"Behavior log","details":{"state":{"segments":1},"msg":"Scrolling down by 30 pixels every 0.075 seconds","page":"https://www.adn.com/section/opinions/","workerid":0}}
{"timestamp":"2025-03-17T15:02:00.417Z","logLevel":"info","context":"behavior","message":"Run Script Finished","details":{"frameUrl":"https://lpcdn.lpsnmedia.net/le_secure_storage/3.32.3-release_1655932912/storage.secure.min.html?loc=https%3A%2F%2Fwww.adn.com&site=75052514&env=prod&isCrossDomain=true&accdn=accdn.lpsnmedia.net","page":"https://www.adn.com/opinions","workerid":0}}
{"timestamp":"2025-03-17T15:02:00.418Z","logLevel":"info","context":"behavior","message":"Run Script Finished","details":{"frameUrl":"chrome-error://chromewebdata/","page":"https://www.adn.com/opinions","workerid":0}}
{"timestamp":"2025-03-17T15:02:03.996Z","logLevel":"info","context":"behaviorScript","message":"Behavior log","details":{"state":{"segments":1},"msg":"Clicking 'Show More', awaiting more content","page":"https://www.adn.com/section/opinions/","workerid":0}}
{"timestamp":"2025-03-17T15:02:04.277Z","logLevel":"info","context":"behaviorScript","message":"Behavior log","details":{"state":{"segments":1},"msg":"Scrolling down by 30 pixels every 0.075 seconds","page":"https://www.adn.com/section/opinions/","workerid":0}}
{"timestamp":"2025-03-17T15:02:07.733Z","logLevel":"info","context":"behaviorScript","message":"Behavior log","details":{"state":{"segments":2},"msg":"Clicking 'Show More', awaiting more content","page":"https://www.adn.com/section/opinions/","workerid":0}}
{"timestamp":"2025-03-17T15:02:11.410Z","logLevel":"info","context":"behaviorScript","message":"Behavior log","details":{"state":{"segments":3},"msg":"Clicking 'Show More', awaiting more content","page":"https://www.adn.com/section/opinions/","workerid":0}}
{"timestamp":"2025-03-17T15:02:15.176Z","logLevel":"info","context":"behaviorScript","message":"Behavior log","details":{"state":{"segments":4},"msg":"Clicking 'Show More', awaiting more content","page":"https://www.adn.com/section/opinions/","workerid":0}}
{"timestamp":"2025-03-17T15:02:18.933Z","logLevel":"info","context":"behaviorScript","message":"Behavior log","details":{"state":{"segments":5},"msg":"Clicking 'Show More', awaiting more content","page":"https://www.adn.com/section/opinions/","workerid":0}}
{"timestamp":"2025-03-17T15:02:22.681Z","logLevel":"info","context":"behaviorScript","message":"Behavior log","details":{"state":{"segments":6},"msg":"Clicking 'Show More', awaiting more content","page":"https://www.adn.com/section/opinions/","workerid":0}}
{"timestamp":"2025-03-17T15:02:26.435Z","logLevel":"info","context":"behaviorScript","message":"Behavior log","details":{"state":{"segments":7},"msg":"Clicking 'Show More', awaiting more content","page":"https://www.adn.com/section/opinions/","workerid":0}}
{"timestamp":"2025-03-17T15:02:30.166Z","logLevel":"info","context":"behaviorScript","message":"Behavior log","details":{"state":{"segments":8},"msg":"Clicking 'Show More', awaiting more content","page":"https://www.adn.com/section/opinions/","workerid":0}}
{"timestamp":"2025-03-17T15:02:33.911Z","logLevel":"info","context":"behaviorScript","message":"Behavior log","details":{"state":{"segments":9},"msg":"Clicking 'Show More', awaiting more content","page":"https://www.adn.com/section/opinions/","workerid":0}}
{"timestamp":"2025-03-17T15:02:37.679Z","logLevel":"info","context":"behaviorScript","message":"Behavior log","details":{"state":{"segments":10},"msg":"Clicking 'Show More', awaiting more content","page":"https://www.adn.com/section/opinions/","workerid":0}}
{"timestamp":"2025-03-17T15:02:41.436Z","logLevel":"info","context":"behaviorScript","message":"Behavior log","details":{"state":{"segments":11},"msg":"Clicking 'Show More', awaiting more content","page":"https://www.adn.com/section/opinions/","workerid":0}}
{"timestamp":"2025-03-17T15:02:45.120Z","logLevel":"info","context":"behaviorScript","message":"Behavior log","details":{"state":{"segments":12},"msg":"Clicking 'Show More', awaiting more content","page":"https://www.adn.com/section/opinions/","workerid":0}}
{"timestamp":"2025-03-17T15:02:48.963Z","logLevel":"info","context":"behaviorScript","message":"Behavior log","details":{"state":{"segments":13},"msg":"Clicking 'Show More', awaiting more content","page":"https://www.adn.com/section/opinions/","workerid":0}}
{"timestamp":"2025-03-17T15:02:52.741Z","logLevel":"info","context":"behaviorScript","message":"Behavior log","details":{"state":{"segments":14},"msg":"Clicking 'Show More', awaiting more content","page":"https://www.adn.com/section/opinions/","workerid":0}}
{"timestamp":"2025-03-17T15:02:56.595Z","logLevel":"info","context":"behaviorScript","message":"Behavior log","details":{"state":{"segments":15},"msg":"Clicking 'Show More', awaiting more content","page":"https://www.adn.com/section/opinions/","workerid":0}}
{"timestamp":"2025-03-17T15:03:00.354Z","logLevel":"info","context":"behaviorScript","message":"Behavior log","details":{"state":{"segments":16},"msg":"Clicking 'Show More', awaiting more content","page":"https://www.adn.com/section/opinions/","workerid":0}}
{"timestamp":"2025-03-17T15:03:04.210Z","logLevel":"info","context":"behaviorScript","message":"Behavior log","details":{"state":{"segments":17},"msg":"Clicking 'Show More', awaiting more content","page":"https://www.adn.com/section/opinions/","workerid":0}}
{"timestamp":"2025-03-17T15:03:08.008Z","logLevel":"info","context":"behaviorScript","message":"Behavior log","details":{"state":{"segments":18},"msg":"Clicking 'Show More', awaiting more content","page":"https://www.adn.com/section/opinions/","workerid":0}}
{"timestamp":"2025-03-17T15:03:11.852Z","logLevel":"info","context":"behaviorScript","message":"Behavior log","details":{"state":{"segments":19},"msg":"Clicking 'Show More', awaiting more content","page":"https://www.adn.com/section/opinions/","workerid":0}}
{"timestamp":"2025-03-17T15:03:15.729Z","logLevel":"info","context":"behaviorScript","message":"Behavior log","details":{"state":{"segments":20},"msg":"Clicking 'Show More', awaiting more content","page":"https://www.adn.com/section/opinions/","workerid":0}}
{"timestamp":"2025-03-17T15:03:19.527Z","logLevel":"info","context":"behaviorScript","message":"Behavior log","details":{"state":{"segments":21},"msg":"Clicking 'Show More', awaiting more content","page":"https://www.adn.com/section/opinions/","workerid":0}}
{"timestamp":"2025-03-17T15:03:23.347Z","logLevel":"info","context":"behaviorScript","message":"Behavior log","details":{"state":{"segments":22},"msg":"Clicking 'Show More', awaiting more content","page":"https://www.adn.com/section/opinions/","workerid":0}}
{"timestamp":"2025-03-17T15:03:27.160Z","logLevel":"info","context":"behaviorScript","message":"Behavior log","details":{"state":{"segments":23},"msg":"Clicking 'Show More', awaiting more content","page":"https://www.adn.com/section/opinions/","workerid":0}}
{"timestamp":"2025-03-17T15:03:29.908Z","logLevel":"warn","context":"behavior","message":"Behaviors timed out","details":{"seconds":90,"page":"https://www.adn.com/opinions","workerid":0}}
{"timestamp":"2025-03-17T15:03:30.919Z","logLevel":"info","context":"pageStatus","message":"Page Finished","details":{"loadState":3,"page":"https://www.adn.com/opinions","workerid":0}}
{"timestamp":"2025-03-17T15:03:30.925Z","logLevel":"info","context":"general","message":"Time threshold reached 349.921 > 300, stopping","details":{}}
{"timestamp":"2025-03-17T15:03:30.933Z","logLevel":"info","context":"general","message":"Crawler interrupted, gracefully finishing current pages","details":{}}
{"timestamp":"2025-03-17T15:03:30.933Z","logLevel":"info","context":"worker","message":"Worker done, all tasks complete","details":{"workerid":0}}
{"timestamp":"2025-03-17T15:03:30.957Z","logLevel":"warn","context":"behavior","message":"Behavior run partially failed","details":{"reason":{"type":"exception","message":"Protocol error (Runtime.evaluate): Target closed","stack":"TargetCloseError: Protocol error (Runtime.evaluate): Target closed\n    at CallbackRegistry.clear (file:///app/node_modules/puppeteer-core/lib/esm/puppeteer/common/CallbackRegistry.js:77:36)\n    at CdpCDPSession._onClosed (file:///app/node_modules/puppeteer-core/lib/esm/puppeteer/cdp/CDPSession.js:106:25)\n    at Connection.onMessage (file:///app/node_modules/puppeteer-core/lib/esm/puppeteer/cdp/Connection.js:130:25)\n    at WebSocket.<anonymous> (file:///app/node_modules/puppeteer-core/lib/esm/puppeteer/node/NodeWebSocketTransport.js:38:32)\n    at callListener (/app/node_modules/puppeteer-core/node_modules/ws/lib/event-target.js:290:14)\n    at WebSocket.onMessage (/app/node_modules/puppeteer-core/node_modules/ws/lib/event-target.js:209:9)\n    at WebSocket.emit (node:events:518:28)\n    at Receiver.receiverOnMessage (/app/node_modules/puppeteer-core/node_modules/ws/lib/websocket.js:1220:20)\n    at Receiver.emit (node:events:518:28)\n    at Immediate.<anonymous> (/app/node_modules/puppeteer-core/node_modules/ws/lib/receiver.js:601:16)"},"page":"https://www.adn.com/opinions","workerid":0}}
{"timestamp":"2025-03-17T15:03:30.957Z","logLevel":"info","context":"behavior","message":"Behaviors finished","details":{"finished":3,"page":"https://www.adn.com/opinions","workerid":0}}
{"timestamp":"2025-03-17T15:03:31.052Z","logLevel":"info","context":"general","message":"Saving crawl state to: /crawls/collections/3ae5ebb8ffc400c9f5ec57c1814b41fa/crawls/crawl-20250317150331-e91af9579a19.yaml","details":{}}
{"timestamp":"2025-03-17T15:03:31.055Z","logLevel":"info","context":"crawlStatus","message":"Crawl statistics","details":{"crawled":7,"total":201,"pending":0,"failed":0,"limit":{"max":0,"hit":false},"pendingPages":[]}}
{"timestamp":"2025-03-17T15:03:31.055Z","logLevel":"info","context":"general","message":"Crawling done","details":{}}
{"timestamp":"2025-03-17T15:03:31.055Z","logLevel":"info","context":"general","message":"Merging CDX","details":{}}
{"timestamp":"2025-03-17T15:03:31.102Z","logLevel":"info","context":"general","message":"Generating WACZ","details":{}}
{"timestamp":"2025-03-17T15:03:31.102Z","logLevel":"info","context":"general","message":"Num WARC Files: 1","details":{}}
