{"timestamp":"2025-03-17T15:14:17.104Z","logLevel":"info","context":"general","message":"Browsertrix-Crawler 1.5.8 (with warcio.js 2.4.3)","details":{}}
{"timestamp":"2025-03-17T15:14:17.104Z","logLevel":"info","context":"general","message":"Seeds","details":[{"url":"https://www.adn.com/section/alaska-news/crime-courts/","scopeType":"prefix","include":["/^https?:\\/\\/www\\.adn\\.com\\/section\\/alaska\\-news\\/crime\\-courts\\//"],"exclude":[],"allowHash":false,"depth":-1,"sitemap":null,"auth":null,"_authEncoded":null,"maxExtraHops":0,"maxDepth":1000000}]}
{"timestamp":"2025-03-17T15:14:17.105Z","logLevel":"info","context":"general","message":"Link Selectors","details":[{"selector":"a[href]","extract":"href","isAttribute":false}]}
{"timestamp":"2025-03-17T15:14:17.105Z","logLevel":"info","context":"general","message":"Behavior Options","details":{"message":"{\"autoplay\":true,\"autofetch\":true,\"autoscroll\":true,\"siteSpecific\":true,\"log\":\"__bx_log\",\"startEarly\":true,\"clickSelector\":\"a\"}"}}
{"timestamp":"2025-03-17T15:14:17.380Z","logLevel":"info","context":"worker","message":"Creating 1 workers","details":{}}
{"timestamp":"2025-03-17T15:14:17.380Z","logLevel":"info","context":"worker","message":"Worker starting","details":{"workerid":0}}
{"timestamp":"2025-03-17T15:14:17.441Z","logLevel":"info","context":"worker","message":"Starting page","details":{"workerid":0,"page":"https://www.adn.com/section/alaska-news/crime-courts/"}}
{"timestamp":"2025-03-17T15:14:17.442Z","logLevel":"info","context":"crawlStatus","message":"Crawl statistics","details":{"crawled":0,"total":1,"pending":1,"failed":0,"limit":{"max":0,"hit":false},"pendingPages":["{\"seedId\":0,\"started\":\"2025-03-17T15:14:17.381Z\",\"extraHops\":0,\"url\":\"https:\\/\\/www.adn.com\\/section\\/alaska-news\\/crime-courts\\/\",\"added\":\"2025-03-17T15:14:17.158Z\",\"depth\":0}"]}}
{"timestamp":"2025-03-17T15:14:17.586Z","logLevel":"info","context":"general","message":"Awaiting page load","details":{"page":"https://www.adn.com/section/alaska-news/crime-courts/","workerid":0}}
{"timestamp":"2025-03-17T15:14:17.703Z","logLevel":"warn","context":"recorder","message":"Skipping URL from unknown frame","details":{"url":"https://www.adn.com/section/alaska-news/crime-courts/","frameId":"2893033ADDF90CC00B3F88D2F9B71E16"}}
{"timestamp":"2025-03-17T15:14:18.635Z","logLevel":"warn","context":"recorder","message":"Skipping URL from unknown frame","details":{"url":"https://i.liadm.com/s/c/a-08vw?duid=93c1eb36d98c--01jpjaq0n90kcc3kjr0h9yzykc&euns=0&s=&version=v3.9.0&cd=.adn.com&pv=5bd81fda-5f02-458d-8693-70d918b40b94","frameId":"19D1A7EC45BA0CA0E784FAA4F9991827"}}
{"timestamp":"2025-03-17T15:14:19.377Z","logLevel":"warn","context":"recorder","message":"Skipping URL from unknown frame","details":{"url":"https://lpcdn.lpsnmedia.net/le_secure_storage/3.32.3-release_1655932912/storage.secure.min.html?loc=https%3A%2F%2Fwww.adn.com&site=75052514&env=prod&isCrossDomain=true&accdn=accdn.lpsnmedia.net","frameId":"581DD88826FB5738581489FEC4FA9F21"}}
{"timestamp":"2025-03-17T15:14:19.396Z","logLevel":"warn","context":"recorder","message":"Skipping URL from unknown frame","details":{"url":"https://gum.criteo.com/syncframe?origin=publishertagids&topUrl=www.adn.com&gdpr=0&gdpr_consent=","frameId":"471D2D6E4F9A1867C6FD41F3C3DB1C1F"}}
{"timestamp":"2025-03-17T15:14:20.939Z","logLevel":"warn","context":"recorder","message":"Skipping URL from unknown frame","details":{"url":"https://va.idp.liveperson.net/postmessage/postmessage.min.html?bust=1742224460867&loc=https%3A%2F%2Fwww.adn.com","frameId":"F5C20F6BEBCF7574FEA9AC8387AFFA9B"}}
{"timestamp":"2025-03-17T15:14:22.594Z","logLevel":"warn","context":"general","message":"Invalid Page - URL must start with http:// or https://","details":{"url":"javascript:void(0)","page":"https://www.adn.com/section/alaska-news/crime-courts/","workerid":0}}
{"timestamp":"2025-03-17T15:14:22.638Z","logLevel":"info","context":"behavior","message":"Running behaviors","details":{"frames":4,"frameUrls":["https://www.adn.com/section/alaska-news/crime-courts/","https://lpcdn.lpsnmedia.net/le_secure_storage/3.32.3-release_1655932912/storage.secure.min.html?loc=https%3A%2F%2Fwww.adn.com&site=75052514&env=prod&isCrossDomain=true&accdn=accdn.lpsnmedia.net","chrome-error://chromewebdata/","https://va.idp.liveperson.net/postmessage/postmessage.min.html?bust=1742224460867&loc=https%3A%2F%2Fwww.adn.com"],"page":"https://www.adn.com/section/alaska-news/crime-courts/","workerid":0}}
{"timestamp":"2025-03-17T15:14:22.639Z","logLevel":"info","context":"behavior","message":"Run Script Started","details":{"frameUrl":"https://www.adn.com/section/alaska-news/crime-courts/","page":"https://www.adn.com/section/alaska-news/crime-courts/","workerid":0}}
{"timestamp":"2025-03-17T15:14:22.639Z","logLevel":"info","context":"behavior","message":"Run Script Started","details":{"frameUrl":"https://lpcdn.lpsnmedia.net/le_secure_storage/3.32.3-release_1655932912/storage.secure.min.html?loc=https%3A%2F%2Fwww.adn.com&site=75052514&env=prod&isCrossDomain=true&accdn=accdn.lpsnmedia.net","page":"https://www.adn.com/section/alaska-news/crime-courts/","workerid":0}}
{"timestamp":"2025-03-17T15:14:22.639Z","logLevel":"info","context":"behavior","message":"Run Script Started","details":{"frameUrl":"chrome-error://chromewebdata/","page":"https://www.adn.com/section/alaska-news/crime-courts/","workerid":0}}
{"timestamp":"2025-03-17T15:14:22.639Z","logLevel":"info","context":"behavior","message":"Run Script Started","details":{"frameUrl":"https://va.idp.liveperson.net/postmessage/postmessage.min.html?bust=1742224460867&loc=https%3A%2F%2Fwww.adn.com","page":"https://www.adn.com/section/alaska-news/crime-courts/","workerid":0}}
{"timestamp":"2025-03-17T15:14:22.653Z","logLevel":"info","context":"behaviorScript","message":"Behavior log","details":{"state":{"segments":1},"msg":"Skipping autoscroll, page seems to not be responsive to scrolling events","page":"https://www.adn.com/section/alaska-news/crime-courts/","workerid":0}}
{"timestamp":"2025-03-17T15:14:22.653Z","logLevel":"info","context":"behaviorScript","message":"Behavior log","details":{"state":{"segments":1},"msg":"done!","page":"https://www.adn.com/section/alaska-news/crime-courts/","workerid":0}}
{"timestamp":"2025-03-17T15:14:22.657Z","logLevel":"info","context":"behaviorScript","message":"Behavior log","details":{"state":{"segments":1},"msg":"Skipping autoscroll, page seems to not be responsive to scrolling events","page":"https://www.adn.com/section/alaska-news/crime-courts/","workerid":0}}
{"timestamp":"2025-03-17T15:14:22.658Z","logLevel":"info","context":"behaviorScript","message":"Behavior log","details":{"state":{"segments":1},"msg":"done!","page":"https://www.adn.com/section/alaska-news/crime-courts/","workerid":0}}
{"timestamp":"2025-03-17T15:14:22.659Z","logLevel":"info","context":"behaviorScript","message":"Behavior log","details":{"state":{"segments":1},"msg":"Skipping autoscroll, page seems to not be responsive to scrolling events","page":"https://www.adn.com/section/alaska-news/crime-courts/","workerid":0}}
{"timestamp":"2025-03-17T15:14:22.659Z","logLevel":"info","context":"behaviorScript","message":"Behavior log","details":{"state":{"segments":1},"msg":"done!","page":"https://www.adn.com/section/alaska-news/crime-courts/","workerid":0}}
{"timestamp":"2025-03-17T15:14:22.728Z","logLevel":"info","context":"behaviorScript","message":"Behavior log","details":{"state":{"segments":1},"msg":"Scrolling down by 30 pixels every 0.075 seconds","page":"https://www.adn.com/section/alaska-news/crime-courts/","workerid":0}}
{"timestamp":"2025-03-17T15:14:23.357Z","logLevel":"info","context":"behavior","message":"Run Script Finished","details":{"frameUrl":"https://lpcdn.lpsnmedia.net/le_secure_storage/3.32.3-release_1655932912/storage.secure.min.html?loc=https%3A%2F%2Fwww.adn.com&site=75052514&env=prod&isCrossDomain=true&accdn=accdn.lpsnmedia.net","page":"https://www.adn.com/section/alaska-news/crime-courts/","workerid":0}}
{"timestamp":"2025-03-17T15:14:23.357Z","logLevel":"info","context":"behavior","message":"Run Script Finished","details":{"frameUrl":"chrome-error://chromewebdata/","page":"https://www.adn.com/section/alaska-news/crime-courts/","workerid":0}}
{"timestamp":"2025-03-17T15:14:23.357Z","logLevel":"info","context":"behavior","message":"Run Script Finished","details":{"frameUrl":"https://va.idp.liveperson.net/postmessage/postmessage.min.html?bust=1742224460867&loc=https%3A%2F%2Fwww.adn.com","page":"https://www.adn.com/section/alaska-news/crime-courts/","workerid":0}}
{"timestamp":"2025-03-17T15:14:23.777Z","logLevel":"warn","context":"recorder","message":"Skipping URL from unknown frame","details":{"url":"https://exchange.ops.co/sync.html?plIDs=10250016","frameId":"7824489D18C7715800350AAA522220AD"}}
{"timestamp":"2025-03-17T15:14:27.711Z","logLevel":"info","context":"behaviorScript","message":"Behavior log","details":{"state":{"segments":1},"msg":"Clicking 'Show More', awaiting more content","page":"https://www.adn.com/section/alaska-news/crime-courts/","workerid":0}}
{"timestamp":"2025-03-17T15:14:28.010Z","logLevel":"info","context":"behaviorScript","message":"Behavior log","details":{"state":{"segments":1},"msg":"Scrolling down by 30 pixels every 0.075 seconds","page":"https://www.adn.com/section/alaska-news/crime-courts/","workerid":0}}
{"timestamp":"2025-03-17T15:14:31.419Z","logLevel":"info","context":"behaviorScript","message":"Behavior log","details":{"state":{"segments":2},"msg":"Clicking 'Show More', awaiting more content","page":"https://www.adn.com/section/alaska-news/crime-courts/","workerid":0}}
{"timestamp":"2025-03-17T15:14:35.178Z","logLevel":"info","context":"behaviorScript","message":"Behavior log","details":{"state":{"segments":3},"msg":"Clicking 'Show More', awaiting more content","page":"https://www.adn.com/section/alaska-news/crime-courts/","workerid":0}}
{"timestamp":"2025-03-17T15:14:38.891Z","logLevel":"info","context":"behaviorScript","message":"Behavior log","details":{"state":{"segments":4},"msg":"Clicking 'Show More', awaiting more content","page":"https://www.adn.com/section/alaska-news/crime-courts/","workerid":0}}
{"timestamp":"2025-03-17T15:14:42.632Z","logLevel":"info","context":"behaviorScript","message":"Behavior log","details":{"state":{"segments":5},"msg":"Clicking 'Show More', awaiting more content","page":"https://www.adn.com/section/alaska-news/crime-courts/","workerid":0}}
{"timestamp":"2025-03-17T15:14:46.375Z","logLevel":"info","context":"behaviorScript","message":"Behavior log","details":{"state":{"segments":6},"msg":"Clicking 'Show More', awaiting more content","page":"https://www.adn.com/section/alaska-news/crime-courts/","workerid":0}}
{"timestamp":"2025-03-17T15:14:50.112Z","logLevel":"info","context":"behaviorScript","message":"Behavior log","details":{"state":{"segments":7},"msg":"Clicking 'Show More', awaiting more content","page":"https://www.adn.com/section/alaska-news/crime-courts/","workerid":0}}
{"timestamp":"2025-03-17T15:14:53.761Z","logLevel":"info","context":"behaviorScript","message":"Behavior log","details":{"state":{"segments":8},"msg":"Clicking 'Show More', awaiting more content","page":"https://www.adn.com/section/alaska-news/crime-courts/","workerid":0}}
{"timestamp":"2025-03-17T15:14:57.521Z","logLevel":"info","context":"behaviorScript","message":"Behavior log","details":{"state":{"segments":9},"msg":"Clicking 'Show More', awaiting more content","page":"https://www.adn.com/section/alaska-news/crime-courts/","workerid":0}}
{"timestamp":"2025-03-17T15:15:01.180Z","logLevel":"info","context":"behaviorScript","message":"Behavior log","details":{"state":{"segments":11},"msg":"Clicking 'Show More', awaiting more content","page":"https://www.adn.com/section/alaska-news/crime-courts/","workerid":0}}
{"timestamp":"2025-03-17T15:15:04.972Z","logLevel":"info","context":"behaviorScript","message":"Behavior log","details":{"state":{"segments":12},"msg":"Clicking 'Show More', awaiting more content","page":"https://www.adn.com/section/alaska-news/crime-courts/","workerid":0}}
{"timestamp":"2025-03-17T15:15:08.767Z","logLevel":"info","context":"behaviorScript","message":"Behavior log","details":{"state":{"segments":13},"msg":"Clicking 'Show More', awaiting more content","page":"https://www.adn.com/section/alaska-news/crime-courts/","workerid":0}}
{"timestamp":"2025-03-17T15:15:12.597Z","logLevel":"info","context":"behaviorScript","message":"Behavior log","details":{"state":{"segments":14},"msg":"Clicking 'Show More', awaiting more content","page":"https://www.adn.com/section/alaska-news/crime-courts/","workerid":0}}
{"timestamp":"2025-03-17T15:15:16.399Z","logLevel":"info","context":"behaviorScript","message":"Behavior log","details":{"state":{"segments":15},"msg":"Clicking 'Show More', awaiting more content","page":"https://www.adn.com/section/alaska-news/crime-courts/","workerid":0}}
{"timestamp":"2025-03-17T15:15:20.274Z","logLevel":"info","context":"behaviorScript","message":"Behavior log","details":{"state":{"segments":16},"msg":"Clicking 'Show More', awaiting more content","page":"https://www.adn.com/section/alaska-news/crime-courts/","workerid":0}}
{"timestamp":"2025-03-17T15:15:23.977Z","logLevel":"info","context":"behaviorScript","message":"Behavior log","details":{"state":{"segments":17},"msg":"Clicking 'Show More', awaiting more content","page":"https://www.adn.com/section/alaska-news/crime-courts/","workerid":0}}
{"timestamp":"2025-03-17T15:15:27.761Z","logLevel":"info","context":"behaviorScript","message":"Behavior log","details":{"state":{"segments":19},"msg":"Clicking 'Show More', awaiting more content","page":"https://www.adn.com/section/alaska-news/crime-courts/","workerid":0}}
{"timestamp":"2025-03-17T15:15:31.461Z","logLevel":"info","context":"behaviorScript","message":"Behavior log","details":{"state":{"segments":21},"msg":"Clicking 'Show More', awaiting more content","page":"https://www.adn.com/section/alaska-news/crime-courts/","workerid":0}}
{"timestamp":"2025-03-17T15:15:35.347Z","logLevel":"info","context":"behaviorScript","message":"Behavior log","details":{"state":{"segments":22},"msg":"Clicking 'Show More', awaiting more content","page":"https://www.adn.com/section/alaska-news/crime-courts/","workerid":0}}
{"timestamp":"2025-03-17T15:15:39.156Z","logLevel":"info","context":"behaviorScript","message":"Behavior log","details":{"state":{"segments":23},"msg":"Clicking 'Show More', awaiting more content","page":"https://www.adn.com/section/alaska-news/crime-courts/","workerid":0}}
{"timestamp":"2025-03-17T15:15:43.052Z","logLevel":"info","context":"behaviorScript","message":"Behavior log","details":{"state":{"segments":24},"msg":"Clicking 'Show More', awaiting more content","page":"https://www.adn.com/section/alaska-news/crime-courts/","workerid":0}}
{"timestamp":"2025-03-17T15:15:46.787Z","logLevel":"info","context":"behaviorScript","message":"Behavior log","details":{"state":{"segments":25},"msg":"Clicking 'Show More', awaiting more content","page":"https://www.adn.com/section/alaska-news/crime-courts/","workerid":0}}
{"timestamp":"2025-03-17T15:15:50.607Z","logLevel":"info","context":"behaviorScript","message":"Behavior log","details":{"state":{"segments":26},"msg":"Clicking 'Show More', awaiting more content","page":"https://www.adn.com/section/alaska-news/crime-courts/","workerid":0}}
{"timestamp":"2025-03-17T15:15:52.648Z","logLevel":"warn","context":"behavior","message":"Behaviors timed out","details":{"seconds":90,"page":"https://www.adn.com/section/alaska-news/crime-courts/","workerid":0}}
{"timestamp":"2025-03-17T15:15:53.662Z","logLevel":"info","context":"pageStatus","message":"Page Finished","details":{"loadState":3,"page":"https://www.adn.com/section/alaska-news/crime-courts/","workerid":0}}
{"timestamp":"2025-03-17T15:15:53.684Z","logLevel":"info","context":"worker","message":"Worker done, all tasks complete","details":{"workerid":0}}
{"timestamp":"2025-03-17T15:15:54.402Z","logLevel":"info","context":"behaviorScript","message":"Behavior log","details":{"state":{"segments":28},"msg":"Clicking 'Show More', awaiting more content","page":"https://www.adn.com/section/alaska-news/crime-courts/","workerid":0}}
{"timestamp":"2025-03-17T15:15:58.218Z","logLevel":"info","context":"behaviorScript","message":"Behavior log","details":{"state":{"segments":32},"msg":"Clicking 'Show More', awaiting more content","page":"https://www.adn.com/section/alaska-news/crime-courts/","workerid":0}}
{"timestamp":"2025-03-17T15:16:02.034Z","logLevel":"info","context":"behaviorScript","message":"Behavior log","details":{"state":{"segments":35},"msg":"Clicking 'Show More', awaiting more content","page":"https://www.adn.com/section/alaska-news/crime-courts/","workerid":0}}
{"timestamp":"2025-03-17T15:16:05.879Z","logLevel":"info","context":"behaviorScript","message":"Behavior log","details":{"state":{"segments":38},"msg":"Clicking 'Show More', awaiting more content","page":"https://www.adn.com/section/alaska-news/crime-courts/","workerid":0}}
{"timestamp":"2025-03-17T15:16:09.655Z","logLevel":"info","context":"behaviorScript","message":"Behavior log","details":{"state":{"segments":41},"msg":"Clicking 'Show More', awaiting more content","page":"https://www.adn.com/section/alaska-news/crime-courts/","workerid":0}}
{"timestamp":"2025-03-17T15:16:13.479Z","logLevel":"info","context":"behaviorScript","message":"Behavior log","details":{"state":{"segments":44},"msg":"Clicking 'Show More', awaiting more content","page":"https://www.adn.com/section/alaska-news/crime-courts/","workerid":0}}
{"timestamp":"2025-03-17T15:16:17.326Z","logLevel":"info","context":"behaviorScript","message":"Behavior log","details":{"state":{"segments":48},"msg":"Clicking 'Show More', awaiting more content","page":"https://www.adn.com/section/alaska-news/crime-courts/","workerid":0}}
{"timestamp":"2025-03-17T15:16:21.095Z","logLevel":"info","context":"behaviorScript","message":"Behavior log","details":{"state":{"segments":51},"msg":"Clicking 'Show More', awaiting more content","page":"https://www.adn.com/section/alaska-news/crime-courts/","workerid":0}}
{"timestamp":"2025-03-17T15:16:24.604Z","logLevel":"info","context":"behaviorScript","message":"Behavior log","details":{"state":{"segments":52},"msg":"Clicking 'Show More', awaiting more content","page":"https://www.adn.com/section/alaska-news/crime-courts/","workerid":0}}
{"timestamp":"2025-03-17T15:16:28.494Z","logLevel":"info","context":"behaviorScript","message":"Behavior log","details":{"state":{"segments":56},"msg":"Clicking 'Show More', awaiting more content","page":"https://www.adn.com/section/alaska-news/crime-courts/","workerid":0}}
{"timestamp":"2025-03-17T15:16:32.285Z","logLevel":"info","context":"behaviorScript","message":"Behavior log","details":{"state":{"segments":59},"msg":"Clicking 'Show More', awaiting more content","page":"https://www.adn.com/section/alaska-news/crime-courts/","workerid":0}}
{"timestamp":"2025-03-17T15:16:36.043Z","logLevel":"info","context":"behaviorScript","message":"Behavior log","details":{"state":{"segments":63},"msg":"Clicking 'Show More', awaiting more content","page":"https://www.adn.com/section/alaska-news/crime-courts/","workerid":0}}
{"timestamp":"2025-03-17T15:16:39.982Z","logLevel":"info","context":"behaviorScript","message":"Behavior log","details":{"state":{"segments":67},"msg":"Clicking 'Show More', awaiting more content","page":"https://www.adn.com/section/alaska-news/crime-courts/","workerid":0}}
{"timestamp":"2025-03-17T15:16:43.772Z","logLevel":"info","context":"behaviorScript","message":"Behavior log","details":{"state":{"segments":69},"msg":"Clicking 'Show More', awaiting more content","page":"https://www.adn.com/section/alaska-news/crime-courts/","workerid":0}}
{"timestamp":"2025-03-17T15:16:47.594Z","logLevel":"info","context":"behaviorScript","message":"Behavior log","details":{"state":{"segments":72},"msg":"Clicking 'Show More', awaiting more content","page":"https://www.adn.com/section/alaska-news/crime-courts/","workerid":0}}
{"timestamp":"2025-03-17T15:16:51.456Z","logLevel":"info","context":"behaviorScript","message":"Behavior log","details":{"state":{"segments":79},"msg":"Clicking 'Show More', awaiting more content","page":"https://www.adn.com/section/alaska-news/crime-courts/","workerid":0}}
{"timestamp":"2025-03-17T15:16:55.319Z","logLevel":"info","context":"behaviorScript","message":"Behavior log","details":{"state":{"segments":82},"msg":"Clicking 'Show More', awaiting more content","page":"https://www.adn.com/section/alaska-news/crime-courts/","workerid":0}}
{"timestamp":"2025-03-17T15:16:59.162Z","logLevel":"info","context":"behaviorScript","message":"Behavior log","details":{"state":{"segments":86},"msg":"Clicking 'Show More', awaiting more content","page":"https://www.adn.com/section/alaska-news/crime-courts/","workerid":0}}
{"timestamp":"2025-03-17T15:17:02.984Z","logLevel":"info","context":"behaviorScript","message":"Behavior log","details":{"state":{"segments":88},"msg":"Clicking 'Show More', awaiting more content","page":"https://www.adn.com/section/alaska-news/crime-courts/","workerid":0}}
{"timestamp":"2025-03-17T15:17:06.714Z","logLevel":"info","context":"behaviorScript","message":"Behavior log","details":{"state":{"segments":92},"msg":"Clicking 'Show More', awaiting more content","page":"https://www.adn.com/section/alaska-news/crime-courts/","workerid":0}}
{"timestamp":"2025-03-17T15:17:10.686Z","logLevel":"info","context":"behaviorScript","message":"Behavior log","details":{"state":{"segments":96},"msg":"Clicking 'Show More', awaiting more content","page":"https://www.adn.com/section/alaska-news/crime-courts/","workerid":0}}
{"timestamp":"2025-03-17T15:17:14.547Z","logLevel":"info","context":"behaviorScript","message":"Behavior log","details":{"state":{"segments":100},"msg":"Clicking 'Show More', awaiting more content","page":"https://www.adn.com/section/alaska-news/crime-courts/","workerid":0}}
{"timestamp":"2025-03-17T15:17:18.510Z","logLevel":"info","context":"behaviorScript","message":"Behavior log","details":{"state":{"segments":103},"msg":"Clicking 'Show More', awaiting more content","page":"https://www.adn.com/section/alaska-news/crime-courts/","workerid":0}}
{"timestamp":"2025-03-17T15:17:22.316Z","logLevel":"info","context":"behaviorScript","message":"Behavior log","details":{"state":{"segments":106},"msg":"Clicking 'Show More', awaiting more content","page":"https://www.adn.com/section/alaska-news/crime-courts/","workerid":0}}
{"timestamp":"2025-03-17T15:17:26.272Z","logLevel":"info","context":"behaviorScript","message":"Behavior log","details":{"state":{"segments":108},"msg":"Clicking 'Show More', awaiting more content","page":"https://www.adn.com/section/alaska-news/crime-courts/","workerid":0}}
{"timestamp":"2025-03-17T15:17:30.200Z","logLevel":"info","context":"behaviorScript","message":"Behavior log","details":{"state":{"segments":110},"msg":"Clicking 'Show More', awaiting more content","page":"https://www.adn.com/section/alaska-news/crime-courts/","workerid":0}}
{"timestamp":"2025-03-17T15:17:34.097Z","logLevel":"info","context":"behaviorScript","message":"Behavior log","details":{"state":{"segments":113},"msg":"Clicking 'Show More', awaiting more content","page":"https://www.adn.com/section/alaska-news/crime-courts/","workerid":0}}
{"timestamp":"2025-03-17T15:17:38.026Z","logLevel":"info","context":"behaviorScript","message":"Behavior log","details":{"state":{"segments":115},"msg":"Clicking 'Show More', awaiting more content","page":"https://www.adn.com/section/alaska-news/crime-courts/","workerid":0}}
{"timestamp":"2025-03-17T15:17:41.888Z","logLevel":"info","context":"behaviorScript","message":"Behavior log","details":{"state":{"segments":117},"msg":"Clicking 'Show More', awaiting more content","page":"https://www.adn.com/section/alaska-news/crime-courts/","workerid":0}}
{"timestamp":"2025-03-17T15:17:45.964Z","logLevel":"info","context":"behaviorScript","message":"Behavior log","details":{"state":{"segments":119},"msg":"Clicking 'Show More', awaiting more content","page":"https://www.adn.com/section/alaska-news/crime-courts/","workerid":0}}
{"timestamp":"2025-03-17T15:17:49.914Z","logLevel":"info","context":"behaviorScript","message":"Behavior log","details":{"state":{"segments":123},"msg":"Clicking 'Show More', awaiting more content","page":"https://www.adn.com/section/alaska-news/crime-courts/","workerid":0}}
{"timestamp":"2025-03-17T15:17:53.862Z","logLevel":"info","context":"behaviorScript","message":"Behavior log","details":{"state":{"segments":125},"msg":"Clicking 'Show More', awaiting more content","page":"https://www.adn.com/section/alaska-news/crime-courts/","workerid":0}}
{"timestamp":"2025-03-17T15:17:57.632Z","logLevel":"info","context":"behaviorScript","message":"Behavior log","details":{"state":{"segments":128},"msg":"Clicking 'Show More', awaiting more content","page":"https://www.adn.com/section/alaska-news/crime-courts/","workerid":0}}
{"timestamp":"2025-03-17T15:18:01.594Z","logLevel":"info","context":"behaviorScript","message":"Behavior log","details":{"state":{"segments":132},"msg":"Clicking 'Show More', awaiting more content","page":"https://www.adn.com/section/alaska-news/crime-courts/","workerid":0}}
{"timestamp":"2025-03-17T15:18:05.423Z","logLevel":"info","context":"behaviorScript","message":"Behavior log","details":{"state":{"segments":135},"msg":"Clicking 'Show More', awaiting more content","page":"https://www.adn.com/section/alaska-news/crime-courts/","workerid":0}}
{"timestamp":"2025-03-17T15:18:09.431Z","logLevel":"info","context":"behaviorScript","message":"Behavior log","details":{"state":{"segments":138},"msg":"Clicking 'Show More', awaiting more content","page":"https://www.adn.com/section/alaska-news/crime-courts/","workerid":0}}
{"timestamp":"2025-03-17T15:18:13.377Z","logLevel":"info","context":"behaviorScript","message":"Behavior log","details":{"state":{"segments":141},"msg":"Clicking 'Show More', awaiting more content","page":"https://www.adn.com/section/alaska-news/crime-courts/","workerid":0}}
{"timestamp":"2025-03-17T15:18:17.309Z","logLevel":"info","context":"behaviorScript","message":"Behavior log","details":{"state":{"segments":144},"msg":"Clicking 'Show More', awaiting more content","page":"https://www.adn.com/section/alaska-news/crime-courts/","workerid":0}}
{"timestamp":"2025-03-17T15:18:21.266Z","logLevel":"info","context":"behaviorScript","message":"Behavior log","details":{"state":{"segments":146},"msg":"Clicking 'Show More', awaiting more content","page":"https://www.adn.com/section/alaska-news/crime-courts/","workerid":0}}
{"timestamp":"2025-03-17T15:18:25.289Z","logLevel":"info","context":"behaviorScript","message":"Behavior log","details":{"state":{"segments":149},"msg":"Clicking 'Show More', awaiting more content","page":"https://www.adn.com/section/alaska-news/crime-courts/","workerid":0}}
{"timestamp":"2025-03-17T15:18:29.216Z","logLevel":"info","context":"behaviorScript","message":"Behavior log","details":{"state":{"segments":151},"msg":"Clicking 'Show More', awaiting more content","page":"https://www.adn.com/section/alaska-news/crime-courts/","workerid":0}}
{"timestamp":"2025-03-17T15:18:33.322Z","logLevel":"info","context":"behaviorScript","message":"Behavior log","details":{"state":{"segments":156},"msg":"Clicking 'Show More', awaiting more content","page":"https://www.adn.com/section/alaska-news/crime-courts/","workerid":0}}
{"timestamp":"2025-03-17T15:18:37.204Z","logLevel":"info","context":"behaviorScript","message":"Behavior log","details":{"state":{"segments":159},"msg":"Clicking 'Show More', awaiting more content","page":"https://www.adn.com/section/alaska-news/crime-courts/","workerid":0}}
{"timestamp":"2025-03-17T15:18:41.280Z","logLevel":"info","context":"behaviorScript","message":"Behavior log","details":{"state":{"segments":165},"msg":"Clicking 'Show More', awaiting more content","page":"https://www.adn.com/section/alaska-news/crime-courts/","workerid":0}}
{"timestamp":"2025-03-17T15:18:45.099Z","logLevel":"info","context":"behaviorScript","message":"Behavior log","details":{"state":{"segments":166},"msg":"Clicking 'Show More', awaiting more content","page":"https://www.adn.com/section/alaska-news/crime-courts/","workerid":0}}
{"timestamp":"2025-03-17T15:18:49.083Z","logLevel":"info","context":"behaviorScript","message":"Behavior log","details":{"state":{"segments":168},"msg":"Clicking 'Show More', awaiting more content","page":"https://www.adn.com/section/alaska-news/crime-courts/","workerid":0}}
{"timestamp":"2025-03-17T15:18:53.050Z","logLevel":"info","context":"behaviorScript","message":"Behavior log","details":{"state":{"segments":173},"msg":"Clicking 'Show More', awaiting more content","page":"https://www.adn.com/section/alaska-news/crime-courts/","workerid":0}}
{"timestamp":"2025-03-17T15:18:56.968Z","logLevel":"info","context":"behaviorScript","message":"Behavior log","details":{"state":{"segments":176},"msg":"Clicking 'Show More', awaiting more content","page":"https://www.adn.com/section/alaska-news/crime-courts/","workerid":0}}
{"timestamp":"2025-03-17T15:19:01.027Z","logLevel":"info","context":"behaviorScript","message":"Behavior log","details":{"state":{"segments":179},"msg":"Clicking 'Show More', awaiting more content","page":"https://www.adn.com/section/alaska-news/crime-courts/","workerid":0}}
{"timestamp":"2025-03-17T15:19:03.688Z","logLevel":"error","context":"recorder","message":"Finishing Fetch Timed Out","details":{"seconds":190,"page":"https://www.adn.com/section/alaska-news/crime-courts/","workerid":0}}
{"timestamp":"2025-03-17T15:19:03.726Z","logLevel":"warn","context":"behavior","message":"Behavior run partially failed","details":{"reason":{"type":"exception","message":"Protocol error (Runtime.evaluate): Target closed","stack":"TargetCloseError: Protocol error (Runtime.evaluate): Target closed\n    at CallbackRegistry.clear (file:///app/node_modules/puppeteer-core/lib/esm/puppeteer/common/CallbackRegistry.js:77:36)\n    at CdpCDPSession._onClosed (file:///app/node_modules/puppeteer-core/lib/esm/puppeteer/cdp/CDPSession.js:106:25)\n    at Connection.onMessage (file:///app/node_modules/puppeteer-core/lib/esm/puppeteer/cdp/Connection.js:130:25)\n    at WebSocket.<anonymous> (file:///app/node_modules/puppeteer-core/lib/esm/puppeteer/node/NodeWebSocketTransport.js:38:32)\n    at callListener (/app/node_modules/puppeteer-core/node_modules/ws/lib/event-target.js:290:14)\n    at WebSocket.onMessage (/app/node_modules/puppeteer-core/node_modules/ws/lib/event-target.js:209:9)\n    at WebSocket.emit (node:events:518:28)\n    at Receiver.receiverOnMessage (/app/node_modules/puppeteer-core/node_modules/ws/lib/websocket.js:1220:20)\n    at Receiver.emit (node:events:518:28)\n    at Immediate.<anonymous> (/app/node_modules/puppeteer-core/node_modules/ws/lib/receiver.js:601:16)"},"page":"https://www.adn.com/section/alaska-news/crime-courts/","workerid":0}}
{"timestamp":"2025-03-17T15:19:03.727Z","logLevel":"info","context":"behavior","message":"Behaviors finished","details":{"finished":4,"page":"https://www.adn.com/section/alaska-news/crime-courts/","workerid":0}}
{"timestamp":"2025-03-17T15:19:03.783Z","logLevel":"info","context":"crawlStatus","message":"Crawl statistics","details":{"crawled":1,"total":1,"pending":0,"failed":0,"limit":{"max":0,"hit":false},"pendingPages":[]}}
{"timestamp":"2025-03-17T15:19:03.784Z","logLevel":"info","context":"general","message":"Crawling done","details":{}}
{"timestamp":"2025-03-17T15:19:03.784Z","logLevel":"info","context":"general","message":"Merging CDX","details":{}}
{"timestamp":"2025-03-17T15:19:03.814Z","logLevel":"info","context":"general","message":"Generating WACZ","details":{}}
{"timestamp":"2025-03-17T15:19:03.815Z","logLevel":"info","context":"general","message":"Num WARC Files: 1","details":{}}
