{"timestamp":"2025-03-16T00:39:07.607Z","logLevel":"info","context":"general","message":"Browsertrix-Crawler 1.5.8 (with warcio.js 2.4.3)","details":{}}
{"timestamp":"2025-03-16T00:39:07.607Z","logLevel":"info","context":"general","message":"Seeds","details":[{"url":"https://www.adn.com/nation-world/2025/03/15/trump-invokes-18th-century-law-to-speed-deportations-judge-stalls-it-hours-later/","scopeType":"prefix","include":["/^https?:\\/\\/www\\.adn\\.com\\/nation\\-world\\/2025\\/03\\/15\\/trump\\-invokes\\-18th\\-century\\-law\\-to\\-speed\\-deportations\\-judge\\-stalls\\-it\\-hours\\-later\\//"],"exclude":[],"allowHash":false,"depth":-1,"sitemap":null,"auth":null,"_authEncoded":null,"maxExtraHops":0,"maxDepth":1000000}]}
{"timestamp":"2025-03-16T00:39:07.607Z","logLevel":"info","context":"general","message":"Link Selectors","details":[{"selector":"a[href]","extract":"href","isAttribute":false}]}
{"timestamp":"2025-03-16T00:39:07.607Z","logLevel":"info","context":"general","message":"Behavior Options","details":{"message":"{\"autoplay\":true,\"autofetch\":true,\"autoscroll\":true,\"siteSpecific\":true,\"log\":\"__bx_log\",\"startEarly\":true,\"clickSelector\":\"a\"}"}}
{"timestamp":"2025-03-16T00:39:07.853Z","logLevel":"info","context":"worker","message":"Creating 1 workers","details":{}}
{"timestamp":"2025-03-16T00:39:07.853Z","logLevel":"info","context":"worker","message":"Worker starting","details":{"workerid":0}}
{"timestamp":"2025-03-16T00:39:07.920Z","logLevel":"info","context":"worker","message":"Starting page","details":{"workerid":0,"page":"https://www.adn.com/nation-world/2025/03/15/trump-invokes-18th-century-law-to-speed-deportations-judge-stalls-it-hours-later/"}}
{"timestamp":"2025-03-16T00:39:07.921Z","logLevel":"info","context":"crawlStatus","message":"Crawl statistics","details":{"crawled":0,"total":1,"pending":1,"failed":0,"limit":{"max":0,"hit":false},"pendingPages":["{\"seedId\":0,\"started\":\"2025-03-16T00:39:07.854Z\",\"extraHops\":0,\"url\":\"https:\\/\\/www.adn.com\\/nation-world\\/2025\\/03\\/15\\/trump-invokes-18th-century-law-to-speed-deportations-judge-stalls-it-hours-later\\/\",\"added\":\"2025-03-16T00:39:07.652Z\",\"depth\":0}"]}}
{"timestamp":"2025-03-16T00:39:08.308Z","logLevel":"info","context":"general","message":"Awaiting page load","details":{"page":"https://www.adn.com/nation-world/2025/03/15/trump-invokes-18th-century-law-to-speed-deportations-judge-stalls-it-hours-later/","workerid":0}}
{"timestamp":"2025-03-16T00:39:08.458Z","logLevel":"warn","context":"recorder","message":"Skipping URL from unknown frame","details":{"url":"https://www.adn.com/nation-world/2025/03/15/trump-invokes-18th-century-law-to-speed-deportations-judge-stalls-it-hours-later/","frameId":"51865FD5A80278D563C4886288E32A7D"}}
{"timestamp":"2025-03-16T00:39:09.359Z","logLevel":"warn","context":"recorder","message":"Skipping URL from unknown frame","details":{"url":"https://i.liadm.com/s/c/a-08vw?duid=93c1eb36d98c--01jpe67twt2me413jmksh1yyw8&euns=0&s=&version=v3.9.0&cd=.adn.com&pv=d1b1129d-c474-455d-9f17-62d26e7c2997","frameId":"88859E872ADE14018AC0B0C9E2C78AED"}}
{"timestamp":"2025-03-16T00:39:10.246Z","logLevel":"warn","context":"recorder","message":"Skipping URL from unknown frame","details":{"url":"https://99de811a687f5aadad48b4baf1bee718.safeframe.googlesyndication.com/safeframe/1-0-41/html/container.html","frameId":"516BB7B9B98CE3446359AEED38E5B178"}}
{"timestamp":"2025-03-16T00:39:10.358Z","logLevel":"warn","context":"recorder","message":"Skipping URL from unknown frame","details":{"url":"https://gum.criteo.com/syncframe?origin=publishertagids&topUrl=www.adn.com&gdpr=0&gdpr_consent=","frameId":"DF2629EEB9D870E4B4B3370C7826A15B"}}
{"timestamp":"2025-03-16T00:39:10.612Z","logLevel":"warn","context":"recorder","message":"Skipping URL from unknown frame","details":{"url":"https://va.idp.liveperson.net/postmessage/postmessage.min.html?bust=1742085550414&loc=https%3A%2F%2Fwww.adn.com","frameId":"9697D29A6DC9CA03DCD9BB39CC3DEB4F"}}
{"timestamp":"2025-03-16T00:39:10.666Z","logLevel":"info","context":"general","message":"SIGINT received...","details":{}}
{"timestamp":"2025-03-16T00:39:10.666Z","logLevel":"info","context":"general","message":"SIGNAL: interrupt request received...","details":{}}
{"timestamp":"2025-03-16T00:39:10.667Z","logLevel":"info","context":"general","message":"Crawler interrupted, gracefully finishing current pages","details":{}}
{"timestamp":"2025-03-16T00:39:10.869Z","logLevel":"info","context":"general","message":"SIGINT received...","details":{}}
{"timestamp":"2025-03-16T00:39:10.869Z","logLevel":"info","context":"general","message":"SIGNAL: stopping crawl now...","details":{}}
{"timestamp":"2025-03-16T00:39:10.934Z","logLevel":"info","context":"general","message":"Exiting, Crawl status: interrupted","details":{}}
