{"timestamp":"2025-03-16T00:32:46.186Z","logLevel":"info","context":"general","message":"Browsertrix-Crawler 1.5.8 (with warcio.js 2.4.3)","details":{}}
{"timestamp":"2025-03-16T00:32:46.186Z","logLevel":"info","context":"general","message":"Seeds","details":[{"url":"https://wydaily.com/","scopeType":"prefix","include":["/^https?:\\/\\/wydaily\\.com\\//"],"exclude":[],"allowHash":false,"depth":-1,"sitemap":null,"auth":null,"_authEncoded":null,"maxExtraHops":0,"maxDepth":1000000}]}
{"timestamp":"2025-03-16T00:32:46.186Z","logLevel":"info","context":"general","message":"Link Selectors","details":[{"selector":"a[href]","extract":"href","isAttribute":false}]}
{"timestamp":"2025-03-16T00:32:46.186Z","logLevel":"info","context":"general","message":"Behavior Options","details":{"message":"{\"autoplay\":true,\"autofetch\":true,\"autoscroll\":true,\"siteSpecific\":true,\"log\":\"__bx_log\",\"startEarly\":true,\"clickSelector\":\"a\"}"}}
{"timestamp":"2025-03-16T00:32:46.418Z","logLevel":"info","context":"worker","message":"Creating 1 workers","details":{}}
{"timestamp":"2025-03-16T00:32:46.418Z","logLevel":"info","context":"worker","message":"Worker starting","details":{"workerid":0}}
{"timestamp":"2025-03-16T00:32:46.482Z","logLevel":"info","context":"worker","message":"Starting page","details":{"workerid":0,"page":"https://wydaily.com/"}}
{"timestamp":"2025-03-16T00:32:46.484Z","logLevel":"info","context":"crawlStatus","message":"Crawl statistics","details":{"crawled":0,"total":1,"pending":1,"failed":0,"limit":{"max":0,"hit":false},"pendingPages":["{\"seedId\":0,\"started\":\"2025-03-16T00:32:46.420Z\",\"extraHops\":0,\"url\":\"https:\\/\\/wydaily.com\\/\",\"added\":\"2025-03-16T00:32:46.232Z\",\"depth\":0}"]}}
{"timestamp":"2025-03-16T00:32:46.760Z","logLevel":"info","context":"general","message":"Awaiting page load","details":{"page":"https://wydaily.com/","workerid":0}}
{"timestamp":"2025-03-16T00:32:46.978Z","logLevel":"warn","context":"recorder","message":"Skipping URL from unknown frame","details":{"url":"https://wydaily.com/","frameId":"4E32DAE38FF186CA58CEE4D038C043C8"}}
{"timestamp":"2025-03-16T00:32:47.712Z","logLevel":"warn","context":"recorder","message":"Skipping URL from unknown frame","details":{"url":"https://tockify.com/talkofthetown2/upcoming","frameId":"8424EEBCB96FD554AF6FE4753EB61B52"}}
{"timestamp":"2025-03-16T00:32:47.901Z","logLevel":"warn","context":"recorder","message":"Skipping URL from unknown frame","details":{"url":"https://widgets.outbrain.com/nanoWidget/externals/topics/topics.html?r=https%3A%2F%2Fwydaily.com","frameId":"00397DFF8653BB26BF618B73A7E417F1"}}
{"timestamp":"2025-03-16T00:32:48.734Z","logLevel":"warn","context":"recorder","message":"Skipping URL from unknown frame","details":{"url":"https://widgets.outbrain.com/nanoWidget/externals/cookie/put.html","frameId":"0FD007F3BC4B9B62B83327F6551FB0B2"}}
{"timestamp":"2025-03-16T00:32:48.783Z","logLevel":"warn","context":"recorder","message":"Skipping URL from unknown frame","details":{"url":"https://imasdk.googleapis.com/js/core/bridge3.688.0_en.html","frameId":"71993F2A98D9543A517420BAD6B33147"}}
{"timestamp":"2025-03-16T00:32:51.505Z","logLevel":"warn","context":"general","message":"Invalid Page - URL must start with http:// or https://","details":{"url":"mailto:Info@WYDaily.com","page":"https://wydaily.com/","workerid":0}}
{"timestamp":"2025-03-16T00:32:51.543Z","logLevel":"info","context":"behavior","message":"Running behaviors","details":{"frames":2,"frameUrls":["https://wydaily.com/","https://tockify.com/talkofthetown2/upcoming"],"page":"https://wydaily.com/","workerid":0}}
{"timestamp":"2025-03-16T00:32:51.544Z","logLevel":"info","context":"behavior","message":"Run Script Started","details":{"frameUrl":"https://wydaily.com/","page":"https://wydaily.com/","workerid":0}}
{"timestamp":"2025-03-16T00:32:51.544Z","logLevel":"info","context":"behavior","message":"Run Script Started","details":{"frameUrl":"https://tockify.com/talkofthetown2/upcoming","page":"https://wydaily.com/","workerid":0}}
{"timestamp":"2025-03-16T00:32:51.575Z","logLevel":"info","context":"behaviorScript","message":"Behavior log","details":{"state":{"segments":1},"msg":"Skipping autoscroll, page seems to not be responsive to scrolling events","page":"https://wydaily.com/","workerid":0}}
{"timestamp":"2025-03-16T00:32:51.575Z","logLevel":"info","context":"behaviorScript","message":"Behavior log","details":{"state":{"segments":1},"msg":"done!","page":"https://wydaily.com/","workerid":0}}
{"timestamp":"2025-03-16T00:32:51.647Z","logLevel":"info","context":"behaviorScript","message":"Behavior log","details":{"state":{"segments":1},"msg":"Scrolling down by 30 pixels every 0.075 seconds","page":"https://wydaily.com/","workerid":0}}
{"timestamp":"2025-03-16T00:32:52.075Z","logLevel":"info","context":"behavior","message":"Run Script Finished","details":{"frameUrl":"https://tockify.com/talkofthetown2/upcoming","page":"https://wydaily.com/","workerid":0}}
{"timestamp":"2025-03-16T00:32:54.176Z","logLevel":"info","context":"general","message":"SIGINT received...","details":{}}
{"timestamp":"2025-03-16T00:32:54.177Z","logLevel":"info","context":"general","message":"SIGNAL: interrupt request received...","details":{}}
{"timestamp":"2025-03-16T00:32:54.177Z","logLevel":"info","context":"general","message":"Crawler interrupted, gracefully finishing current pages","details":{}}
{"timestamp":"2025-03-16T00:32:54.416Z","logLevel":"info","context":"general","message":"SIGINT received...","details":{}}
{"timestamp":"2025-03-16T00:32:54.417Z","logLevel":"info","context":"general","message":"SIGNAL: stopping crawl now...","details":{}}
{"timestamp":"2025-03-16T00:32:54.447Z","logLevel":"warn","context":"behavior","message":"Behavior run partially failed","details":{"reason":{"type":"exception","message":"Protocol error (Runtime.evaluate): Target closed","stack":"TargetCloseError: Protocol error (Runtime.evaluate): Target closed\n    at CallbackRegistry.clear (file:///app/node_modules/puppeteer-core/lib/esm/puppeteer/common/CallbackRegistry.js:77:36)\n    at CdpCDPSession._onClosed (file:///app/node_modules/puppeteer-core/lib/esm/puppeteer/cdp/CDPSession.js:106:25)\n    at Connection.onMessage (file:///app/node_modules/puppeteer-core/lib/esm/puppeteer/cdp/Connection.js:130:25)\n    at WebSocket.<anonymous> (file:///app/node_modules/puppeteer-core/lib/esm/puppeteer/node/NodeWebSocketTransport.js:38:32)\n    at callListener (/app/node_modules/puppeteer-core/node_modules/ws/lib/event-target.js:290:14)\n    at WebSocket.onMessage (/app/node_modules/puppeteer-core/node_modules/ws/lib/event-target.js:209:9)\n    at WebSocket.emit (node:events:518:28)\n    at Receiver.receiverOnMessage (/app/node_modules/puppeteer-core/node_modules/ws/lib/websocket.js:1220:20)\n    at Receiver.emit (node:events:518:28)\n    at Immediate.<anonymous> (/app/node_modules/puppeteer-core/node_modules/ws/lib/receiver.js:601:16)"},"page":"https://wydaily.com/","workerid":0}}
{"timestamp":"2025-03-16T00:32:54.448Z","logLevel":"info","context":"behavior","message":"Behaviors finished","details":{"finished":2,"page":"https://wydaily.com/","workerid":0}}
{"timestamp":"2025-03-16T00:32:54.496Z","logLevel":"info","context":"general","message":"Exiting, Crawl status: interrupted","details":{}}
