{"timestamp":"2025-03-17T15:09:04.598Z","logLevel":"info","context":"general","message":"Browsertrix-Crawler 1.5.8 (with warcio.js 2.4.3)","details":{}}
{"timestamp":"2025-03-17T15:09:04.599Z","logLevel":"info","context":"general","message":"Seeds","details":[{"url":"https://www.adn.com/section/sports/uaa-athletics/","scopeType":"prefix","include":["/^https?:\\/\\/www\\.adn\\.com\\/section\\/sports\\/uaa\\-athletics\\//"],"exclude":[],"allowHash":false,"depth":-1,"sitemap":null,"auth":null,"_authEncoded":null,"maxExtraHops":0,"maxDepth":1000000}]}
{"timestamp":"2025-03-17T15:09:04.599Z","logLevel":"info","context":"general","message":"Link Selectors","details":[{"selector":"a[href]","extract":"href","isAttribute":false}]}
{"timestamp":"2025-03-17T15:09:04.599Z","logLevel":"info","context":"general","message":"Behavior Options","details":{"message":"{\"autoplay\":true,\"autofetch\":true,\"autoscroll\":true,\"siteSpecific\":true,\"log\":\"__bx_log\",\"startEarly\":true,\"clickSelector\":\"a\"}"}}
{"timestamp":"2025-03-17T15:09:04.889Z","logLevel":"info","context":"worker","message":"Creating 1 workers","details":{}}
{"timestamp":"2025-03-17T15:09:04.889Z","logLevel":"info","context":"worker","message":"Worker starting","details":{"workerid":0}}
{"timestamp":"2025-03-17T15:09:04.952Z","logLevel":"info","context":"worker","message":"Starting page","details":{"workerid":0,"page":"https://www.adn.com/section/sports/uaa-athletics/"}}
{"timestamp":"2025-03-17T15:09:04.953Z","logLevel":"info","context":"crawlStatus","message":"Crawl statistics","details":{"crawled":0,"total":1,"pending":1,"failed":0,"limit":{"max":0,"hit":false},"pendingPages":["{\"seedId\":0,\"started\":\"2025-03-17T15:09:04.890Z\",\"extraHops\":0,\"url\":\"https:\\/\\/www.adn.com\\/section\\/sports\\/uaa-athletics\\/\",\"added\":\"2025-03-17T15:09:04.665Z\",\"depth\":0}"]}}
{"timestamp":"2025-03-17T15:09:05.092Z","logLevel":"info","context":"general","message":"Awaiting page load","details":{"page":"https://www.adn.com/section/sports/uaa-athletics/","workerid":0}}
{"timestamp":"2025-03-17T15:09:05.194Z","logLevel":"warn","context":"recorder","message":"Skipping URL from unknown frame","details":{"url":"https://www.adn.com/section/sports/uaa-athletics/","frameId":"4313B7C508E7210587F260A3EC60EBA6"}}
{"timestamp":"2025-03-17T15:09:05.829Z","logLevel":"warn","context":"recorder","message":"Skipping URL from unknown frame","details":{"url":"https://i.liadm.com/s/c/a-08vw?duid=93c1eb36d98c--01jpjadf4xjjcnwkjq02rd98kz&euns=0&s=&version=v3.9.0&cd=.adn.com&pv=1049cc9d-533e-4ef8-9072-b71a63540d44","frameId":"360B86342FDF0BE8D9AF2AB08D7A4AEB"}}
{"timestamp":"2025-03-17T15:09:06.452Z","logLevel":"warn","context":"recorder","message":"Skipping URL from unknown frame","details":{"url":"https://lpcdn.lpsnmedia.net/le_secure_storage/3.32.3-release_1655932912/storage.secure.min.html?loc=https%3A%2F%2Fwww.adn.com&site=75052514&env=prod&isCrossDomain=true&accdn=accdn.lpsnmedia.net","frameId":"7262FA33C014EB04059687DDC0E7DE94"}}
{"timestamp":"2025-03-17T15:09:06.956Z","logLevel":"warn","context":"recorder","message":"Skipping URL from unknown frame","details":{"url":"https://gum.criteo.com/syncframe?origin=publishertagids&topUrl=www.adn.com&gdpr=0&gdpr_consent=","frameId":"0AA6F11027438CF05D7F48AA94783BC3"}}
{"timestamp":"2025-03-17T15:09:07.574Z","logLevel":"warn","context":"recorder","message":"Skipping URL from unknown frame","details":{"url":"https://a676858e910bb3786a8ee91b234dbae6.safeframe.googlesyndication.com/safeframe/1-0-41/html/container.html","frameId":"49A534C96A0F11209D0EDD2BBFD196DF"}}
{"timestamp":"2025-03-17T15:09:07.760Z","logLevel":"warn","context":"recorder","message":"Skipping URL from unknown frame","details":{"url":"https://va.idp.liveperson.net/postmessage/postmessage.min.html?bust=1742224147696&loc=https%3A%2F%2Fwww.adn.com","frameId":"C51AE25D07B4A636990D43A809C366FB"}}
{"timestamp":"2025-03-17T15:09:08.095Z","logLevel":"warn","context":"recorder","message":"Skipping URL from unknown frame","details":{"url":"https://googleads.g.doubleclick.net/xbbe/pixel?d=CLnj8fgYELPm-dsZGJnJuLECMAE&v=APEucNVK05uL967jMgyHAQWX_XFwMeTBH10Uo_yB_T8dUEapeqKGuAgLe6W5SxoQuE5eymtuNMo63xq9z_AIPEE9RBmc98ugmuWZoTslmLhSxvoRZ8YwUJk","frameId":"BC36C8AD2D90C0C7481F127C0B0F1B57"}}
{"timestamp":"2025-03-17T15:09:08.100Z","logLevel":"warn","context":"recorder","message":"Skipping URL from unknown frame","details":{"url":"https://googleads.g.doubleclick.net/xbbe/pixel?d=CIGpfRCRzuSGGRix6s2mAjAB&v=APEucNW11vcYxeG1_SAlPHd1QwSjQoNis7EWdILRE9TmB2gQasV5_klJ4O8K7hGk4eIZ_mkkO9dVz8Svy04SK7vWtM7ZffAIln7rI_0C-havuI5KE24a6To","frameId":"566B11BCC6278A8E3F87C81CEB75DEE8"}}
{"timestamp":"2025-03-17T15:09:08.101Z","logLevel":"warn","context":"recorder","message":"Skipping URL from unknown frame","details":{"url":"https://googleads.g.doubleclick.net/xbbe/pixel?d=CLnj8fgYELPm-dsZGLO5j7QCMAE&v=APEucNVpbRcLKw3HFVZ7-1TO8xmXtBaGaVThjeCBOdn01qPMFMR1lXdJgaeRqpMWe0l6MNQ_sCTnAw9lYfr1quR-NXyHRi2WBw","frameId":"136EA6F54EB7EB41648B6BF777548C4A"}}
{"timestamp":"2025-03-17T15:09:08.183Z","logLevel":"warn","context":"recorder","message":"Request failed","details":{"url":"https://cs.lkqd.net/cs?partnerId=59&redirect=https%3A%2F%2Fcm.g.doubleclick.net%2Fpixel%3Fgoogle_nid%3Dlkqd_dbm%26google_hm%3D%24%24rawlkqduserid%7Cbase64%24%24","errorText":"net::ERR_NAME_NOT_RESOLVED","type":"Image","status":0,"page":"https://www.adn.com/section/sports/uaa-athletics/","workerid":0}}
{"timestamp":"2025-03-17T15:09:08.183Z","logLevel":"warn","context":"recorder","message":"Request failed","details":{"url":"https://cs.lkqd.net/cs?partnerId=59&redirect=https%3A%2F%2Fcm.g.doubleclick.net%2Fpixel%3Fgoogle_nid%3Dlkqd_dbm%26google_hm%3D%24%24rawlkqduserid%7Cbase64%24%24","errorText":"net::ERR_NAME_NOT_RESOLVED","type":"Image","status":0,"page":"https://www.adn.com/section/sports/uaa-athletics/","workerid":0}}
{"timestamp":"2025-03-17T15:09:08.334Z","logLevel":"warn","context":"recorder","message":"Request failed","details":{"url":"https://www.google.com/ads/measurement/l?ebcid=ALh7CaQeU5BPL7yHrOphPEvffKmp7M8uOG8THATCGAaTbLakfOsmMdPkRnpDxjKmwOectA3UqiwCjQKiJ3Vikl-fdSskcbCwWQ","errorText":"net::ERR_BLOCKED_BY_ORB","type":"Image","status":0,"page":"https://www.adn.com/section/sports/uaa-athletics/","workerid":0}}
{"timestamp":"2025-03-17T15:09:08.415Z","logLevel":"warn","context":"recorder","message":"Skipping URL from unknown frame","details":{"url":"https://eus.rubiconproject.com/usync.html?&gdpr=0&geo=na&co=us","frameId":"C9124179350D88530F64E0D1BF18E63F"}}
{"timestamp":"2025-03-17T15:09:09.379Z","logLevel":"warn","context":"recorder","message":"Skipping URL from unknown frame","details":{"url":"https://insight.adsrvr.org/track/up?adv=eac6kka&ref=https%3A%2F%2Fwww.adn.com%2Fsection%2Fsports%2Fuaa-athletics%2F&upid=adbg0ia&upv=1.1.0&gdpr=0&gdpr_consent=undefined","frameId":"7BDE6FFF602A0E097486A05C74C7F80B"}}
{"timestamp":"2025-03-17T15:09:09.582Z","logLevel":"warn","context":"recorder","message":"Skipping URL from unknown frame","details":{"url":"https://dpm.demdex.net/ibs:dpid=903&dpuuid=82ce63d4-96bd-476b-bbdc-e7503465268a&gdpr=0&gdpr_consent=&redir=https%3A%2F%2Fmatch.adsrvr.org%2Ftrack%2Fcmf%2Fgeneric%3Fttd_pid%3Daam","frameId":"84455585F0EC17E09A156ED5DE698B46"}}
{"timestamp":"2025-03-17T15:09:09.587Z","logLevel":"warn","context":"recorder","message":"Skipping URL from unknown frame","details":{"url":"https://cm.g.doubleclick.net/pixel?google_nid=TheTradeDesk&google_cm&google_sc&google_hm=ODJjZTYzZDQtOTZiZC00NzZiLWJiZGMtZTc1MDM0NjUyNjhh&gdpr=0&gdpr_consent=&ttd_tdid=82ce63d4-96bd-476b-bbdc-e7503465268a","frameId":"A5E9E5F5ED22E6150D4E2239A97DBAD7"}}
{"timestamp":"2025-03-17T15:09:09.650Z","logLevel":"warn","context":"recorder","message":"Skipping URL from unknown frame","details":{"url":"https://match.adsrvr.org/track/cmf/generic?ttd_pid=aam","frameId":"84455585F0EC17E09A156ED5DE698B46"}}
{"timestamp":"2025-03-17T15:09:09.659Z","logLevel":"warn","context":"recorder","message":"Skipping URL from unknown frame","details":{"url":"https://match.adsrvr.org/track/cmf/google?g_uuid=&gdpr=0&gdpr_consent=&ttd_tdid=82ce63d4-96bd-476b-bbdc-e7503465268a&google_gid=CAESEE9SOPVOxft-qMHV1kzg3_E&google_cver=1","frameId":"A5E9E5F5ED22E6150D4E2239A97DBAD7"}}
{"timestamp":"2025-03-17T15:09:09.728Z","logLevel":"warn","context":"recorder","message":"Skipping URL from unknown frame","details":{"url":"https://www.google.com/recaptcha/api2/aframe","frameId":"19923A106ADE93C669ACB5CAFAD76556"}}
{"timestamp":"2025-03-17T15:09:09.777Z","logLevel":"warn","context":"recorder","message":"Request failed","details":{"url":"https://pagead2.googlesyndication.com/pagead/sodar?id=sodar2&v=232&li=gpt_m202503110101&jk=981894878534115&rc=","errorText":"net::ERR_BLOCKED_BY_ORB","type":"Image","status":0,"page":"https://www.adn.com/section/sports/uaa-athletics/","workerid":0}}
{"timestamp":"2025-03-17T15:09:09.798Z","logLevel":"warn","context":"recorder","message":"Skipping URL from unknown frame","details":{"url":"https://ep2.adtrafficquality.google/sodar/sodar2/232/runner.html","frameId":"932A2A6E310664EA220BD751CB002EF7"}}
{"timestamp":"2025-03-17T15:09:09.825Z","logLevel":"warn","context":"recorder","message":"Skipping URL from unknown frame","details":{"url":"https://pixel.rubiconproject.com/tap.php?v=8981&nid=2307&put=82ce63d4-96bd-476b-bbdc-e7503465268a&gdpr=0&gdpr_consent=&expires=30&next=https%3A%2F%2Fmatch.adsrvr.org%2Ftrack%2Fcmf%2Frubicon","frameId":"77C71A3E5C7CE706D0AE636B02BCF99E"}}
{"timestamp":"2025-03-17T15:09:09.882Z","logLevel":"warn","context":"recorder","message":"Skipping URL from unknown frame","details":{"url":"https://match.adsrvr.org/track/cmf/rubicon?gdpr=0","frameId":"77C71A3E5C7CE706D0AE636B02BCF99E"}}
{"timestamp":"2025-03-17T15:09:10.515Z","logLevel":"warn","context":"recorder","message":"Skipping URL from unknown frame","details":{"url":"https://exchange.ops.co/sync.html?plIDs=10250016","frameId":"7E4EE31AAF1020276829B990680A7558"}}
{"timestamp":"2025-03-17T15:09:12.349Z","logLevel":"warn","context":"general","message":"Invalid Page - URL must start with http:// or https://","details":{"url":"javascript:void(0)","page":"https://www.adn.com/section/sports/uaa-athletics/","workerid":0}}
{"timestamp":"2025-03-17T15:09:12.389Z","logLevel":"info","context":"behavior","message":"Running behaviors","details":{"frames":17,"frameUrls":["https://www.adn.com/section/sports/uaa-athletics/","https://lpcdn.lpsnmedia.net/le_secure_storage/3.32.3-release_1655932912/storage.secure.min.html?loc=https%3A%2F%2Fwww.adn.com&site=75052514&env=prod&isCrossDomain=true&accdn=accdn.lpsnmedia.net","https://va.idp.liveperson.net/postmessage/postmessage.min.html?bust=1742224147696&loc=https%3A%2F%2Fwww.adn.com","https://a676858e910bb3786a8ee91b234dbae6.safeframe.googlesyndication.com/safeframe/1-0-41/html/container.html","https://a676858e910bb3786a8ee91b234dbae6.safeframe.googlesyndication.com/safeframe/1-0-41/html/container.html","https://a676858e910bb3786a8ee91b234dbae6.safeframe.googlesyndication.com/safeframe/1-0-41/html/container.html","https://a676858e910bb3786a8ee91b234dbae6.safeframe.googlesyndication.com/safeframe/1-0-41/html/container.html","https://www.google.com/recaptcha/api2/aframe","https://exchange.ops.co/sync.html?plIDs=10250016","chrome-error://chromewebdata/","chrome-error://chromewebdata/","chrome-error://chromewebdata/","chrome-error://chromewebdata/","chrome-error://chromewebdata/","chrome-error://chromewebdata/","chrome-error://chromewebdata/","chrome-error://chromewebdata/"],"page":"https://www.adn.com/section/sports/uaa-athletics/","workerid":0}}
{"timestamp":"2025-03-17T15:09:12.390Z","logLevel":"info","context":"behavior","message":"Run Script Started","details":{"frameUrl":"https://www.adn.com/section/sports/uaa-athletics/","page":"https://www.adn.com/section/sports/uaa-athletics/","workerid":0}}
{"timestamp":"2025-03-17T15:09:12.390Z","logLevel":"info","context":"behavior","message":"Run Script Started","details":{"frameUrl":"https://lpcdn.lpsnmedia.net/le_secure_storage/3.32.3-release_1655932912/storage.secure.min.html?loc=https%3A%2F%2Fwww.adn.com&site=75052514&env=prod&isCrossDomain=true&accdn=accdn.lpsnmedia.net","page":"https://www.adn.com/section/sports/uaa-athletics/","workerid":0}}
{"timestamp":"2025-03-17T15:09:12.390Z","logLevel":"info","context":"behavior","message":"Run Script Started","details":{"frameUrl":"https://va.idp.liveperson.net/postmessage/postmessage.min.html?bust=1742224147696&loc=https%3A%2F%2Fwww.adn.com","page":"https://www.adn.com/section/sports/uaa-athletics/","workerid":0}}
{"timestamp":"2025-03-17T15:09:12.390Z","logLevel":"info","context":"behavior","message":"Run Script Started","details":{"frameUrl":"https://a676858e910bb3786a8ee91b234dbae6.safeframe.googlesyndication.com/safeframe/1-0-41/html/container.html","page":"https://www.adn.com/section/sports/uaa-athletics/","workerid":0}}
{"timestamp":"2025-03-17T15:09:12.390Z","logLevel":"info","context":"behavior","message":"Run Script Started","details":{"frameUrl":"https://a676858e910bb3786a8ee91b234dbae6.safeframe.googlesyndication.com/safeframe/1-0-41/html/container.html","page":"https://www.adn.com/section/sports/uaa-athletics/","workerid":0}}
{"timestamp":"2025-03-17T15:09:12.390Z","logLevel":"info","context":"behavior","message":"Run Script Started","details":{"frameUrl":"https://a676858e910bb3786a8ee91b234dbae6.safeframe.googlesyndication.com/safeframe/1-0-41/html/container.html","page":"https://www.adn.com/section/sports/uaa-athletics/","workerid":0}}
{"timestamp":"2025-03-17T15:09:12.390Z","logLevel":"info","context":"behavior","message":"Run Script Started","details":{"frameUrl":"https://a676858e910bb3786a8ee91b234dbae6.safeframe.googlesyndication.com/safeframe/1-0-41/html/container.html","page":"https://www.adn.com/section/sports/uaa-athletics/","workerid":0}}
{"timestamp":"2025-03-17T15:09:12.390Z","logLevel":"info","context":"behavior","message":"Run Script Started","details":{"frameUrl":"https://www.google.com/recaptcha/api2/aframe","page":"https://www.adn.com/section/sports/uaa-athletics/","workerid":0}}
{"timestamp":"2025-03-17T15:09:12.390Z","logLevel":"info","context":"behavior","message":"Run Script Started","details":{"frameUrl":"https://exchange.ops.co/sync.html?plIDs=10250016","page":"https://www.adn.com/section/sports/uaa-athletics/","workerid":0}}
{"timestamp":"2025-03-17T15:09:12.390Z","logLevel":"info","context":"behavior","message":"Run Script Started","details":{"frameUrl":"chrome-error://chromewebdata/","page":"https://www.adn.com/section/sports/uaa-athletics/","workerid":0}}
{"timestamp":"2025-03-17T15:09:12.390Z","logLevel":"info","context":"behavior","message":"Run Script Started","details":{"frameUrl":"chrome-error://chromewebdata/","page":"https://www.adn.com/section/sports/uaa-athletics/","workerid":0}}
{"timestamp":"2025-03-17T15:09:12.390Z","logLevel":"info","context":"behavior","message":"Run Script Started","details":{"frameUrl":"chrome-error://chromewebdata/","page":"https://www.adn.com/section/sports/uaa-athletics/","workerid":0}}
{"timestamp":"2025-03-17T15:09:12.390Z","logLevel":"info","context":"behavior","message":"Run Script Started","details":{"frameUrl":"chrome-error://chromewebdata/","page":"https://www.adn.com/section/sports/uaa-athletics/","workerid":0}}
{"timestamp":"2025-03-17T15:09:12.390Z","logLevel":"info","context":"behavior","message":"Run Script Started","details":{"frameUrl":"chrome-error://chromewebdata/","page":"https://www.adn.com/section/sports/uaa-athletics/","workerid":0}}
{"timestamp":"2025-03-17T15:09:12.390Z","logLevel":"info","context":"behavior","message":"Run Script Started","details":{"frameUrl":"chrome-error://chromewebdata/","page":"https://www.adn.com/section/sports/uaa-athletics/","workerid":0}}
{"timestamp":"2025-03-17T15:09:12.390Z","logLevel":"info","context":"behavior","message":"Run Script Started","details":{"frameUrl":"chrome-error://chromewebdata/","page":"https://www.adn.com/section/sports/uaa-athletics/","workerid":0}}
{"timestamp":"2025-03-17T15:09:12.390Z","logLevel":"info","context":"behavior","message":"Run Script Started","details":{"frameUrl":"chrome-error://chromewebdata/","page":"https://www.adn.com/section/sports/uaa-athletics/","workerid":0}}
{"timestamp":"2025-03-17T15:09:12.406Z","logLevel":"info","context":"behaviorScript","message":"Behavior log","details":{"state":{"segments":1},"msg":"Skipping autoscroll, page seems to not be responsive to scrolling events","page":"https://www.adn.com/section/sports/uaa-athletics/","workerid":0}}
{"timestamp":"2025-03-17T15:09:12.406Z","logLevel":"info","context":"behaviorScript","message":"Behavior log","details":{"state":{"segments":1},"msg":"done!","page":"https://www.adn.com/section/sports/uaa-athletics/","workerid":0}}
{"timestamp":"2025-03-17T15:09:12.407Z","logLevel":"info","context":"behaviorScript","message":"Behavior log","details":{"state":{"segments":1},"msg":"Skipping autoscroll, page seems to not be responsive to scrolling events","page":"https://www.adn.com/section/sports/uaa-athletics/","workerid":0}}
{"timestamp":"2025-03-17T15:09:12.407Z","logLevel":"info","context":"behaviorScript","message":"Behavior log","details":{"state":{"segments":1},"msg":"done!","page":"https://www.adn.com/section/sports/uaa-athletics/","workerid":0}}
{"timestamp":"2025-03-17T15:09:12.408Z","logLevel":"info","context":"behaviorScript","message":"Behavior log","details":{"state":{"segments":1},"msg":"Skipping autoscroll, page seems to not be responsive to scrolling events","page":"https://www.adn.com/section/sports/uaa-athletics/","workerid":0}}
{"timestamp":"2025-03-17T15:09:12.408Z","logLevel":"info","context":"behaviorScript","message":"Behavior log","details":{"state":{"segments":1},"msg":"done!","page":"https://www.adn.com/section/sports/uaa-athletics/","workerid":0}}
{"timestamp":"2025-03-17T15:09:12.409Z","logLevel":"info","context":"behaviorScript","message":"Behavior log","details":{"state":{"segments":1},"msg":"Skipping autoscroll, page seems to not be responsive to scrolling events","page":"https://www.adn.com/section/sports/uaa-athletics/","workerid":0}}
{"timestamp":"2025-03-17T15:09:12.409Z","logLevel":"info","context":"behaviorScript","message":"Behavior log","details":{"state":{"segments":1},"msg":"done!","page":"https://www.adn.com/section/sports/uaa-athletics/","workerid":0}}
{"timestamp":"2025-03-17T15:09:12.410Z","logLevel":"info","context":"behaviorScript","message":"Behavior log","details":{"state":{"segments":1},"msg":"Skipping autoscroll, page seems to not be responsive to scrolling events","page":"https://www.adn.com/section/sports/uaa-athletics/","workerid":0}}
{"timestamp":"2025-03-17T15:09:12.410Z","logLevel":"info","context":"behaviorScript","message":"Behavior log","details":{"state":{"segments":1},"msg":"done!","page":"https://www.adn.com/section/sports/uaa-athletics/","workerid":0}}
{"timestamp":"2025-03-17T15:09:12.410Z","logLevel":"info","context":"behaviorScript","message":"Behavior log","details":{"state":{"segments":1},"msg":"Skipping autoscroll, page seems to not be responsive to scrolling events","page":"https://www.adn.com/section/sports/uaa-athletics/","workerid":0}}
{"timestamp":"2025-03-17T15:09:12.410Z","logLevel":"info","context":"behaviorScript","message":"Behavior log","details":{"state":{"segments":1},"msg":"done!","page":"https://www.adn.com/section/sports/uaa-athletics/","workerid":0}}
{"timestamp":"2025-03-17T15:09:12.411Z","logLevel":"info","context":"behaviorScript","message":"Behavior log","details":{"state":{"segments":1},"msg":"Skipping autoscroll, page seems to not be responsive to scrolling events","page":"https://www.adn.com/section/sports/uaa-athletics/","workerid":0}}
{"timestamp":"2025-03-17T15:09:12.411Z","logLevel":"info","context":"behaviorScript","message":"Behavior log","details":{"state":{"segments":1},"msg":"done!","page":"https://www.adn.com/section/sports/uaa-athletics/","workerid":0}}
{"timestamp":"2025-03-17T15:09:12.412Z","logLevel":"info","context":"behaviorScript","message":"Behavior log","details":{"state":{"segments":1},"msg":"Skipping autoscroll, page seems to not be responsive to scrolling events","page":"https://www.adn.com/section/sports/uaa-athletics/","workerid":0}}
{"timestamp":"2025-03-17T15:09:12.412Z","logLevel":"info","context":"behaviorScript","message":"Behavior log","details":{"state":{"segments":1},"msg":"done!","page":"https://www.adn.com/section/sports/uaa-athletics/","workerid":0}}
{"timestamp":"2025-03-17T15:09:12.412Z","logLevel":"info","context":"behaviorScript","message":"Behavior log","details":{"state":{"segments":1},"msg":"Skipping autoscroll, page seems to not be responsive to scrolling events","page":"https://www.adn.com/section/sports/uaa-athletics/","workerid":0}}
{"timestamp":"2025-03-17T15:09:12.413Z","logLevel":"info","context":"behaviorScript","message":"Behavior log","details":{"state":{"segments":1},"msg":"done!","page":"https://www.adn.com/section/sports/uaa-athletics/","workerid":0}}
{"timestamp":"2025-03-17T15:09:12.413Z","logLevel":"info","context":"behaviorScript","message":"Behavior log","details":{"state":{"segments":1},"msg":"Skipping autoscroll, page seems to not be responsive to scrolling events","page":"https://www.adn.com/section/sports/uaa-athletics/","workerid":0}}
{"timestamp":"2025-03-17T15:09:12.413Z","logLevel":"info","context":"behaviorScript","message":"Behavior log","details":{"state":{"segments":1},"msg":"done!","page":"https://www.adn.com/section/sports/uaa-athletics/","workerid":0}}
{"timestamp":"2025-03-17T15:09:12.414Z","logLevel":"info","context":"behaviorScript","message":"Behavior log","details":{"state":{"segments":1},"msg":"Skipping autoscroll, page seems to not be responsive to scrolling events","page":"https://www.adn.com/section/sports/uaa-athletics/","workerid":0}}
{"timestamp":"2025-03-17T15:09:12.414Z","logLevel":"info","context":"behaviorScript","message":"Behavior log","details":{"state":{"segments":1},"msg":"done!","page":"https://www.adn.com/section/sports/uaa-athletics/","workerid":0}}
{"timestamp":"2025-03-17T15:09:12.415Z","logLevel":"info","context":"behaviorScript","message":"Behavior log","details":{"state":{"segments":1},"msg":"Skipping autoscroll, page seems to not be responsive to scrolling events","page":"https://www.adn.com/section/sports/uaa-athletics/","workerid":0}}
{"timestamp":"2025-03-17T15:09:12.415Z","logLevel":"info","context":"behaviorScript","message":"Behavior log","details":{"state":{"segments":1},"msg":"done!","page":"https://www.adn.com/section/sports/uaa-athletics/","workerid":0}}
{"timestamp":"2025-03-17T15:09:12.416Z","logLevel":"info","context":"behaviorScript","message":"Behavior log","details":{"state":{"segments":1},"msg":"Skipping autoscroll, page seems to not be responsive to scrolling events","page":"https://www.adn.com/section/sports/uaa-athletics/","workerid":0}}
{"timestamp":"2025-03-17T15:09:12.416Z","logLevel":"info","context":"behaviorScript","message":"Behavior log","details":{"state":{"segments":1},"msg":"done!","page":"https://www.adn.com/section/sports/uaa-athletics/","workerid":0}}
{"timestamp":"2025-03-17T15:09:12.416Z","logLevel":"info","context":"behaviorScript","message":"Behavior log","details":{"state":{"segments":1},"msg":"Skipping autoscroll, page seems to not be responsive to scrolling events","page":"https://www.adn.com/section/sports/uaa-athletics/","workerid":0}}
{"timestamp":"2025-03-17T15:09:12.416Z","logLevel":"info","context":"behaviorScript","message":"Behavior log","details":{"state":{"segments":1},"msg":"done!","page":"https://www.adn.com/section/sports/uaa-athletics/","workerid":0}}
{"timestamp":"2025-03-17T15:09:12.417Z","logLevel":"info","context":"behaviorScript","message":"Behavior log","details":{"state":{"segments":1},"msg":"Skipping autoscroll, page seems to not be responsive to scrolling events","page":"https://www.adn.com/section/sports/uaa-athletics/","workerid":0}}
{"timestamp":"2025-03-17T15:09:12.417Z","logLevel":"info","context":"behaviorScript","message":"Behavior log","details":{"state":{"segments":1},"msg":"done!","page":"https://www.adn.com/section/sports/uaa-athletics/","workerid":0}}
{"timestamp":"2025-03-17T15:09:12.482Z","logLevel":"info","context":"behaviorScript","message":"Behavior log","details":{"state":{"segments":1},"msg":"Scrolling down by 30 pixels every 0.075 seconds","page":"https://www.adn.com/section/sports/uaa-athletics/","workerid":0}}
{"timestamp":"2025-03-17T15:09:12.911Z","logLevel":"info","context":"behavior","message":"Run Script Finished","details":{"frameUrl":"https://lpcdn.lpsnmedia.net/le_secure_storage/3.32.3-release_1655932912/storage.secure.min.html?loc=https%3A%2F%2Fwww.adn.com&site=75052514&env=prod&isCrossDomain=true&accdn=accdn.lpsnmedia.net","page":"https://www.adn.com/section/sports/uaa-athletics/","workerid":0}}
{"timestamp":"2025-03-17T15:09:12.911Z","logLevel":"info","context":"behavior","message":"Run Script Finished","details":{"frameUrl":"https://va.idp.liveperson.net/postmessage/postmessage.min.html?bust=1742224147696&loc=https%3A%2F%2Fwww.adn.com","page":"https://www.adn.com/section/sports/uaa-athletics/","workerid":0}}
{"timestamp":"2025-03-17T15:09:12.911Z","logLevel":"info","context":"behavior","message":"Run Script Finished","details":{"frameUrl":"https://a676858e910bb3786a8ee91b234dbae6.safeframe.googlesyndication.com/safeframe/1-0-41/html/container.html","page":"https://www.adn.com/section/sports/uaa-athletics/","workerid":0}}
{"timestamp":"2025-03-17T15:09:12.911Z","logLevel":"info","context":"behaviorScript","message":"Behavior log","details":{"state":{"segments":1},"msg":"Skipping autoscroll, page seems to not be responsive to scrolling events","page":"https://www.adn.com/section/sports/uaa-athletics/","workerid":0}}
{"timestamp":"2025-03-17T15:09:12.912Z","logLevel":"info","context":"behaviorScript","message":"Behavior log","details":{"state":{"segments":1},"msg":"done!","page":"https://www.adn.com/section/sports/uaa-athletics/","workerid":0}}
{"timestamp":"2025-03-17T15:09:12.912Z","logLevel":"info","context":"behavior","message":"Run Script Finished","details":{"frameUrl":"https://a676858e910bb3786a8ee91b234dbae6.safeframe.googlesyndication.com/safeframe/1-0-41/html/container.html","page":"https://www.adn.com/section/sports/uaa-athletics/","workerid":0}}
{"timestamp":"2025-03-17T15:09:12.912Z","logLevel":"info","context":"behavior","message":"Run Script Finished","details":{"frameUrl":"https://a676858e910bb3786a8ee91b234dbae6.safeframe.googlesyndication.com/safeframe/1-0-41/html/container.html","page":"https://www.adn.com/section/sports/uaa-athletics/","workerid":0}}
{"timestamp":"2025-03-17T15:09:12.912Z","logLevel":"info","context":"behavior","message":"Run Script Finished","details":{"frameUrl":"https://a676858e910bb3786a8ee91b234dbae6.safeframe.googlesyndication.com/safeframe/1-0-41/html/container.html","page":"https://www.adn.com/section/sports/uaa-athletics/","workerid":0}}
{"timestamp":"2025-03-17T15:09:12.912Z","logLevel":"info","context":"behavior","message":"Run Script Finished","details":{"frameUrl":"https://www.google.com/recaptcha/api2/aframe","page":"https://www.adn.com/section/sports/uaa-athletics/","workerid":0}}
{"timestamp":"2025-03-17T15:09:12.913Z","logLevel":"info","context":"behavior","message":"Run Script Finished","details":{"frameUrl":"https://exchange.ops.co/sync.html?plIDs=10250016","page":"https://www.adn.com/section/sports/uaa-athletics/","workerid":0}}
{"timestamp":"2025-03-17T15:09:12.913Z","logLevel":"info","context":"behavior","message":"Run Script Finished","details":{"frameUrl":"chrome-error://chromewebdata/","page":"https://www.adn.com/section/sports/uaa-athletics/","workerid":0}}
{"timestamp":"2025-03-17T15:09:12.913Z","logLevel":"info","context":"behavior","message":"Run Script Finished","details":{"frameUrl":"chrome-error://chromewebdata/","page":"https://www.adn.com/section/sports/uaa-athletics/","workerid":0}}
{"timestamp":"2025-03-17T15:09:12.913Z","logLevel":"info","context":"behavior","message":"Run Script Finished","details":{"frameUrl":"chrome-error://chromewebdata/","page":"https://www.adn.com/section/sports/uaa-athletics/","workerid":0}}
{"timestamp":"2025-03-17T15:09:12.915Z","logLevel":"info","context":"behavior","message":"Run Script Finished","details":{"frameUrl":"chrome-error://chromewebdata/","page":"https://www.adn.com/section/sports/uaa-athletics/","workerid":0}}
{"timestamp":"2025-03-17T15:09:12.915Z","logLevel":"info","context":"behavior","message":"Run Script Finished","details":{"frameUrl":"chrome-error://chromewebdata/","page":"https://www.adn.com/section/sports/uaa-athletics/","workerid":0}}
{"timestamp":"2025-03-17T15:09:12.916Z","logLevel":"info","context":"behavior","message":"Run Script Finished","details":{"frameUrl":"chrome-error://chromewebdata/","page":"https://www.adn.com/section/sports/uaa-athletics/","workerid":0}}
{"timestamp":"2025-03-17T15:09:12.917Z","logLevel":"info","context":"behavior","message":"Run Script Finished","details":{"frameUrl":"chrome-error://chromewebdata/","page":"https://www.adn.com/section/sports/uaa-athletics/","workerid":0}}
{"timestamp":"2025-03-17T15:09:12.917Z","logLevel":"info","context":"behavior","message":"Run Script Finished","details":{"frameUrl":"chrome-error://chromewebdata/","page":"https://www.adn.com/section/sports/uaa-athletics/","workerid":0}}
{"timestamp":"2025-03-17T15:09:12.944Z","logLevel":"info","context":"behaviorScript","message":"Behavior log","details":{"state":{"segments":1},"msg":"Scrolling down by 30 pixels every 0.075 seconds","page":"https://www.adn.com/section/sports/uaa-athletics/","workerid":0}}
{"timestamp":"2025-03-17T15:09:17.285Z","logLevel":"info","context":"behaviorScript","message":"Behavior log","details":{"state":{"segments":1},"msg":"Clicking 'Show More', awaiting more content","page":"https://www.adn.com/section/sports/uaa-athletics/","workerid":0}}
{"timestamp":"2025-03-17T15:09:17.572Z","logLevel":"info","context":"behaviorScript","message":"Behavior log","details":{"state":{"segments":1},"msg":"Scrolling down by 30 pixels every 0.075 seconds","page":"https://www.adn.com/section/sports/uaa-athletics/","workerid":0}}
{"timestamp":"2025-03-17T15:09:20.924Z","logLevel":"info","context":"behaviorScript","message":"Behavior log","details":{"state":{"segments":3},"msg":"Clicking 'Show More', awaiting more content","page":"https://www.adn.com/section/sports/uaa-athletics/","workerid":0}}
{"timestamp":"2025-03-17T15:09:24.648Z","logLevel":"info","context":"behaviorScript","message":"Behavior log","details":{"state":{"segments":7},"msg":"Clicking 'Show More', awaiting more content","page":"https://www.adn.com/section/sports/uaa-athletics/","workerid":0}}
{"timestamp":"2025-03-17T15:09:28.130Z","logLevel":"info","context":"behaviorScript","message":"Behavior log","details":{"state":{"segments":12},"msg":"Clicking 'Show More', awaiting more content","page":"https://www.adn.com/section/sports/uaa-athletics/","workerid":0}}
{"timestamp":"2025-03-17T15:09:31.527Z","logLevel":"info","context":"behaviorScript","message":"Behavior log","details":{"state":{"segments":17},"msg":"Clicking 'Show More', awaiting more content","page":"https://www.adn.com/section/sports/uaa-athletics/","workerid":0}}
{"timestamp":"2025-03-17T15:09:35.157Z","logLevel":"info","context":"behaviorScript","message":"Behavior log","details":{"state":{"segments":24},"msg":"Clicking 'Show More', awaiting more content","page":"https://www.adn.com/section/sports/uaa-athletics/","workerid":0}}
{"timestamp":"2025-03-17T15:09:38.800Z","logLevel":"info","context":"behaviorScript","message":"Behavior log","details":{"state":{"segments":29},"msg":"Clicking 'Show More', awaiting more content","page":"https://www.adn.com/section/sports/uaa-athletics/","workerid":0}}
{"timestamp":"2025-03-17T15:09:40.052Z","logLevel":"warn","context":"recorder","message":"Request failed","details":{"url":"https://www.adn.com/resizer/v2/WAKAUV34U5ENNBGJJDRAIHKQJI.jpg?smart=true&auth=e4e5b1c2bda0a37c78657200c00f94ce1e6ae1690471ffcc0d1c4bf51547ad82&width=1200&height=800","errorText":"net::ERR_HTTP2_PROTOCOL_ERROR","type":"Image","status":0,"page":"https://www.adn.com/section/sports/uaa-athletics/","workerid":0}}
{"timestamp":"2025-03-17T15:09:42.314Z","logLevel":"info","context":"behaviorScript","message":"Behavior log","details":{"state":{"segments":32},"msg":"Clicking 'Show More', awaiting more content","page":"https://www.adn.com/section/sports/uaa-athletics/","workerid":0}}
{"timestamp":"2025-03-17T15:09:46.127Z","logLevel":"info","context":"behaviorScript","message":"Behavior log","details":{"state":{"segments":35},"msg":"Clicking 'Show More', awaiting more content","page":"https://www.adn.com/section/sports/uaa-athletics/","workerid":0}}
{"timestamp":"2025-03-17T15:09:49.871Z","logLevel":"info","context":"behaviorScript","message":"Behavior log","details":{"state":{"segments":38},"msg":"Clicking 'Show More', awaiting more content","page":"https://www.adn.com/section/sports/uaa-athletics/","workerid":0}}
{"timestamp":"2025-03-17T15:09:53.469Z","logLevel":"info","context":"behaviorScript","message":"Behavior log","details":{"state":{"segments":44},"msg":"Clicking 'Show More', awaiting more content","page":"https://www.adn.com/section/sports/uaa-athletics/","workerid":0}}
{"timestamp":"2025-03-17T15:09:57.219Z","logLevel":"info","context":"behaviorScript","message":"Behavior log","details":{"state":{"segments":48},"msg":"Clicking 'Show More', awaiting more content","page":"https://www.adn.com/section/sports/uaa-athletics/","workerid":0}}
{"timestamp":"2025-03-17T15:10:00.898Z","logLevel":"info","context":"behaviorScript","message":"Behavior log","details":{"state":{"segments":53},"msg":"Clicking 'Show More', awaiting more content","page":"https://www.adn.com/section/sports/uaa-athletics/","workerid":0}}
{"timestamp":"2025-03-17T15:10:04.636Z","logLevel":"info","context":"behaviorScript","message":"Behavior log","details":{"state":{"segments":56},"msg":"Clicking 'Show More', awaiting more content","page":"https://www.adn.com/section/sports/uaa-athletics/","workerid":0}}
{"timestamp":"2025-03-17T15:10:08.236Z","logLevel":"info","context":"behaviorScript","message":"Behavior log","details":{"state":{"segments":61},"msg":"Clicking 'Show More', awaiting more content","page":"https://www.adn.com/section/sports/uaa-athletics/","workerid":0}}
{"timestamp":"2025-03-17T15:10:12.149Z","logLevel":"info","context":"behaviorScript","message":"Behavior log","details":{"state":{"segments":67},"msg":"Clicking 'Show More', awaiting more content","page":"https://www.adn.com/section/sports/uaa-athletics/","workerid":0}}
{"timestamp":"2025-03-17T15:10:15.832Z","logLevel":"info","context":"behaviorScript","message":"Behavior log","details":{"state":{"segments":69},"msg":"Clicking 'Show More', awaiting more content","page":"https://www.adn.com/section/sports/uaa-athletics/","workerid":0}}
{"timestamp":"2025-03-17T15:10:19.521Z","logLevel":"info","context":"behaviorScript","message":"Behavior log","details":{"state":{"segments":75},"msg":"Clicking 'Show More', awaiting more content","page":"https://www.adn.com/section/sports/uaa-athletics/","workerid":0}}
{"timestamp":"2025-03-17T15:10:23.297Z","logLevel":"info","context":"behaviorScript","message":"Behavior log","details":{"state":{"segments":77},"msg":"Clicking 'Show More', awaiting more content","page":"https://www.adn.com/section/sports/uaa-athletics/","workerid":0}}
{"timestamp":"2025-03-17T15:10:26.986Z","logLevel":"info","context":"behaviorScript","message":"Behavior log","details":{"state":{"segments":82},"msg":"Clicking 'Show More', awaiting more content","page":"https://www.adn.com/section/sports/uaa-athletics/","workerid":0}}
{"timestamp":"2025-03-17T15:10:30.786Z","logLevel":"info","context":"behaviorScript","message":"Behavior log","details":{"state":{"segments":88},"msg":"Clicking 'Show More', awaiting more content","page":"https://www.adn.com/section/sports/uaa-athletics/","workerid":0}}
{"timestamp":"2025-03-17T15:10:34.419Z","logLevel":"info","context":"behaviorScript","message":"Behavior log","details":{"state":{"segments":94},"msg":"Clicking 'Show More', awaiting more content","page":"https://www.adn.com/section/sports/uaa-athletics/","workerid":0}}
{"timestamp":"2025-03-17T15:10:38.383Z","logLevel":"info","context":"behaviorScript","message":"Behavior log","details":{"state":{"segments":98},"msg":"Clicking 'Show More', awaiting more content","page":"https://www.adn.com/section/sports/uaa-athletics/","workerid":0}}
{"timestamp":"2025-03-17T15:10:42.107Z","logLevel":"info","context":"behaviorScript","message":"Behavior log","details":{"state":{"segments":101},"msg":"Clicking 'Show More', awaiting more content","page":"https://www.adn.com/section/sports/uaa-athletics/","workerid":0}}
{"timestamp":"2025-03-17T15:10:42.391Z","logLevel":"warn","context":"behavior","message":"Behaviors timed out","details":{"seconds":90,"page":"https://www.adn.com/section/sports/uaa-athletics/","workerid":0}}
{"timestamp":"2025-03-17T15:10:44.606Z","logLevel":"info","context":"pageStatus","message":"Page Finished","details":{"loadState":3,"page":"https://www.adn.com/section/sports/uaa-athletics/","workerid":0}}
{"timestamp":"2025-03-17T15:10:44.616Z","logLevel":"info","context":"worker","message":"Worker done, all tasks complete","details":{"workerid":0}}
{"timestamp":"2025-03-17T15:10:45.882Z","logLevel":"info","context":"behaviorScript","message":"Behavior log","details":{"state":{"segments":106},"msg":"Clicking 'Show More', awaiting more content","page":"https://www.adn.com/section/sports/uaa-athletics/","workerid":0}}
{"timestamp":"2025-03-17T15:10:49.608Z","logLevel":"info","context":"behaviorScript","message":"Behavior log","details":{"state":{"segments":110},"msg":"Clicking 'Show More', awaiting more content","page":"https://www.adn.com/section/sports/uaa-athletics/","workerid":0}}
{"timestamp":"2025-03-17T15:10:53.342Z","logLevel":"info","context":"behaviorScript","message":"Behavior log","details":{"state":{"segments":113},"msg":"Clicking 'Show More', awaiting more content","page":"https://www.adn.com/section/sports/uaa-athletics/","workerid":0}}
{"timestamp":"2025-03-17T15:10:57.044Z","logLevel":"info","context":"behaviorScript","message":"Behavior log","details":{"state":{"segments":120},"msg":"Clicking 'Show More', awaiting more content","page":"https://www.adn.com/section/sports/uaa-athletics/","workerid":0}}
{"timestamp":"2025-03-17T15:11:00.682Z","logLevel":"info","context":"behaviorScript","message":"Behavior log","details":{"state":{"segments":125},"msg":"Clicking 'Show More', awaiting more content","page":"https://www.adn.com/section/sports/uaa-athletics/","workerid":0}}
{"timestamp":"2025-03-17T15:11:04.473Z","logLevel":"info","context":"behaviorScript","message":"Behavior log","details":{"state":{"segments":130},"msg":"Clicking 'Show More', awaiting more content","page":"https://www.adn.com/section/sports/uaa-athletics/","workerid":0}}
{"timestamp":"2025-03-17T15:11:08.150Z","logLevel":"info","context":"behaviorScript","message":"Behavior log","details":{"state":{"segments":137},"msg":"Clicking 'Show More', awaiting more content","page":"https://www.adn.com/section/sports/uaa-athletics/","workerid":0}}
{"timestamp":"2025-03-17T15:11:12.046Z","logLevel":"info","context":"behaviorScript","message":"Behavior log","details":{"state":{"segments":143},"msg":"Clicking 'Show More', awaiting more content","page":"https://www.adn.com/section/sports/uaa-athletics/","workerid":0}}
{"timestamp":"2025-03-17T15:11:15.699Z","logLevel":"info","context":"behaviorScript","message":"Behavior log","details":{"state":{"segments":149},"msg":"Clicking 'Show More', awaiting more content","page":"https://www.adn.com/section/sports/uaa-athletics/","workerid":0}}
{"timestamp":"2025-03-17T15:11:19.451Z","logLevel":"info","context":"behaviorScript","message":"Behavior log","details":{"state":{"segments":155},"msg":"Clicking 'Show More', awaiting more content","page":"https://www.adn.com/section/sports/uaa-athletics/","workerid":0}}
{"timestamp":"2025-03-17T15:11:22.732Z","logLevel":"info","context":"behaviorScript","message":"Behavior log","details":{"state":{"segments":157},"msg":"Clicking 'Show More', awaiting more content","page":"https://www.adn.com/section/sports/uaa-athletics/","workerid":0}}
{"timestamp":"2025-03-17T15:11:26.643Z","logLevel":"info","context":"behaviorScript","message":"Behavior log","details":{"state":{"segments":165},"msg":"Clicking 'Show More', awaiting more content","page":"https://www.adn.com/section/sports/uaa-athletics/","workerid":0}}
{"timestamp":"2025-03-17T15:11:30.380Z","logLevel":"info","context":"behaviorScript","message":"Behavior log","details":{"state":{"segments":173},"msg":"Clicking 'Show More', awaiting more content","page":"https://www.adn.com/section/sports/uaa-athletics/","workerid":0}}
{"timestamp":"2025-03-17T15:11:33.973Z","logLevel":"info","context":"behaviorScript","message":"Behavior log","details":{"state":{"segments":178},"msg":"Clicking 'Show More', awaiting more content","page":"https://www.adn.com/section/sports/uaa-athletics/","workerid":0}}
{"timestamp":"2025-03-17T15:11:37.827Z","logLevel":"info","context":"behaviorScript","message":"Behavior log","details":{"state":{"segments":184},"msg":"Clicking 'Show More', awaiting more content","page":"https://www.adn.com/section/sports/uaa-athletics/","workerid":0}}
{"timestamp":"2025-03-17T15:11:41.201Z","logLevel":"info","context":"behaviorScript","message":"Behavior log","details":{"state":{"segments":189},"msg":"Clicking 'Show More', awaiting more content","page":"https://www.adn.com/section/sports/uaa-athletics/","workerid":0}}
{"timestamp":"2025-03-17T15:11:45.111Z","logLevel":"info","context":"behaviorScript","message":"Behavior log","details":{"state":{"segments":197},"msg":"Clicking 'Show More', awaiting more content","page":"https://www.adn.com/section/sports/uaa-athletics/","workerid":0}}
{"timestamp":"2025-03-17T15:11:48.978Z","logLevel":"info","context":"behaviorScript","message":"Behavior log","details":{"state":{"segments":206},"msg":"Clicking 'Show More', awaiting more content","page":"https://www.adn.com/section/sports/uaa-athletics/","workerid":0}}
{"timestamp":"2025-03-17T15:11:52.755Z","logLevel":"info","context":"behaviorScript","message":"Behavior log","details":{"state":{"segments":211},"msg":"Clicking 'Show More', awaiting more content","page":"https://www.adn.com/section/sports/uaa-athletics/","workerid":0}}
{"timestamp":"2025-03-17T15:11:56.288Z","logLevel":"info","context":"behaviorScript","message":"Behavior log","details":{"state":{"segments":215},"msg":"Clicking 'Show More', awaiting more content","page":"https://www.adn.com/section/sports/uaa-athletics/","workerid":0}}
{"timestamp":"2025-03-17T15:12:00.298Z","logLevel":"info","context":"behaviorScript","message":"Behavior log","details":{"state":{"segments":219},"msg":"Clicking 'Show More', awaiting more content","page":"https://www.adn.com/section/sports/uaa-athletics/","workerid":0}}
{"timestamp":"2025-03-17T15:12:04.171Z","logLevel":"info","context":"behaviorScript","message":"Behavior log","details":{"state":{"segments":225},"msg":"Clicking 'Show More', awaiting more content","page":"https://www.adn.com/section/sports/uaa-athletics/","workerid":0}}
{"timestamp":"2025-03-17T15:12:07.968Z","logLevel":"info","context":"behaviorScript","message":"Behavior log","details":{"state":{"segments":231},"msg":"Clicking 'Show More', awaiting more content","page":"https://www.adn.com/section/sports/uaa-athletics/","workerid":0}}
{"timestamp":"2025-03-17T15:12:11.680Z","logLevel":"info","context":"behaviorScript","message":"Behavior log","details":{"state":{"segments":238},"msg":"Clicking 'Show More', awaiting more content","page":"https://www.adn.com/section/sports/uaa-athletics/","workerid":0}}
{"timestamp":"2025-03-17T15:12:15.169Z","logLevel":"info","context":"behaviorScript","message":"Behavior log","details":{"state":{"segments":242},"msg":"Clicking 'Show More', awaiting more content","page":"https://www.adn.com/section/sports/uaa-athletics/","workerid":0}}
{"timestamp":"2025-03-17T15:12:19.207Z","logLevel":"info","context":"behaviorScript","message":"Behavior log","details":{"state":{"segments":249},"msg":"Clicking 'Show More', awaiting more content","page":"https://www.adn.com/section/sports/uaa-athletics/","workerid":0}}
{"timestamp":"2025-03-17T15:12:23.018Z","logLevel":"info","context":"behaviorScript","message":"Behavior log","details":{"state":{"segments":252},"msg":"Clicking 'Show More', awaiting more content","page":"https://www.adn.com/section/sports/uaa-athletics/","workerid":0}}
{"timestamp":"2025-03-17T15:12:27.054Z","logLevel":"info","context":"behaviorScript","message":"Behavior log","details":{"state":{"segments":257},"msg":"Clicking 'Show More', awaiting more content","page":"https://www.adn.com/section/sports/uaa-athletics/","workerid":0}}
{"timestamp":"2025-03-17T15:12:30.712Z","logLevel":"info","context":"behaviorScript","message":"Behavior log","details":{"state":{"segments":262},"msg":"Clicking 'Show More', awaiting more content","page":"https://www.adn.com/section/sports/uaa-athletics/","workerid":0}}
{"timestamp":"2025-03-17T15:12:34.533Z","logLevel":"info","context":"behaviorScript","message":"Behavior log","details":{"state":{"segments":266},"msg":"Clicking 'Show More', awaiting more content","page":"https://www.adn.com/section/sports/uaa-athletics/","workerid":0}}
{"timestamp":"2025-03-17T15:12:38.121Z","logLevel":"info","context":"behaviorScript","message":"Behavior log","details":{"state":{"segments":270},"msg":"Clicking 'Show More', awaiting more content","page":"https://www.adn.com/section/sports/uaa-athletics/","workerid":0}}
{"timestamp":"2025-03-17T15:12:42.090Z","logLevel":"info","context":"behaviorScript","message":"Behavior log","details":{"state":{"segments":274},"msg":"Clicking 'Show More', awaiting more content","page":"https://www.adn.com/section/sports/uaa-athletics/","workerid":0}}
{"timestamp":"2025-03-17T15:12:46.033Z","logLevel":"info","context":"behaviorScript","message":"Behavior log","details":{"state":{"segments":280},"msg":"Clicking 'Show More', awaiting more content","page":"https://www.adn.com/section/sports/uaa-athletics/","workerid":0}}
{"timestamp":"2025-03-17T15:12:49.866Z","logLevel":"info","context":"behaviorScript","message":"Behavior log","details":{"state":{"segments":286},"msg":"Clicking 'Show More', awaiting more content","page":"https://www.adn.com/section/sports/uaa-athletics/","workerid":0}}
{"timestamp":"2025-03-17T15:12:53.711Z","logLevel":"info","context":"behaviorScript","message":"Behavior log","details":{"state":{"segments":291},"msg":"Clicking 'Show More', awaiting more content","page":"https://www.adn.com/section/sports/uaa-athletics/","workerid":0}}
{"timestamp":"2025-03-17T15:12:57.630Z","logLevel":"info","context":"behaviorScript","message":"Behavior log","details":{"state":{"segments":296},"msg":"Clicking 'Show More', awaiting more content","page":"https://www.adn.com/section/sports/uaa-athletics/","workerid":0}}
{"timestamp":"2025-03-17T15:13:01.547Z","logLevel":"info","context":"behaviorScript","message":"Behavior log","details":{"state":{"segments":303},"msg":"Clicking 'Show More', awaiting more content","page":"https://www.adn.com/section/sports/uaa-athletics/","workerid":0}}
{"timestamp":"2025-03-17T15:13:05.450Z","logLevel":"info","context":"behaviorScript","message":"Behavior log","details":{"state":{"segments":306},"msg":"Clicking 'Show More', awaiting more content","page":"https://www.adn.com/section/sports/uaa-athletics/","workerid":0}}
{"timestamp":"2025-03-17T15:13:09.284Z","logLevel":"info","context":"behaviorScript","message":"Behavior log","details":{"state":{"segments":311},"msg":"Clicking 'Show More', awaiting more content","page":"https://www.adn.com/section/sports/uaa-athletics/","workerid":0}}
{"timestamp":"2025-03-17T15:13:13.144Z","logLevel":"info","context":"behaviorScript","message":"Behavior log","details":{"state":{"segments":313},"msg":"Clicking 'Show More', awaiting more content","page":"https://www.adn.com/section/sports/uaa-athletics/","workerid":0}}
{"timestamp":"2025-03-17T15:13:17.243Z","logLevel":"info","context":"behaviorScript","message":"Behavior log","details":{"state":{"segments":316},"msg":"Clicking 'Show More', awaiting more content","page":"https://www.adn.com/section/sports/uaa-athletics/","workerid":0}}
{"timestamp":"2025-03-17T15:13:21.201Z","logLevel":"info","context":"behaviorScript","message":"Behavior log","details":{"state":{"segments":318},"msg":"Clicking 'Show More', awaiting more content","page":"https://www.adn.com/section/sports/uaa-athletics/","workerid":0}}
{"timestamp":"2025-03-17T15:13:25.150Z","logLevel":"info","context":"behaviorScript","message":"Behavior log","details":{"state":{"segments":321},"msg":"Clicking 'Show More', awaiting more content","page":"https://www.adn.com/section/sports/uaa-athletics/","workerid":0}}
{"timestamp":"2025-03-17T15:13:29.131Z","logLevel":"info","context":"behaviorScript","message":"Behavior log","details":{"state":{"segments":324},"msg":"Clicking 'Show More', awaiting more content","page":"https://www.adn.com/section/sports/uaa-athletics/","workerid":0}}
{"timestamp":"2025-03-17T15:13:33.100Z","logLevel":"info","context":"behaviorScript","message":"Behavior log","details":{"state":{"segments":326},"msg":"Clicking 'Show More', awaiting more content","page":"https://www.adn.com/section/sports/uaa-athletics/","workerid":0}}
{"timestamp":"2025-03-17T15:13:37.081Z","logLevel":"info","context":"behaviorScript","message":"Behavior log","details":{"state":{"segments":329},"msg":"Clicking 'Show More', awaiting more content","page":"https://www.adn.com/section/sports/uaa-athletics/","workerid":0}}
{"timestamp":"2025-03-17T15:13:41.038Z","logLevel":"info","context":"behaviorScript","message":"Behavior log","details":{"state":{"segments":333},"msg":"Clicking 'Show More', awaiting more content","page":"https://www.adn.com/section/sports/uaa-athletics/","workerid":0}}
{"timestamp":"2025-03-17T15:13:45.035Z","logLevel":"info","context":"behaviorScript","message":"Behavior log","details":{"state":{"segments":336},"msg":"Clicking 'Show More', awaiting more content","page":"https://www.adn.com/section/sports/uaa-athletics/","workerid":0}}
{"timestamp":"2025-03-17T15:13:49.025Z","logLevel":"info","context":"behaviorScript","message":"Behavior log","details":{"state":{"segments":338},"msg":"Clicking 'Show More', awaiting more content","page":"https://www.adn.com/section/sports/uaa-athletics/","workerid":0}}
{"timestamp":"2025-03-17T15:13:53.085Z","logLevel":"info","context":"behaviorScript","message":"Behavior log","details":{"state":{"segments":341},"msg":"Clicking 'Show More', awaiting more content","page":"https://www.adn.com/section/sports/uaa-athletics/","workerid":0}}
{"timestamp":"2025-03-17T15:13:54.624Z","logLevel":"error","context":"recorder","message":"Finishing Fetch Timed Out","details":{"seconds":190,"page":"https://www.adn.com/section/sports/uaa-athletics/","workerid":0}}
{"timestamp":"2025-03-17T15:13:54.667Z","logLevel":"warn","context":"behavior","message":"Behavior run partially failed","details":{"reason":{"type":"exception","message":"Protocol error (Runtime.evaluate): Target closed","stack":"TargetCloseError: Protocol error (Runtime.evaluate): Target closed\n    at CallbackRegistry.clear (file:///app/node_modules/puppeteer-core/lib/esm/puppeteer/common/CallbackRegistry.js:77:36)\n    at CdpCDPSession._onClosed (file:///app/node_modules/puppeteer-core/lib/esm/puppeteer/cdp/CDPSession.js:106:25)\n    at Connection.onMessage (file:///app/node_modules/puppeteer-core/lib/esm/puppeteer/cdp/Connection.js:130:25)\n    at WebSocket.<anonymous> (file:///app/node_modules/puppeteer-core/lib/esm/puppeteer/node/NodeWebSocketTransport.js:38:32)\n    at callListener (/app/node_modules/puppeteer-core/node_modules/ws/lib/event-target.js:290:14)\n    at WebSocket.onMessage (/app/node_modules/puppeteer-core/node_modules/ws/lib/event-target.js:209:9)\n    at WebSocket.emit (node:events:518:28)\n    at Receiver.receiverOnMessage (/app/node_modules/puppeteer-core/node_modules/ws/lib/websocket.js:1220:20)\n    at Receiver.emit (node:events:518:28)\n    at Immediate.<anonymous> (/app/node_modules/puppeteer-core/node_modules/ws/lib/receiver.js:601:16)"},"page":"https://www.adn.com/section/sports/uaa-athletics/","workerid":0}}
{"timestamp":"2025-03-17T15:13:54.667Z","logLevel":"info","context":"behavior","message":"Behaviors finished","details":{"finished":17,"page":"https://www.adn.com/section/sports/uaa-athletics/","workerid":0}}
{"timestamp":"2025-03-17T15:13:54.677Z","logLevel":"warn","context":"recorder","message":"Failed to load response body","details":{"url":"https://www.adn.com/resizer/v2/B62KX3XSZJAHZFFCDXAS6IHVAY.JPG?smart=true&auth=07f156e0a97e10bbf4f9e28b23d1025e5bf1151723c1cfee68812e0e03f12a6d&width=1200&height=800","networkId":"161.1784","type":"exception","message":"Protocol error (Fetch.getResponseBody): Target closed","stack":"TargetCloseError: Protocol error (Fetch.getResponseBody): Target closed\n    at CallbackRegistry.clear (file:///app/node_modules/puppeteer-core/lib/esm/puppeteer/common/CallbackRegistry.js:77:36)\n    at CdpCDPSession._onClosed (file:///app/node_modules/puppeteer-core/lib/esm/puppeteer/cdp/CDPSession.js:106:25)\n    at #onClose (file:///app/node_modules/puppeteer-core/lib/esm/puppeteer/cdp/Connection.js:171:21)\n    at WebSocket.<anonymous> (file:///app/node_modules/puppeteer-core/lib/esm/puppeteer/node/NodeWebSocketTransport.js:43:30)\n    at callListener (/app/node_modules/puppeteer-core/node_modules/ws/lib/event-target.js:290:14)\n    at WebSocket.onClose (/app/node_modules/puppeteer-core/node_modules/ws/lib/event-target.js:220:9)\n    at WebSocket.emit (node:events:518:28)\n    at WebSocket.emitClose (/app/node_modules/puppeteer-core/node_modules/ws/lib/websocket.js:272:10)\n    at Socket.socketOnClose (/app/node_modules/puppeteer-core/node_modules/ws/lib/websocket.js:1341:15)\n    at Socket.emit (node:events:518:28)","page":"https://www.adn.com/section/sports/uaa-athletics/","workerid":0}}
{"timestamp":"2025-03-17T15:13:54.728Z","logLevel":"info","context":"crawlStatus","message":"Crawl statistics","details":{"crawled":1,"total":1,"pending":0,"failed":0,"limit":{"max":0,"hit":false},"pendingPages":[]}}
{"timestamp":"2025-03-17T15:13:54.729Z","logLevel":"info","context":"general","message":"Crawling done","details":{}}
{"timestamp":"2025-03-17T15:13:54.729Z","logLevel":"info","context":"general","message":"Merging CDX","details":{}}
{"timestamp":"2025-03-17T15:13:54.761Z","logLevel":"info","context":"general","message":"Generating WACZ","details":{}}
{"timestamp":"2025-03-17T15:13:54.764Z","logLevel":"info","context":"general","message":"Num WARC Files: 1","details":{}}
